[2024-01-12T16:17:36.331-0300] {taskinstance.py:1957} INFO - Dependencies all met for dep_context=non-requeueable deps ti=<TaskInstance: model_adventureworks_sales_category.checks_report scheduled__2024-01-11T00:00:00+00:00 [queued]>
[2024-01-12T16:17:36.342-0300] {taskinstance.py:1957} INFO - Dependencies all met for dep_context=requeueable deps ti=<TaskInstance: model_adventureworks_sales_category.checks_report scheduled__2024-01-11T00:00:00+00:00 [queued]>
[2024-01-12T16:17:36.342-0300] {taskinstance.py:2171} INFO - Starting attempt 1 of 2
[2024-01-12T16:17:36.375-0300] {taskinstance.py:2192} INFO - Executing <Task(PythonVirtualenvOperator): checks_report> on 2024-01-11 00:00:00+00:00
[2024-01-12T16:17:36.386-0300] {standard_task_runner.py:60} INFO - Started process 35870 to run task
[2024-01-12T16:17:36.393-0300] {standard_task_runner.py:87} INFO - Running: ['airflow', 'tasks', 'run', 'model_adventureworks_sales_category', 'checks_report', 'scheduled__2024-01-11T00:00:00+00:00', '--job-id', '38', '--raw', '--subdir', 'DAGS_FOLDER/model_sales_category.py', '--cfg-path', '/tmp/tmp_cudgmm5']
[2024-01-12T16:17:36.396-0300] {standard_task_runner.py:88} INFO - Job 38: Subtask checks_report
[2024-01-12T16:17:36.513-0300] {task_command.py:423} INFO - Running <TaskInstance: model_adventureworks_sales_category.checks_report scheduled__2024-01-11T00:00:00+00:00 [running]> on host LAPTOP-MELTBPNS.
[2024-01-12T16:17:36.623-0300] {taskinstance.py:2481} INFO - Exporting env vars: AIRFLOW_CTX_DAG_OWNER='soda_core' AIRFLOW_CTX_DAG_ID='model_adventureworks_sales_category' AIRFLOW_CTX_TASK_ID='checks_report' AIRFLOW_CTX_EXECUTION_DATE='2024-01-11T00:00:00+00:00' AIRFLOW_CTX_TRY_NUMBER='1' AIRFLOW_CTX_DAG_RUN_ID='scheduled__2024-01-11T00:00:00+00:00'
[2024-01-12T16:17:36.625-0300] {process_utils.py:182} INFO - Executing cmd: /home/user/projects/newproj/soda/.venv/bin/python -m virtualenv /tmp/venvwwpfwa8x --python=python
[2024-01-12T16:17:36.626-0300] {process_utils.py:186} INFO - Output:
[2024-01-12T16:17:36.978-0300] {process_utils.py:190} INFO - created virtual environment CPython3.10.12.final.0-64 in 248ms
[2024-01-12T16:17:36.978-0300] {process_utils.py:190} INFO -   creator CPython3Posix(dest=/tmp/venvwwpfwa8x, clear=False, no_vcs_ignore=False, global=False)
[2024-01-12T16:17:36.978-0300] {process_utils.py:190} INFO -   seeder FromAppData(download=False, pip=bundle, setuptools=bundle, wheel=bundle, via=copy, app_data_dir=/home/user/.local/share/virtualenv)
[2024-01-12T16:17:36.978-0300] {process_utils.py:190} INFO -     added seed packages: pip==23.3.2, setuptools==69.0.3, wheel==0.42.0
[2024-01-12T16:17:36.978-0300] {process_utils.py:190} INFO -   activators BashActivator,CShellActivator,FishActivator,NushellActivator,PowerShellActivator,PythonActivator
[2024-01-12T16:17:37.025-0300] {process_utils.py:182} INFO - Executing cmd: /tmp/venvwwpfwa8x/bin/pip install -r /tmp/venvwwpfwa8x/requirements.txt
[2024-01-12T16:17:37.026-0300] {process_utils.py:186} INFO - Output:
[2024-01-12T16:17:38.426-0300] {process_utils.py:190} INFO - Looking in indexes: https://pypi.cloud.soda.io
[2024-01-12T16:17:39.956-0300] {process_utils.py:190} INFO - Collecting soda-postgres (from -r /tmp/venvwwpfwa8x/requirements.txt (line 2))
[2024-01-12T16:17:40.196-0300] {process_utils.py:190} INFO -   Downloading https://pypi.cloud.soda.io/packages/soda_postgres-1.2.0-py3-none-any.whl (5.2 kB)
[2024-01-12T16:17:40.712-0300] {process_utils.py:190} INFO - Collecting soda-scientific (from -r /tmp/venvwwpfwa8x/requirements.txt (line 3))
[2024-01-12T16:17:40.956-0300] {process_utils.py:190} INFO -   Downloading https://pypi.cloud.soda.io/packages/soda_scientific-1.2.0-py3-none-any.whl (21 kB)
[2024-01-12T16:17:41.473-0300] {process_utils.py:190} INFO - Collecting soda==1.2.0 (from soda-postgres->-r /tmp/venvwwpfwa8x/requirements.txt (line 2))
[2024-01-12T16:17:41.711-0300] {process_utils.py:190} INFO -   Downloading https://pypi.cloud.soda.io/packages/soda-1.2.0-py3-none-any.whl (253 kB)
[2024-01-12T16:17:42.438-0300] {process_utils.py:190} INFO -      ━━━━━━━━━━━━━━━━━━━━━━━━━━━━━━━━━━━━━━━━ 253.1/253.1 kB 335.6 kB/s eta 0:00:00
[2024-01-12T16:17:43.181-0300] {process_utils.py:190} INFO - Collecting psycopg2-binary<3.0,>=2.8.5 (from soda-postgres->-r /tmp/venvwwpfwa8x/requirements.txt (line 2))
[2024-01-12T16:17:43.184-0300] {process_utils.py:190} INFO -   Using cached psycopg2_binary-2.9.9-cp310-cp310-manylinux_2_17_x86_64.manylinux2014_x86_64.whl.metadata (4.4 kB)
[2024-01-12T16:17:43.797-0300] {process_utils.py:190} INFO - Collecting markupsafe<=2.1.2,>=2.0.1 (from soda==1.2.0->soda-postgres->-r /tmp/venvwwpfwa8x/requirements.txt (line 2))
[2024-01-12T16:17:43.804-0300] {process_utils.py:190} INFO -   Using cached MarkupSafe-2.1.2-cp310-cp310-manylinux_2_17_x86_64.manylinux2014_x86_64.whl (25 kB)
[2024-01-12T16:17:44.353-0300] {process_utils.py:190} INFO - Collecting Jinja2<4.0,>=2.11 (from soda==1.2.0->soda-postgres->-r /tmp/venvwwpfwa8x/requirements.txt (line 2))
[2024-01-12T16:17:44.355-0300] {process_utils.py:190} INFO -   Using cached Jinja2-3.1.3-py3-none-any.whl.metadata (3.3 kB)
[2024-01-12T16:17:44.902-0300] {process_utils.py:190} INFO - Collecting click~=8.0 (from soda==1.2.0->soda-postgres->-r /tmp/venvwwpfwa8x/requirements.txt (line 2))
[2024-01-12T16:17:44.903-0300] {process_utils.py:190} INFO -   Using cached click-8.1.7-py3-none-any.whl.metadata (3.0 kB)
[2024-01-12T16:17:45.617-0300] {process_utils.py:190} INFO - Collecting ruamel.yaml<0.18.0,>=0.17.0 (from soda==1.2.0->soda-postgres->-r /tmp/venvwwpfwa8x/requirements.txt (line 2))
[2024-01-12T16:17:45.619-0300] {process_utils.py:190} INFO -   Using cached ruamel.yaml-0.17.40-py3-none-any.whl.metadata (19 kB)
[2024-01-12T16:17:46.186-0300] {process_utils.py:190} INFO - Collecting requests~=2.28 (from soda==1.2.0->soda-postgres->-r /tmp/venvwwpfwa8x/requirements.txt (line 2))
[2024-01-12T16:17:46.188-0300] {process_utils.py:190} INFO -   Using cached requests-2.31.0-py3-none-any.whl.metadata (4.6 kB)
[2024-01-12T16:17:46.719-0300] {process_utils.py:190} INFO - Collecting antlr4-python3-runtime~=4.11.1 (from soda==1.2.0->soda-postgres->-r /tmp/venvwwpfwa8x/requirements.txt (line 2))
[2024-01-12T16:17:46.721-0300] {process_utils.py:190} INFO -   Using cached antlr4_python3_runtime-4.11.1-py3-none-any.whl (144 kB)
[2024-01-12T16:17:47.276-0300] {process_utils.py:190} INFO - Collecting opentelemetry-api~=1.16.0 (from soda==1.2.0->soda-postgres->-r /tmp/venvwwpfwa8x/requirements.txt (line 2))
[2024-01-12T16:17:47.278-0300] {process_utils.py:190} INFO -   Using cached opentelemetry_api-1.16.0-py3-none-any.whl (57 kB)
[2024-01-12T16:17:47.821-0300] {process_utils.py:190} INFO - Collecting opentelemetry-exporter-otlp-proto-http~=1.16.0 (from soda==1.2.0->soda-postgres->-r /tmp/venvwwpfwa8x/requirements.txt (line 2))
[2024-01-12T16:17:47.823-0300] {process_utils.py:190} INFO -   Using cached opentelemetry_exporter_otlp_proto_http-1.16.0-py3-none-any.whl (21 kB)
[2024-01-12T16:17:48.354-0300] {process_utils.py:190} INFO - Collecting sqlparse~=0.4 (from soda==1.2.0->soda-postgres->-r /tmp/venvwwpfwa8x/requirements.txt (line 2))
[2024-01-12T16:17:48.355-0300] {process_utils.py:190} INFO -   Using cached sqlparse-0.4.4-py3-none-any.whl (41 kB)
[2024-01-12T16:17:48.909-0300] {process_utils.py:190} INFO - Collecting inflect~=7.0 (from soda==1.2.0->soda-postgres->-r /tmp/venvwwpfwa8x/requirements.txt (line 2))
[2024-01-12T16:17:48.911-0300] {process_utils.py:190} INFO -   Using cached inflect-7.0.0-py3-none-any.whl.metadata (21 kB)
[2024-01-12T16:17:49.415-0300] {process_utils.py:190} INFO - Collecting soda-freshness<1.0.0,>=0.0.5 (from soda==1.2.0->soda-postgres->-r /tmp/venvwwpfwa8x/requirements.txt (line 2))
[2024-01-12T16:17:49.660-0300] {process_utils.py:190} INFO -   Downloading https://pypi.cloud.soda.io/packages/soda_freshness-0.0.5-py3-none-any.whl (4.3 kB)
[2024-01-12T16:17:50.168-0300] {process_utils.py:190} INFO - Collecting ia-questionary (from soda==1.2.0->soda-postgres->-r /tmp/venvwwpfwa8x/requirements.txt (line 2))
[2024-01-12T16:17:50.419-0300] {process_utils.py:190} INFO -   Downloading https://pypi.cloud.soda.io/packages/ia_questionary-1.10.0-py3-none-any.whl (35 kB)
[2024-01-12T16:17:51.053-0300] {process_utils.py:190} INFO - Collecting rich<14.0.0,>=13.3.3 (from soda==1.2.0->soda-postgres->-r /tmp/venvwwpfwa8x/requirements.txt (line 2))
[2024-01-12T16:17:51.058-0300] {process_utils.py:190} INFO -   Using cached rich-13.7.0-py3-none-any.whl.metadata (18 kB)
[2024-01-12T16:17:51.600-0300] {process_utils.py:190} INFO - Collecting typer<1.0.0,>=0.7.0 (from soda==1.2.0->soda-postgres->-r /tmp/venvwwpfwa8x/requirements.txt (line 2))
[2024-01-12T16:17:51.604-0300] {process_utils.py:190} INFO -   Using cached typer-0.9.0-py3-none-any.whl (45 kB)
[2024-01-12T16:17:52.378-0300] {process_utils.py:190} INFO - Collecting pydantic<3.0.0,>=2.0.0 (from soda==1.2.0->soda-postgres->-r /tmp/venvwwpfwa8x/requirements.txt (line 2))
[2024-01-12T16:17:52.381-0300] {process_utils.py:190} INFO -   Using cached pydantic-2.5.3-py3-none-any.whl.metadata (65 kB)
[2024-01-12T16:17:52.939-0300] {process_utils.py:190} INFO - Collecting pyyaml<7.0.0,>=5.4.1 (from soda==1.2.0->soda-postgres->-r /tmp/venvwwpfwa8x/requirements.txt (line 2))
[2024-01-12T16:17:52.941-0300] {process_utils.py:190} INFO -   Using cached PyYAML-6.0.1-cp310-cp310-manylinux_2_17_x86_64.manylinux2014_x86_64.whl.metadata (2.1 kB)
[2024-01-12T16:17:53.474-0300] {process_utils.py:190} INFO - Collecting segment-analytics-python<3.0.0 (from soda==1.2.0->soda-postgres->-r /tmp/venvwwpfwa8x/requirements.txt (line 2))
[2024-01-12T16:17:53.476-0300] {process_utils.py:190} INFO -   Using cached segment_analytics_python-2.2.3-py2.py3-none-any.whl.metadata (1.6 kB)
[2024-01-12T16:17:54.157-0300] {process_utils.py:190} INFO - Collecting pandas<2.0.0,>=1.3.5 (from soda==1.2.0->soda-postgres->-r /tmp/venvwwpfwa8x/requirements.txt (line 2))
[2024-01-12T16:17:54.159-0300] {process_utils.py:190} INFO -   Using cached pandas-1.5.3-cp310-cp310-manylinux_2_17_x86_64.manylinux2014_x86_64.whl (12.1 MB)
[2024-01-12T16:17:54.813-0300] {process_utils.py:190} INFO - Collecting deepdiff~=6.3 (from soda==1.2.0->soda-postgres->-r /tmp/venvwwpfwa8x/requirements.txt (line 2))
[2024-01-12T16:17:54.817-0300] {process_utils.py:190} INFO -   Using cached deepdiff-6.7.1-py3-none-any.whl.metadata (6.1 kB)
[2024-01-12T16:17:54.843-0300] {process_utils.py:190} INFO - Requirement already satisfied: wheel in /tmp/venvwwpfwa8x/lib/python3.10/site-packages (from soda-scientific->-r /tmp/venvwwpfwa8x/requirements.txt (line 3)) (0.42.0)
[2024-01-12T16:17:55.577-0300] {process_utils.py:190} INFO - Collecting scipy>=1.8.0 (from soda-scientific->-r /tmp/venvwwpfwa8x/requirements.txt (line 3))
[2024-01-12T16:17:55.585-0300] {process_utils.py:190} INFO -   Using cached scipy-1.11.4-cp310-cp310-manylinux_2_17_x86_64.manylinux2014_x86_64.whl.metadata (60 kB)
[2024-01-12T16:17:56.422-0300] {process_utils.py:190} INFO - Collecting numpy<2.0.0,>=1.23.3 (from soda-scientific->-r /tmp/venvwwpfwa8x/requirements.txt (line 3))
[2024-01-12T16:17:56.424-0300] {process_utils.py:190} INFO -   Using cached numpy-1.26.3-cp310-cp310-manylinux_2_17_x86_64.manylinux2014_x86_64.whl.metadata (61 kB)
[2024-01-12T16:17:56.970-0300] {process_utils.py:190} INFO - Collecting inflection==0.5.1 (from soda-scientific->-r /tmp/venvwwpfwa8x/requirements.txt (line 3))
[2024-01-12T16:17:56.972-0300] {process_utils.py:190} INFO -   Using cached inflection-0.5.1-py2.py3-none-any.whl (9.5 kB)
[2024-01-12T16:17:57.561-0300] {process_utils.py:190} INFO - Collecting httpx<2.0.0,>=0.18.1 (from soda-scientific->-r /tmp/venvwwpfwa8x/requirements.txt (line 3))
[2024-01-12T16:17:57.565-0300] {process_utils.py:190} INFO -   Using cached httpx-0.26.0-py3-none-any.whl.metadata (7.6 kB)
[2024-01-12T16:17:58.440-0300] {process_utils.py:190} INFO - Collecting cython>=0.22 (from soda-scientific->-r /tmp/venvwwpfwa8x/requirements.txt (line 3))
[2024-01-12T16:17:58.442-0300] {process_utils.py:190} INFO -   Using cached Cython-3.0.8-cp310-cp310-manylinux_2_17_x86_64.manylinux2014_x86_64.whl.metadata (3.2 kB)
[2024-01-12T16:17:58.987-0300] {process_utils.py:190} INFO - Collecting prophet<2.0.0,>=1.1.0 (from soda-scientific->-r /tmp/venvwwpfwa8x/requirements.txt (line 3))
[2024-01-12T16:17:58.991-0300] {process_utils.py:190} INFO -   Using cached prophet-1.1.5-py3-none-manylinux_2_17_x86_64.manylinux2014_x86_64.whl.metadata (3.5 kB)
[2024-01-12T16:17:59.550-0300] {process_utils.py:190} INFO - Collecting anyio (from httpx<2.0.0,>=0.18.1->soda-scientific->-r /tmp/venvwwpfwa8x/requirements.txt (line 3))
[2024-01-12T16:17:59.552-0300] {process_utils.py:190} INFO -   Using cached anyio-4.2.0-py3-none-any.whl.metadata (4.6 kB)
[2024-01-12T16:18:00.099-0300] {process_utils.py:190} INFO - Collecting certifi (from httpx<2.0.0,>=0.18.1->soda-scientific->-r /tmp/venvwwpfwa8x/requirements.txt (line 3))
[2024-01-12T16:18:00.103-0300] {process_utils.py:190} INFO -   Using cached certifi-2023.11.17-py3-none-any.whl.metadata (2.2 kB)
[2024-01-12T16:18:00.654-0300] {process_utils.py:190} INFO - Collecting httpcore==1.* (from httpx<2.0.0,>=0.18.1->soda-scientific->-r /tmp/venvwwpfwa8x/requirements.txt (line 3))
[2024-01-12T16:18:00.656-0300] {process_utils.py:190} INFO -   Using cached httpcore-1.0.2-py3-none-any.whl.metadata (20 kB)
[2024-01-12T16:18:01.205-0300] {process_utils.py:190} INFO - Collecting idna (from httpx<2.0.0,>=0.18.1->soda-scientific->-r /tmp/venvwwpfwa8x/requirements.txt (line 3))
[2024-01-12T16:18:01.206-0300] {process_utils.py:190} INFO -   Using cached idna-3.6-py3-none-any.whl.metadata (9.9 kB)
[2024-01-12T16:18:01.737-0300] {process_utils.py:190} INFO - Collecting sniffio (from httpx<2.0.0,>=0.18.1->soda-scientific->-r /tmp/venvwwpfwa8x/requirements.txt (line 3))
[2024-01-12T16:18:01.739-0300] {process_utils.py:190} INFO -   Using cached sniffio-1.3.0-py3-none-any.whl (10 kB)
[2024-01-12T16:18:02.290-0300] {process_utils.py:190} INFO - Collecting h11<0.15,>=0.13 (from httpcore==1.*->httpx<2.0.0,>=0.18.1->soda-scientific->-r /tmp/venvwwpfwa8x/requirements.txt (line 3))
[2024-01-12T16:18:02.292-0300] {process_utils.py:190} INFO -   Using cached h11-0.14.0-py3-none-any.whl (58 kB)
[2024-01-12T16:18:02.836-0300] {process_utils.py:190} INFO - Collecting python-dateutil>=2.8.1 (from pandas<2.0.0,>=1.3.5->soda==1.2.0->soda-postgres->-r /tmp/venvwwpfwa8x/requirements.txt (line 2))
[2024-01-12T16:18:02.838-0300] {process_utils.py:190} INFO -   Using cached python_dateutil-2.8.2-py2.py3-none-any.whl (247 kB)
[2024-01-12T16:18:03.414-0300] {process_utils.py:190} INFO - Collecting pytz>=2020.1 (from pandas<2.0.0,>=1.3.5->soda==1.2.0->soda-postgres->-r /tmp/venvwwpfwa8x/requirements.txt (line 2))
[2024-01-12T16:18:03.416-0300] {process_utils.py:190} INFO -   Using cached pytz-2023.3.post1-py2.py3-none-any.whl.metadata (22 kB)
[2024-01-12T16:18:03.977-0300] {process_utils.py:190} INFO - Collecting cmdstanpy>=1.0.4 (from prophet<2.0.0,>=1.1.0->soda-scientific->-r /tmp/venvwwpfwa8x/requirements.txt (line 3))
[2024-01-12T16:18:03.978-0300] {process_utils.py:190} INFO -   Using cached cmdstanpy-1.2.0-py3-none-any.whl.metadata (3.9 kB)
[2024-01-12T16:18:04.638-0300] {process_utils.py:190} INFO - Collecting matplotlib>=2.0.0 (from prophet<2.0.0,>=1.1.0->soda-scientific->-r /tmp/venvwwpfwa8x/requirements.txt (line 3))
[2024-01-12T16:18:04.640-0300] {process_utils.py:190} INFO -   Using cached matplotlib-3.8.2-cp310-cp310-manylinux_2_17_x86_64.manylinux2014_x86_64.whl.metadata (5.8 kB)
[2024-01-12T16:18:05.194-0300] {process_utils.py:190} INFO - Collecting holidays>=0.25 (from prophet<2.0.0,>=1.1.0->soda-scientific->-r /tmp/venvwwpfwa8x/requirements.txt (line 3))
[2024-01-12T16:18:05.196-0300] {process_utils.py:190} INFO -   Using cached holidays-0.40-py3-none-any.whl.metadata (21 kB)
[2024-01-12T16:18:05.769-0300] {process_utils.py:190} INFO - Collecting tqdm>=4.36.1 (from prophet<2.0.0,>=1.1.0->soda-scientific->-r /tmp/venvwwpfwa8x/requirements.txt (line 3))
[2024-01-12T16:18:05.771-0300] {process_utils.py:190} INFO -   Using cached tqdm-4.66.1-py3-none-any.whl.metadata (57 kB)
[2024-01-12T16:18:06.323-0300] {process_utils.py:190} INFO - Collecting importlib-resources (from prophet<2.0.0,>=1.1.0->soda-scientific->-r /tmp/venvwwpfwa8x/requirements.txt (line 3))
[2024-01-12T16:18:06.325-0300] {process_utils.py:190} INFO -   Using cached importlib_resources-6.1.1-py3-none-any.whl.metadata (4.1 kB)
[2024-01-12T16:18:06.872-0300] {process_utils.py:190} INFO - Collecting annotated-types>=0.4.0 (from pydantic<3.0.0,>=2.0.0->soda==1.2.0->soda-postgres->-r /tmp/venvwwpfwa8x/requirements.txt (line 2))
[2024-01-12T16:18:06.873-0300] {process_utils.py:190} INFO -   Using cached annotated_types-0.6.0-py3-none-any.whl.metadata (12 kB)
[2024-01-12T16:18:07.959-0300] {process_utils.py:190} INFO - Collecting pydantic-core==2.14.6 (from pydantic<3.0.0,>=2.0.0->soda==1.2.0->soda-postgres->-r /tmp/venvwwpfwa8x/requirements.txt (line 2))
[2024-01-12T16:18:07.961-0300] {process_utils.py:190} INFO -   Using cached pydantic_core-2.14.6-cp310-cp310-manylinux_2_17_x86_64.manylinux2014_x86_64.whl.metadata (6.5 kB)
[2024-01-12T16:18:08.502-0300] {process_utils.py:190} INFO - Collecting typing-extensions>=4.6.1 (from pydantic<3.0.0,>=2.0.0->soda==1.2.0->soda-postgres->-r /tmp/venvwwpfwa8x/requirements.txt (line 2))
[2024-01-12T16:18:08.504-0300] {process_utils.py:190} INFO -   Using cached typing_extensions-4.9.0-py3-none-any.whl.metadata (3.0 kB)
[2024-01-12T16:18:09.131-0300] {process_utils.py:190} INFO - Collecting stanio~=0.3.0 (from cmdstanpy>=1.0.4->prophet<2.0.0,>=1.1.0->soda-scientific->-r /tmp/venvwwpfwa8x/requirements.txt (line 3))
[2024-01-12T16:18:09.134-0300] {process_utils.py:190} INFO -   Using cached stanio-0.3.0-py3-none-any.whl.metadata (963 bytes)
[2024-01-12T16:18:09.687-0300] {process_utils.py:190} INFO - Collecting ordered-set<4.2.0,>=4.0.2 (from deepdiff~=6.3->soda==1.2.0->soda-postgres->-r /tmp/venvwwpfwa8x/requirements.txt (line 2))
[2024-01-12T16:18:09.688-0300] {process_utils.py:190} INFO -   Using cached ordered_set-4.1.0-py3-none-any.whl (7.6 kB)
[2024-01-12T16:18:10.360-0300] {process_utils.py:190} INFO - Collecting contourpy>=1.0.1 (from matplotlib>=2.0.0->prophet<2.0.0,>=1.1.0->soda-scientific->-r /tmp/venvwwpfwa8x/requirements.txt (line 3))
[2024-01-12T16:18:10.362-0300] {process_utils.py:190} INFO -   Using cached contourpy-1.2.0-cp310-cp310-manylinux_2_17_x86_64.manylinux2014_x86_64.whl.metadata (5.8 kB)
[2024-01-12T16:18:10.894-0300] {process_utils.py:190} INFO - Collecting cycler>=0.10 (from matplotlib>=2.0.0->prophet<2.0.0,>=1.1.0->soda-scientific->-r /tmp/venvwwpfwa8x/requirements.txt (line 3))
[2024-01-12T16:18:10.896-0300] {process_utils.py:190} INFO -   Using cached cycler-0.12.1-py3-none-any.whl.metadata (3.8 kB)
[2024-01-12T16:18:11.588-0300] {process_utils.py:190} INFO - Collecting fonttools>=4.22.0 (from matplotlib>=2.0.0->prophet<2.0.0,>=1.1.0->soda-scientific->-r /tmp/venvwwpfwa8x/requirements.txt (line 3))
[2024-01-12T16:18:11.592-0300] {process_utils.py:190} INFO -   Using cached fonttools-4.47.2-cp310-cp310-manylinux_2_17_x86_64.manylinux2014_x86_64.whl.metadata (157 kB)
[2024-01-12T16:18:12.155-0300] {process_utils.py:190} INFO - Collecting kiwisolver>=1.3.1 (from matplotlib>=2.0.0->prophet<2.0.0,>=1.1.0->soda-scientific->-r /tmp/venvwwpfwa8x/requirements.txt (line 3))
[2024-01-12T16:18:12.156-0300] {process_utils.py:190} INFO -   Using cached kiwisolver-1.4.5-cp310-cp310-manylinux_2_12_x86_64.manylinux2010_x86_64.whl.metadata (6.4 kB)
[2024-01-12T16:18:12.704-0300] {process_utils.py:190} INFO - Collecting packaging>=20.0 (from matplotlib>=2.0.0->prophet<2.0.0,>=1.1.0->soda-scientific->-r /tmp/venvwwpfwa8x/requirements.txt (line 3))
[2024-01-12T16:18:12.706-0300] {process_utils.py:190} INFO -   Using cached packaging-23.2-py3-none-any.whl.metadata (3.2 kB)
[2024-01-12T16:18:13.393-0300] {process_utils.py:190} INFO - Collecting pillow>=8 (from matplotlib>=2.0.0->prophet<2.0.0,>=1.1.0->soda-scientific->-r /tmp/venvwwpfwa8x/requirements.txt (line 3))
[2024-01-12T16:18:13.394-0300] {process_utils.py:190} INFO -   Using cached pillow-10.2.0-cp310-cp310-manylinux_2_28_x86_64.whl.metadata (9.7 kB)
[2024-01-12T16:18:13.951-0300] {process_utils.py:190} INFO - Collecting pyparsing>=2.3.1 (from matplotlib>=2.0.0->prophet<2.0.0,>=1.1.0->soda-scientific->-r /tmp/venvwwpfwa8x/requirements.txt (line 3))
[2024-01-12T16:18:13.953-0300] {process_utils.py:190} INFO -   Using cached pyparsing-3.1.1-py3-none-any.whl.metadata (5.1 kB)
[2024-01-12T16:18:14.495-0300] {process_utils.py:190} INFO - Collecting deprecated>=1.2.6 (from opentelemetry-api~=1.16.0->soda==1.2.0->soda-postgres->-r /tmp/venvwwpfwa8x/requirements.txt (line 2))
[2024-01-12T16:18:14.497-0300] {process_utils.py:190} INFO -   Using cached Deprecated-1.2.14-py2.py3-none-any.whl.metadata (5.4 kB)
[2024-01-12T16:18:14.499-0300] {process_utils.py:190} INFO - Requirement already satisfied: setuptools>=16.0 in /tmp/venvwwpfwa8x/lib/python3.10/site-packages (from opentelemetry-api~=1.16.0->soda==1.2.0->soda-postgres->-r /tmp/venvwwpfwa8x/requirements.txt (line 2)) (69.0.3)
[2024-01-12T16:18:15.054-0300] {process_utils.py:190} INFO - Collecting backoff<3.0.0,>=1.10.0 (from opentelemetry-exporter-otlp-proto-http~=1.16.0->soda==1.2.0->soda-postgres->-r /tmp/venvwwpfwa8x/requirements.txt (line 2))
[2024-01-12T16:18:15.055-0300] {process_utils.py:190} INFO -   Using cached backoff-2.2.1-py3-none-any.whl (15 kB)
[2024-01-12T16:18:15.603-0300] {process_utils.py:190} INFO - Collecting googleapis-common-protos~=1.52 (from opentelemetry-exporter-otlp-proto-http~=1.16.0->soda==1.2.0->soda-postgres->-r /tmp/venvwwpfwa8x/requirements.txt (line 2))
[2024-01-12T16:18:15.605-0300] {process_utils.py:190} INFO -   Using cached googleapis_common_protos-1.62.0-py2.py3-none-any.whl.metadata (1.5 kB)
[2024-01-12T16:18:16.147-0300] {process_utils.py:190} INFO - Collecting opentelemetry-proto==1.16.0 (from opentelemetry-exporter-otlp-proto-http~=1.16.0->soda==1.2.0->soda-postgres->-r /tmp/venvwwpfwa8x/requirements.txt (line 2))
[2024-01-12T16:18:16.151-0300] {process_utils.py:190} INFO -   Using cached opentelemetry_proto-1.16.0-py3-none-any.whl (52 kB)
[2024-01-12T16:18:16.696-0300] {process_utils.py:190} INFO - Collecting opentelemetry-sdk~=1.16.0 (from opentelemetry-exporter-otlp-proto-http~=1.16.0->soda==1.2.0->soda-postgres->-r /tmp/venvwwpfwa8x/requirements.txt (line 2))
[2024-01-12T16:18:16.698-0300] {process_utils.py:190} INFO -   Using cached opentelemetry_sdk-1.16.0-py3-none-any.whl (94 kB)
[2024-01-12T16:18:17.395-0300] {process_utils.py:190} INFO - Collecting protobuf<5.0,>=3.19 (from opentelemetry-proto==1.16.0->opentelemetry-exporter-otlp-proto-http~=1.16.0->soda==1.2.0->soda-postgres->-r /tmp/venvwwpfwa8x/requirements.txt (line 2))
[2024-01-12T16:18:17.396-0300] {process_utils.py:190} INFO -   Using cached protobuf-4.25.2-cp37-abi3-manylinux2014_x86_64.whl.metadata (541 bytes)
[2024-01-12T16:18:17.937-0300] {process_utils.py:190} INFO - Collecting six>=1.5 (from python-dateutil>=2.8.1->pandas<2.0.0,>=1.3.5->soda==1.2.0->soda-postgres->-r /tmp/venvwwpfwa8x/requirements.txt (line 2))
[2024-01-12T16:18:17.938-0300] {process_utils.py:190} INFO -   Using cached six-1.16.0-py2.py3-none-any.whl (11 kB)
[2024-01-12T16:18:18.564-0300] {process_utils.py:190} INFO - Collecting charset-normalizer<4,>=2 (from requests~=2.28->soda==1.2.0->soda-postgres->-r /tmp/venvwwpfwa8x/requirements.txt (line 2))
[2024-01-12T16:18:18.566-0300] {process_utils.py:190} INFO -   Using cached charset_normalizer-3.3.2-cp310-cp310-manylinux_2_17_x86_64.manylinux2014_x86_64.whl.metadata (33 kB)
[2024-01-12T16:18:19.133-0300] {process_utils.py:190} INFO - Collecting urllib3<3,>=1.21.1 (from requests~=2.28->soda==1.2.0->soda-postgres->-r /tmp/venvwwpfwa8x/requirements.txt (line 2))
[2024-01-12T16:18:19.135-0300] {process_utils.py:190} INFO -   Using cached urllib3-2.1.0-py3-none-any.whl.metadata (6.4 kB)
[2024-01-12T16:18:19.719-0300] {process_utils.py:190} INFO - Collecting markdown-it-py>=2.2.0 (from rich<14.0.0,>=13.3.3->soda==1.2.0->soda-postgres->-r /tmp/venvwwpfwa8x/requirements.txt (line 2))
[2024-01-12T16:18:19.721-0300] {process_utils.py:190} INFO -   Using cached markdown_it_py-3.0.0-py3-none-any.whl.metadata (6.9 kB)
[2024-01-12T16:18:20.277-0300] {process_utils.py:190} INFO - Collecting pygments<3.0.0,>=2.13.0 (from rich<14.0.0,>=13.3.3->soda==1.2.0->soda-postgres->-r /tmp/venvwwpfwa8x/requirements.txt (line 2))
[2024-01-12T16:18:20.279-0300] {process_utils.py:190} INFO -   Using cached pygments-2.17.2-py3-none-any.whl.metadata (2.6 kB)
[2024-01-12T16:18:20.852-0300] {process_utils.py:190} INFO - Collecting ruamel.yaml.clib>=0.2.7 (from ruamel.yaml<0.18.0,>=0.17.0->soda==1.2.0->soda-postgres->-r /tmp/venvwwpfwa8x/requirements.txt (line 2))
[2024-01-12T16:18:20.854-0300] {process_utils.py:190} INFO -   Using cached ruamel.yaml.clib-0.2.8-cp310-cp310-manylinux_2_17_x86_64.manylinux2014_x86_64.manylinux_2_24_x86_64.whl.metadata (2.2 kB)
[2024-01-12T16:18:21.512-0300] {process_utils.py:190} INFO - Collecting monotonic~=1.5 (from segment-analytics-python<3.0.0->soda==1.2.0->soda-postgres->-r /tmp/venvwwpfwa8x/requirements.txt (line 2))
[2024-01-12T16:18:21.514-0300] {process_utils.py:190} INFO -   Using cached monotonic-1.6-py2.py3-none-any.whl (8.2 kB)
[2024-01-12T16:18:22.187-0300] {process_utils.py:190} INFO - Collecting exceptiongroup>=1.0.2 (from anyio->httpx<2.0.0,>=0.18.1->soda-scientific->-r /tmp/venvwwpfwa8x/requirements.txt (line 3))
[2024-01-12T16:18:22.189-0300] {process_utils.py:190} INFO -   Using cached exceptiongroup-1.2.0-py3-none-any.whl.metadata (6.6 kB)
[2024-01-12T16:18:22.772-0300] {process_utils.py:190} INFO - Collecting prompt_toolkit<=3.0.36,>=2.0 (from ia-questionary->soda==1.2.0->soda-postgres->-r /tmp/venvwwpfwa8x/requirements.txt (line 2))
[2024-01-12T16:18:22.773-0300] {process_utils.py:190} INFO -   Using cached prompt_toolkit-3.0.36-py3-none-any.whl (386 kB)
[2024-01-12T16:18:23.477-0300] {process_utils.py:190} INFO - Collecting wrapt<2,>=1.10 (from deprecated>=1.2.6->opentelemetry-api~=1.16.0->soda==1.2.0->soda-postgres->-r /tmp/venvwwpfwa8x/requirements.txt (line 2))
[2024-01-12T16:18:23.479-0300] {process_utils.py:190} INFO -   Using cached wrapt-1.16.0-cp310-cp310-manylinux_2_5_x86_64.manylinux1_x86_64.manylinux_2_17_x86_64.manylinux2014_x86_64.whl.metadata (6.6 kB)
[2024-01-12T16:18:24.184-0300] {process_utils.py:190} INFO - Collecting mdurl~=0.1 (from markdown-it-py>=2.2.0->rich<14.0.0,>=13.3.3->soda==1.2.0->soda-postgres->-r /tmp/venvwwpfwa8x/requirements.txt (line 2))
[2024-01-12T16:18:24.186-0300] {process_utils.py:190} INFO -   Using cached mdurl-0.1.2-py3-none-any.whl (10.0 kB)
[2024-01-12T16:18:24.756-0300] {process_utils.py:190} INFO - Collecting opentelemetry-semantic-conventions==0.37b0 (from opentelemetry-sdk~=1.16.0->opentelemetry-exporter-otlp-proto-http~=1.16.0->soda==1.2.0->soda-postgres->-r /tmp/venvwwpfwa8x/requirements.txt (line 2))
[2024-01-12T16:18:24.758-0300] {process_utils.py:190} INFO -   Using cached opentelemetry_semantic_conventions-0.37b0-py3-none-any.whl (26 kB)
[2024-01-12T16:18:25.450-0300] {process_utils.py:190} INFO - Collecting wcwidth (from prompt_toolkit<=3.0.36,>=2.0->ia-questionary->soda==1.2.0->soda-postgres->-r /tmp/venvwwpfwa8x/requirements.txt (line 2))
[2024-01-12T16:18:25.454-0300] {process_utils.py:190} INFO -   Using cached wcwidth-0.2.13-py2.py3-none-any.whl.metadata (14 kB)
[2024-01-12T16:18:25.719-0300] {process_utils.py:190} INFO - Using cached Cython-3.0.8-cp310-cp310-manylinux_2_17_x86_64.manylinux2014_x86_64.whl (3.6 MB)
[2024-01-12T16:18:25.725-0300] {process_utils.py:190} INFO - Using cached httpx-0.26.0-py3-none-any.whl (75 kB)
[2024-01-12T16:18:25.726-0300] {process_utils.py:190} INFO - Using cached httpcore-1.0.2-py3-none-any.whl (76 kB)
[2024-01-12T16:18:25.727-0300] {process_utils.py:190} INFO - Using cached numpy-1.26.3-cp310-cp310-manylinux_2_17_x86_64.manylinux2014_x86_64.whl (18.2 MB)
[2024-01-12T16:18:25.755-0300] {process_utils.py:190} INFO - Using cached prophet-1.1.5-py3-none-manylinux_2_17_x86_64.manylinux2014_x86_64.whl (14.4 MB)
[2024-01-12T16:18:25.777-0300] {process_utils.py:190} INFO - Using cached psycopg2_binary-2.9.9-cp310-cp310-manylinux_2_17_x86_64.manylinux2014_x86_64.whl (3.0 MB)
[2024-01-12T16:18:25.784-0300] {process_utils.py:190} INFO - Using cached pydantic-2.5.3-py3-none-any.whl (381 kB)
[2024-01-12T16:18:25.786-0300] {process_utils.py:190} INFO - Using cached pydantic_core-2.14.6-cp310-cp310-manylinux_2_17_x86_64.manylinux2014_x86_64.whl (2.1 MB)
[2024-01-12T16:18:25.791-0300] {process_utils.py:190} INFO - Using cached PyYAML-6.0.1-cp310-cp310-manylinux_2_17_x86_64.manylinux2014_x86_64.whl (705 kB)
[2024-01-12T16:18:25.793-0300] {process_utils.py:190} INFO - Using cached scipy-1.11.4-cp310-cp310-manylinux_2_17_x86_64.manylinux2014_x86_64.whl (36.4 MB)
[2024-01-12T16:18:25.846-0300] {process_utils.py:190} INFO - Using cached annotated_types-0.6.0-py3-none-any.whl (12 kB)
[2024-01-12T16:18:25.848-0300] {process_utils.py:190} INFO - Using cached click-8.1.7-py3-none-any.whl (97 kB)
[2024-01-12T16:18:25.850-0300] {process_utils.py:190} INFO - Using cached cmdstanpy-1.2.0-py3-none-any.whl (93 kB)
[2024-01-12T16:18:25.852-0300] {process_utils.py:190} INFO - Using cached deepdiff-6.7.1-py3-none-any.whl (76 kB)
[2024-01-12T16:18:25.854-0300] {process_utils.py:190} INFO - Using cached holidays-0.40-py3-none-any.whl (889 kB)
[2024-01-12T16:18:25.856-0300] {process_utils.py:190} INFO - Using cached inflect-7.0.0-py3-none-any.whl (34 kB)
[2024-01-12T16:18:25.857-0300] {process_utils.py:190} INFO - Using cached Jinja2-3.1.3-py3-none-any.whl (133 kB)
[2024-01-12T16:18:25.858-0300] {process_utils.py:190} INFO - Using cached matplotlib-3.8.2-cp310-cp310-manylinux_2_17_x86_64.manylinux2014_x86_64.whl (11.6 MB)
[2024-01-12T16:18:25.881-0300] {process_utils.py:190} INFO - Using cached pytz-2023.3.post1-py2.py3-none-any.whl (502 kB)
[2024-01-12T16:18:25.886-0300] {process_utils.py:190} INFO - Using cached requests-2.31.0-py3-none-any.whl (62 kB)
[2024-01-12T16:18:25.888-0300] {process_utils.py:190} INFO - Using cached certifi-2023.11.17-py3-none-any.whl (162 kB)
[2024-01-12T16:18:25.890-0300] {process_utils.py:190} INFO - Using cached idna-3.6-py3-none-any.whl (61 kB)
[2024-01-12T16:18:25.892-0300] {process_utils.py:190} INFO - Using cached rich-13.7.0-py3-none-any.whl (240 kB)
[2024-01-12T16:18:25.895-0300] {process_utils.py:190} INFO - Using cached ruamel.yaml-0.17.40-py3-none-any.whl (113 kB)
[2024-01-12T16:18:25.898-0300] {process_utils.py:190} INFO - Using cached segment_analytics_python-2.2.3-py2.py3-none-any.whl (24 kB)
[2024-01-12T16:18:25.903-0300] {process_utils.py:190} INFO - Using cached tqdm-4.66.1-py3-none-any.whl (78 kB)
[2024-01-12T16:18:25.905-0300] {process_utils.py:190} INFO - Using cached typing_extensions-4.9.0-py3-none-any.whl (32 kB)
[2024-01-12T16:18:25.906-0300] {process_utils.py:190} INFO - Using cached anyio-4.2.0-py3-none-any.whl (85 kB)
[2024-01-12T16:18:25.908-0300] {process_utils.py:190} INFO - Using cached importlib_resources-6.1.1-py3-none-any.whl (33 kB)
[2024-01-12T16:18:25.909-0300] {process_utils.py:190} INFO - Using cached charset_normalizer-3.3.2-cp310-cp310-manylinux_2_17_x86_64.manylinux2014_x86_64.whl (142 kB)
[2024-01-12T16:18:25.910-0300] {process_utils.py:190} INFO - Using cached contourpy-1.2.0-cp310-cp310-manylinux_2_17_x86_64.manylinux2014_x86_64.whl (310 kB)
[2024-01-12T16:18:25.912-0300] {process_utils.py:190} INFO - Using cached cycler-0.12.1-py3-none-any.whl (8.3 kB)
[2024-01-12T16:18:25.913-0300] {process_utils.py:190} INFO - Using cached Deprecated-1.2.14-py2.py3-none-any.whl (9.6 kB)
[2024-01-12T16:18:25.914-0300] {process_utils.py:190} INFO - Using cached exceptiongroup-1.2.0-py3-none-any.whl (16 kB)
[2024-01-12T16:18:25.916-0300] {process_utils.py:190} INFO - Using cached fonttools-4.47.2-cp310-cp310-manylinux_2_17_x86_64.manylinux2014_x86_64.whl (4.6 MB)
[2024-01-12T16:18:25.926-0300] {process_utils.py:190} INFO - Using cached googleapis_common_protos-1.62.0-py2.py3-none-any.whl (228 kB)
[2024-01-12T16:18:25.928-0300] {process_utils.py:190} INFO - Using cached kiwisolver-1.4.5-cp310-cp310-manylinux_2_12_x86_64.manylinux2010_x86_64.whl (1.6 MB)
[2024-01-12T16:18:25.935-0300] {process_utils.py:190} INFO - Using cached markdown_it_py-3.0.0-py3-none-any.whl (87 kB)
[2024-01-12T16:18:25.937-0300] {process_utils.py:190} INFO - Using cached packaging-23.2-py3-none-any.whl (53 kB)
[2024-01-12T16:18:25.939-0300] {process_utils.py:190} INFO - Using cached pillow-10.2.0-cp310-cp310-manylinux_2_28_x86_64.whl (4.5 MB)
[2024-01-12T16:18:25.952-0300] {process_utils.py:190} INFO - Using cached pygments-2.17.2-py3-none-any.whl (1.2 MB)
[2024-01-12T16:18:25.958-0300] {process_utils.py:190} INFO - Using cached pyparsing-3.1.1-py3-none-any.whl (103 kB)
[2024-01-12T16:18:25.960-0300] {process_utils.py:190} INFO - Using cached ruamel.yaml.clib-0.2.8-cp310-cp310-manylinux_2_17_x86_64.manylinux2014_x86_64.manylinux_2_24_x86_64.whl (526 kB)
[2024-01-12T16:18:25.962-0300] {process_utils.py:190} INFO - Using cached stanio-0.3.0-py3-none-any.whl (6.2 kB)
[2024-01-12T16:18:25.964-0300] {process_utils.py:190} INFO - Using cached urllib3-2.1.0-py3-none-any.whl (104 kB)
[2024-01-12T16:18:25.967-0300] {process_utils.py:190} INFO - Using cached protobuf-4.25.2-cp37-abi3-manylinux2014_x86_64.whl (294 kB)
[2024-01-12T16:18:25.971-0300] {process_utils.py:190} INFO - Using cached wrapt-1.16.0-cp310-cp310-manylinux_2_5_x86_64.manylinux1_x86_64.manylinux_2_17_x86_64.manylinux2014_x86_64.whl (80 kB)
[2024-01-12T16:18:25.975-0300] {process_utils.py:190} INFO - Using cached wcwidth-0.2.13-py2.py3-none-any.whl (34 kB)
[2024-01-12T16:18:26.631-0300] {process_utils.py:190} INFO - Installing collected packages: wcwidth, pytz, monotonic, antlr4-python3-runtime, wrapt, urllib3, typing-extensions, tqdm, sqlparse, sniffio, six, ruamel.yaml.clib, pyyaml, pyparsing, pygments, psycopg2-binary, protobuf, prompt_toolkit, pillow, packaging, ordered-set, opentelemetry-semantic-conventions, numpy, mdurl, markupsafe, kiwisolver, inflection, importlib-resources, idna, h11, fonttools, exceptiongroup, cython, cycler, click, charset-normalizer, certifi, backoff, annotated-types, typer, stanio, scipy, ruamel.yaml, requests, python-dateutil, pydantic-core, opentelemetry-proto, markdown-it-py, Jinja2, ia-questionary, httpcore, googleapis-common-protos, deprecated, deepdiff, contourpy, anyio, segment-analytics-python, rich, pydantic, pandas, opentelemetry-api, matplotlib, httpx, holidays, soda-freshness, opentelemetry-sdk, inflect, cmdstanpy, prophet, opentelemetry-exporter-otlp-proto-http, soda, soda-scientific, soda-postgres
[2024-01-12T16:18:45.305-0300] {process_utils.py:190} INFO - Successfully installed Jinja2-3.1.3 annotated-types-0.6.0 antlr4-python3-runtime-4.11.1 anyio-4.2.0 backoff-2.2.1 certifi-2023.11.17 charset-normalizer-3.3.2 click-8.1.7 cmdstanpy-1.2.0 contourpy-1.2.0 cycler-0.12.1 cython-3.0.8 deepdiff-6.7.1 deprecated-1.2.14 exceptiongroup-1.2.0 fonttools-4.47.2 googleapis-common-protos-1.62.0 h11-0.14.0 holidays-0.40 httpcore-1.0.2 httpx-0.26.0 ia-questionary-1.10.0 idna-3.6 importlib-resources-6.1.1 inflect-7.0.0 inflection-0.5.1 kiwisolver-1.4.5 markdown-it-py-3.0.0 markupsafe-2.1.2 matplotlib-3.8.2 mdurl-0.1.2 monotonic-1.6 numpy-1.26.3 opentelemetry-api-1.16.0 opentelemetry-exporter-otlp-proto-http-1.16.0 opentelemetry-proto-1.16.0 opentelemetry-sdk-1.16.0 opentelemetry-semantic-conventions-0.37b0 ordered-set-4.1.0 packaging-23.2 pandas-1.5.3 pillow-10.2.0 prompt_toolkit-3.0.36 prophet-1.1.5 protobuf-4.25.2 psycopg2-binary-2.9.9 pydantic-2.5.3 pydantic-core-2.14.6 pygments-2.17.2 pyparsing-3.1.1 python-dateutil-2.8.2 pytz-2023.3.post1 pyyaml-6.0.1 requests-2.31.0 rich-13.7.0 ruamel.yaml-0.17.40 ruamel.yaml.clib-0.2.8 scipy-1.11.4 segment-analytics-python-2.2.3 six-1.16.0 sniffio-1.3.0 soda-1.2.0 soda-freshness-0.0.5 soda-postgres-1.2.0 soda-scientific-1.2.0 sqlparse-0.4.4 stanio-0.3.0 tqdm-4.66.1 typer-0.9.0 typing-extensions-4.9.0 urllib3-2.1.0 wcwidth-0.2.13 wrapt-1.16.0
[2024-01-12T16:18:46.412-0300] {process_utils.py:182} INFO - Executing cmd: /tmp/venvwwpfwa8x/bin/python /tmp/venv-callxpug0v7b/script.py /tmp/venv-callxpug0v7b/script.in /tmp/venv-callxpug0v7b/script.out /tmp/venv-callxpug0v7b/string_args.txt /tmp/venv-callxpug0v7b/termination.log
[2024-01-12T16:18:46.413-0300] {process_utils.py:186} INFO - Output:
[2024-01-12T16:18:51.124-0300] {process_utils.py:190} INFO - Running Soda Scan ...
[2024-01-12T16:18:51.125-0300] {process_utils.py:190} INFO - INFO   | Soda Library 1.2.0
[2024-01-12T16:18:51.125-0300] {process_utils.py:190} INFO - INFO   | Soda Core 3.0.47
[2024-01-12T16:18:51.125-0300] {process_utils.py:190} INFO - DEBUG  | Reading configuration file "/home/user/projects/newproj/soda/soda/configuration.yml"
[2024-01-12T16:18:51.125-0300] {process_utils.py:190} INFO - DEBUG  | Reading SodaCL file "/home/user/projects/newproj/soda/soda/checks/report/report_subcategory_sales.yml"
[2024-01-12T16:18:51.125-0300] {process_utils.py:190} INFO - DEBUG  | Reading SodaCL file "/home/user/projects/newproj/soda/soda/checks/report/report_category_sales.yml"
[2024-01-12T16:18:51.125-0300] {process_utils.py:190} INFO - DEBUG  | Scan execution starts
[2024-01-12T16:18:51.125-0300] {process_utils.py:190} INFO - INFO   | By downloading and using Soda Library, you agree to Soda's Terms & Conditions (https://go.soda.io/t&c) and Privacy Policy (https://go.soda.io/privacy).
[2024-01-12T16:18:51.125-0300] {process_utils.py:190} INFO - DEBUG  | Postgres connection properties: host="localhost", port="None", database="postgres", user="postgres", options="-c search_path=public", connection_timeout="None"
[2024-01-12T16:18:51.125-0300] {process_utils.py:190} INFO - DEBUG  | Query adventureworks.user_defined_query[uncategorized_sales_percent < 0.9]:
[2024-01-12T16:18:51.126-0300] {process_utils.py:190} INFO - select ROUND(CAST((sales_total * 100) / (select sum(sales_total) from report_subcategory_sales) AS numeric), 2) as uncategorized_sales_percent from report_subcategory_sales where category_key is NULL OR subcategory_key is NULL
[2024-01-12T16:18:51.126-0300] {process_utils.py:190} INFO - DEBUG  | Query adventureworks.user_defined_query[sales_diff = 0]:
[2024-01-12T16:18:51.126-0300] {process_utils.py:190} INFO - SELECT CAST((SELECT SUM(fact_internet_sales.sales_amount) FROM fact_internet_sales) - (SELECT SUM(report_subcategory_sales.sales_total) FROM report_subcategory_sales) as numeric) AS sales_diff
[2024-01-12T16:18:51.126-0300] {process_utils.py:190} INFO - DEBUG  | Query adventureworks.user_defined_query[uncategorized_sales_percent < 0.9]:
[2024-01-12T16:18:51.126-0300] {process_utils.py:190} INFO - select ROUND(CAST((sales_total * 100) / (select sum(sales_total) from report_category_sales) AS numeric), 2) as uncategorized_sales_percent from report_category_sales where category_key is NULL
[2024-01-12T16:18:51.126-0300] {process_utils.py:190} INFO - DEBUG  | Query adventureworks.user_defined_query[sales_diff = 0]:
[2024-01-12T16:18:51.126-0300] {process_utils.py:190} INFO - SELECT CAST((SELECT SUM(fact_internet_sales.sales_amount) FROM fact_internet_sales) - (SELECT SUM(report_category_sales.sales_total) FROM report_category_sales) as numeric) AS sales_diff
[2024-01-12T16:18:51.126-0300] {process_utils.py:190} INFO - INFO   | Scan summary:
[2024-01-12T16:18:51.126-0300] {process_utils.py:190} INFO - DEBUG  | 4/4 queries OK
[2024-01-12T16:18:51.127-0300] {process_utils.py:190} INFO - DEBUG  |   adventureworks.user_defined_query[uncategorized_sales_percent < 0.9] [OK] 0:00:00.132629
[2024-01-12T16:18:51.127-0300] {process_utils.py:190} INFO - DEBUG  |   adventureworks.user_defined_query[sales_diff = 0] [OK] 0:00:00.036899
[2024-01-12T16:18:51.127-0300] {process_utils.py:190} INFO - DEBUG  |   adventureworks.user_defined_query[uncategorized_sales_percent < 0.9] [OK] 0:00:00.043500
[2024-01-12T16:18:51.127-0300] {process_utils.py:190} INFO - DEBUG  |   adventureworks.user_defined_query[sales_diff = 0] [OK] 0:00:00.034044
[2024-01-12T16:18:51.127-0300] {process_utils.py:190} INFO - INFO   | 4/4 checks PASSED:
[2024-01-12T16:18:51.127-0300] {process_utils.py:190} INFO - INFO   |     report_subcategory_sales in adventureworks
[2024-01-12T16:18:51.127-0300] {process_utils.py:190} INFO - INFO   |       Most sales are categorized [/home/user/projects/newproj/soda/soda/checks/report/report_subcategory_sales.yml] [PASSED]
[2024-01-12T16:18:51.127-0300] {process_utils.py:190} INFO - INFO   |         check_value: 0.85
[2024-01-12T16:18:51.127-0300] {process_utils.py:190} INFO - INFO   |       Subcategory sales total matches [/home/user/projects/newproj/soda/soda/checks/report/report_subcategory_sales.yml] [PASSED]
[2024-01-12T16:18:51.127-0300] {process_utils.py:190} INFO - INFO   |         check_value: 0.0
[2024-01-12T16:18:51.127-0300] {process_utils.py:190} INFO - INFO   |     report_category_sales in adventureworks
[2024-01-12T16:18:51.127-0300] {process_utils.py:190} INFO - INFO   |       Most sales are categorized [/home/user/projects/newproj/soda/soda/checks/report/report_category_sales.yml] [PASSED]
[2024-01-12T16:18:51.127-0300] {process_utils.py:190} INFO - INFO   |         check_value: 0.85
[2024-01-12T16:18:51.127-0300] {process_utils.py:190} INFO - INFO   |       Category sales total matches [/home/user/projects/newproj/soda/soda/checks/report/report_category_sales.yml] [PASSED]
[2024-01-12T16:18:51.127-0300] {process_utils.py:190} INFO - INFO   |         check_value: 0.0
[2024-01-12T16:18:51.128-0300] {process_utils.py:190} INFO - INFO   | All is good. No failures. No warnings. No errors.
[2024-01-12T16:18:51.128-0300] {process_utils.py:190} INFO - INFO   | Sending results to Soda Cloud
[2024-01-12T16:18:51.128-0300] {process_utils.py:190} INFO - INFO   | Soda Cloud Trace: 2536567411678922292
[2024-01-12T16:18:52.226-0300] {python.py:201} INFO - Done. Returned value was: 0
[2024-01-12T16:18:52.253-0300] {taskinstance.py:1138} INFO - Marking task as SUCCESS. dag_id=model_adventureworks_sales_category, task_id=checks_report, execution_date=20240111T000000, start_date=20240112T191736, end_date=20240112T191852
[2024-01-12T16:18:52.291-0300] {local_task_job_runner.py:234} INFO - Task exited with return code 0
[2024-01-12T16:18:52.306-0300] {taskinstance.py:3281} INFO - 0 downstream tasks scheduled from follow-on schedule check
