[2024-01-12T16:14:11.940-0300] {taskinstance.py:1957} INFO - Dependencies all met for dep_context=non-requeueable deps ti=<TaskInstance: model_adventureworks_sales_category.dbt_transform scheduled__2024-01-11T00:00:00+00:00 [queued]>
[2024-01-12T16:14:11.945-0300] {taskinstance.py:1957} INFO - Dependencies all met for dep_context=requeueable deps ti=<TaskInstance: model_adventureworks_sales_category.dbt_transform scheduled__2024-01-11T00:00:00+00:00 [queued]>
[2024-01-12T16:14:11.946-0300] {taskinstance.py:2171} INFO - Starting attempt 1 of 2
[2024-01-12T16:14:11.963-0300] {taskinstance.py:2192} INFO - Executing <Task(BashOperator): dbt_transform> on 2024-01-11 00:00:00+00:00
[2024-01-12T16:14:11.966-0300] {standard_task_runner.py:60} INFO - Started process 32635 to run task
[2024-01-12T16:14:11.969-0300] {standard_task_runner.py:87} INFO - Running: ['airflow', 'tasks', 'run', 'model_adventureworks_sales_category', 'dbt_transform', 'scheduled__2024-01-11T00:00:00+00:00', '--job-id', '32', '--raw', '--subdir', 'DAGS_FOLDER/model_sales_category.py', '--cfg-path', '/tmp/tmpfx3ohvz0']
[2024-01-12T16:14:11.971-0300] {standard_task_runner.py:88} INFO - Job 32: Subtask dbt_transform
[2024-01-12T16:14:12.008-0300] {task_command.py:423} INFO - Running <TaskInstance: model_adventureworks_sales_category.dbt_transform scheduled__2024-01-11T00:00:00+00:00 [running]> on host LAPTOP-MELTBPNS.
[2024-01-12T16:14:12.068-0300] {taskinstance.py:2481} INFO - Exporting env vars: AIRFLOW_CTX_DAG_OWNER='soda_core' AIRFLOW_CTX_DAG_ID='model_adventureworks_sales_category' AIRFLOW_CTX_TASK_ID='dbt_transform' AIRFLOW_CTX_EXECUTION_DATE='2024-01-11T00:00:00+00:00' AIRFLOW_CTX_TRY_NUMBER='1' AIRFLOW_CTX_DAG_RUN_ID='scheduled__2024-01-11T00:00:00+00:00'
[2024-01-12T16:14:12.069-0300] {subprocess.py:63} INFO - Tmp dir root location: /tmp
[2024-01-12T16:14:12.070-0300] {subprocess.py:75} INFO - Running command: ['/usr/bin/bash', '-c', 'dbt run --project-dir /home/user/projects/newproj/soda//dbt/partner_cert --select transform']
[2024-01-12T16:14:12.075-0300] {subprocess.py:86} INFO - Output:
[2024-01-12T16:14:15.833-0300] {subprocess.py:93} INFO - [0m19:14:15  Running with dbt=1.7.4
[2024-01-12T16:14:16.692-0300] {subprocess.py:93} INFO - [0m19:14:16  Registered adapter: postgres=1.7.4
[2024-01-12T16:14:16.941-0300] {subprocess.py:93} INFO - [0m19:14:16  Found 3 models, 4 sources, 0 exposures, 0 metrics, 401 macros, 0 groups, 0 semantic models
[2024-01-12T16:14:16.943-0300] {subprocess.py:93} INFO - [0m19:14:16
[2024-01-12T16:14:17.163-0300] {subprocess.py:93} INFO - [0m19:14:17  Concurrency: 1 threads (target='dev')
[2024-01-12T16:14:17.164-0300] {subprocess.py:93} INFO - [0m19:14:17
[2024-01-12T16:14:17.172-0300] {subprocess.py:93} INFO - [0m19:14:17  1 of 1 START sql view model public.fact_product_category ....................... [RUN]
[2024-01-12T16:14:17.393-0300] {subprocess.py:93} INFO - [0m19:14:17  1 of 1 OK created sql view model public.fact_product_category .................. [[32mCREATE VIEW[0m in 0.22s]
[2024-01-12T16:14:17.422-0300] {subprocess.py:93} INFO - [0m19:14:17
[2024-01-12T16:14:17.423-0300] {subprocess.py:93} INFO - [0m19:14:17  Finished running 1 view model in 0 hours 0 minutes and 0.48 seconds (0.48s).
[2024-01-12T16:14:17.438-0300] {subprocess.py:93} INFO - [0m19:14:17
[2024-01-12T16:14:17.439-0300] {subprocess.py:93} INFO - [0m19:14:17  [32mCompleted successfully[0m
[2024-01-12T16:14:17.440-0300] {subprocess.py:93} INFO - [0m19:14:17
[2024-01-12T16:14:17.440-0300] {subprocess.py:93} INFO - [0m19:14:17  Done. PASS=1 WARN=0 ERROR=0 SKIP=0 TOTAL=1
[2024-01-12T16:14:18.820-0300] {subprocess.py:97} INFO - Command exited with return code 0
[2024-01-12T16:14:18.845-0300] {taskinstance.py:1138} INFO - Marking task as SUCCESS. dag_id=model_adventureworks_sales_category, task_id=dbt_transform, execution_date=20240111T000000, start_date=20240112T191411, end_date=20240112T191418
[2024-01-12T16:14:18.898-0300] {local_task_job_runner.py:234} INFO - Task exited with return code 0
[2024-01-12T16:14:18.928-0300] {taskinstance.py:3281} INFO - 1 downstream tasks scheduled from follow-on schedule check
