[2024-01-31T09:54:44.942-0300] {taskinstance.py:1957} INFO - Dependencies all met for dep_context=non-requeueable deps ti=<TaskInstance: model_adventureworks_sales_category.dbt_transform scheduled__2024-01-30T00:00:00+00:00 [queued]>
[2024-01-31T09:54:44.960-0300] {taskinstance.py:1957} INFO - Dependencies all met for dep_context=requeueable deps ti=<TaskInstance: model_adventureworks_sales_category.dbt_transform scheduled__2024-01-30T00:00:00+00:00 [queued]>
[2024-01-31T09:54:44.961-0300] {taskinstance.py:2171} INFO - Starting attempt 1 of 2
[2024-01-31T09:54:44.989-0300] {taskinstance.py:2192} INFO - Executing <Task(BashOperator): dbt_transform> on 2024-01-30 00:00:00+00:00
[2024-01-31T09:54:44.996-0300] {standard_task_runner.py:60} INFO - Started process 15827 to run task
[2024-01-31T09:54:45.000-0300] {standard_task_runner.py:87} INFO - Running: ['airflow', 'tasks', 'run', 'model_adventureworks_sales_category', 'dbt_transform', 'scheduled__2024-01-30T00:00:00+00:00', '--job-id', '43', '--raw', '--subdir', 'DAGS_FOLDER/model_sales_category.py', '--cfg-path', '/tmp/tmp4zkdzsnl']
[2024-01-31T09:54:45.003-0300] {standard_task_runner.py:88} INFO - Job 43: Subtask dbt_transform
[2024-01-31T09:54:45.060-0300] {task_command.py:423} INFO - Running <TaskInstance: model_adventureworks_sales_category.dbt_transform scheduled__2024-01-30T00:00:00+00:00 [running]> on host LAPTOP-MELTBPNS.
[2024-01-31T09:54:45.123-0300] {taskinstance.py:2481} INFO - Exporting env vars: AIRFLOW_CTX_DAG_OWNER='soda_core' AIRFLOW_CTX_DAG_ID='model_adventureworks_sales_category' AIRFLOW_CTX_TASK_ID='dbt_transform' AIRFLOW_CTX_EXECUTION_DATE='2024-01-30T00:00:00+00:00' AIRFLOW_CTX_TRY_NUMBER='1' AIRFLOW_CTX_DAG_RUN_ID='scheduled__2024-01-30T00:00:00+00:00'
[2024-01-31T09:54:45.125-0300] {subprocess.py:63} INFO - Tmp dir root location: /tmp
[2024-01-31T09:54:45.125-0300] {subprocess.py:75} INFO - Running command: ['/usr/bin/bash', '-c', 'dbt run --project-dir /home/user/projects/newproj/soda//dbt/partner_cert --select transform']
[2024-01-31T09:54:45.130-0300] {subprocess.py:86} INFO - Output:
[2024-01-31T09:54:49.652-0300] {subprocess.py:93} INFO - [0m12:54:49  Running with dbt=1.7.4
[2024-01-31T09:54:50.404-0300] {subprocess.py:93} INFO - [0m12:54:50  Registered adapter: postgres=1.7.4
[2024-01-31T09:54:50.623-0300] {subprocess.py:93} INFO - [0m12:54:50  Found 3 models, 4 sources, 0 exposures, 0 metrics, 401 macros, 0 groups, 0 semantic models
[2024-01-31T09:54:50.626-0300] {subprocess.py:93} INFO - [0m12:54:50
[2024-01-31T09:54:50.897-0300] {subprocess.py:93} INFO - [0m12:54:50  Concurrency: 1 threads (target='dev')
[2024-01-31T09:54:50.900-0300] {subprocess.py:93} INFO - [0m12:54:50
[2024-01-31T09:54:50.906-0300] {subprocess.py:93} INFO - [0m12:54:50  1 of 1 START sql view model public.fact_product_category ....................... [RUN]
[2024-01-31T09:54:51.187-0300] {subprocess.py:93} INFO - [0m12:54:51  1 of 1 OK created sql view model public.fact_product_category .................. [[32mCREATE VIEW[0m in 0.28s]
[2024-01-31T09:54:51.212-0300] {subprocess.py:93} INFO - [0m12:54:51
[2024-01-31T09:54:51.212-0300] {subprocess.py:93} INFO - [0m12:54:51  Finished running 1 view model in 0 hours 0 minutes and 0.59 seconds (0.59s).
[2024-01-31T09:54:51.226-0300] {subprocess.py:93} INFO - [0m12:54:51
[2024-01-31T09:54:51.226-0300] {subprocess.py:93} INFO - [0m12:54:51  [32mCompleted successfully[0m
[2024-01-31T09:54:51.227-0300] {subprocess.py:93} INFO - [0m12:54:51
[2024-01-31T09:54:51.227-0300] {subprocess.py:93} INFO - [0m12:54:51  Done. PASS=1 WARN=0 ERROR=0 SKIP=0 TOTAL=1
[2024-01-31T09:54:52.557-0300] {subprocess.py:97} INFO - Command exited with return code 0
[2024-01-31T09:54:52.579-0300] {taskinstance.py:1138} INFO - Marking task as SUCCESS. dag_id=model_adventureworks_sales_category, task_id=dbt_transform, execution_date=20240130T000000, start_date=20240131T125444, end_date=20240131T125452
[2024-01-31T09:54:52.603-0300] {local_task_job_runner.py:234} INFO - Task exited with return code 0
[2024-01-31T09:54:52.622-0300] {taskinstance.py:3281} INFO - 1 downstream tasks scheduled from follow-on schedule check
