[2024-01-02T12:01:52.008-0300] {taskinstance.py:1957} INFO - Dependencies all met for dep_context=non-requeueable deps ti=<TaskInstance: model_adventureworks_sales_category.checks_report manual__2024-01-02T14:58:55.713376+00:00 [queued]>
[2024-01-02T12:01:52.018-0300] {taskinstance.py:1957} INFO - Dependencies all met for dep_context=requeueable deps ti=<TaskInstance: model_adventureworks_sales_category.checks_report manual__2024-01-02T14:58:55.713376+00:00 [queued]>
[2024-01-02T12:01:52.018-0300] {taskinstance.py:2171} INFO - Starting attempt 1 of 2
[2024-01-02T12:01:52.038-0300] {taskinstance.py:2192} INFO - Executing <Task(PythonVirtualenvOperator): checks_report> on 2024-01-02 14:58:55.713376+00:00
[2024-01-02T12:01:52.042-0300] {standard_task_runner.py:60} INFO - Started process 65306 to run task
[2024-01-02T12:01:52.046-0300] {standard_task_runner.py:87} INFO - Running: ['airflow', 'tasks', 'run', 'model_adventureworks_sales_category', 'checks_report', 'manual__2024-01-02T14:58:55.713376+00:00', '--job-id', '23', '--raw', '--subdir', 'DAGS_FOLDER/model_sales_category.py', '--cfg-path', '/tmp/tmpzz_cyl22']
[2024-01-02T12:01:52.048-0300] {standard_task_runner.py:88} INFO - Job 23: Subtask checks_report
[2024-01-02T12:01:52.103-0300] {task_command.py:423} INFO - Running <TaskInstance: model_adventureworks_sales_category.checks_report manual__2024-01-02T14:58:55.713376+00:00 [running]> on host LAPTOP-MELTBPNS.
[2024-01-02T12:01:52.189-0300] {taskinstance.py:2481} INFO - Exporting env vars: AIRFLOW_CTX_DAG_OWNER='soda_core' AIRFLOW_CTX_DAG_ID='model_adventureworks_sales_category' AIRFLOW_CTX_TASK_ID='checks_report' AIRFLOW_CTX_EXECUTION_DATE='2024-01-02T14:58:55.713376+00:00' AIRFLOW_CTX_TRY_NUMBER='1' AIRFLOW_CTX_DAG_RUN_ID='manual__2024-01-02T14:58:55.713376+00:00'
[2024-01-02T12:01:52.194-0300] {process_utils.py:182} INFO - Executing cmd: /home/user/projects/newproj/soda/.venv/bin/python -m virtualenv /tmp/venvvjavx445 --python=python
[2024-01-02T12:01:52.195-0300] {process_utils.py:186} INFO - Output:
[2024-01-02T12:01:52.549-0300] {process_utils.py:190} INFO - created virtual environment CPython3.10.12.final.0-64 in 231ms
[2024-01-02T12:01:52.550-0300] {process_utils.py:190} INFO -   creator CPython3Posix(dest=/tmp/venvvjavx445, clear=False, no_vcs_ignore=False, global=False)
[2024-01-02T12:01:52.550-0300] {process_utils.py:190} INFO -   seeder FromAppData(download=False, pip=bundle, setuptools=bundle, wheel=bundle, via=copy, app_data_dir=/home/user/.local/share/virtualenv)
[2024-01-02T12:01:52.550-0300] {process_utils.py:190} INFO -     added seed packages: pip==23.3.2, setuptools==69.0.3, wheel==0.42.0
[2024-01-02T12:01:52.550-0300] {process_utils.py:190} INFO -   activators BashActivator,CShellActivator,FishActivator,NushellActivator,PowerShellActivator,PythonActivator
[2024-01-02T12:01:52.577-0300] {process_utils.py:182} INFO - Executing cmd: /tmp/venvvjavx445/bin/pip install -r /tmp/venvvjavx445/requirements.txt
[2024-01-02T12:01:52.578-0300] {process_utils.py:186} INFO - Output:
[2024-01-02T12:01:53.765-0300] {process_utils.py:190} INFO - Looking in indexes: https://pypi.cloud.soda.io
[2024-01-02T12:01:55.132-0300] {process_utils.py:190} INFO - Collecting soda-postgres (from -r /tmp/venvvjavx445/requirements.txt (line 2))
[2024-01-02T12:01:55.372-0300] {process_utils.py:190} INFO -   Downloading https://pypi.cloud.soda.io/packages/soda_postgres-1.1.28-py3-none-any.whl (5.2 kB)
[2024-01-02T12:01:55.882-0300] {process_utils.py:190} INFO - Collecting soda-scientific (from -r /tmp/venvvjavx445/requirements.txt (line 3))
[2024-01-02T12:01:56.126-0300] {process_utils.py:190} INFO -   Downloading https://pypi.cloud.soda.io/packages/soda_scientific-1.1.28-py3-none-any.whl (21 kB)
[2024-01-02T12:01:56.640-0300] {process_utils.py:190} INFO - Collecting soda==1.1.28 (from soda-postgres->-r /tmp/venvvjavx445/requirements.txt (line 2))
[2024-01-02T12:01:56.890-0300] {process_utils.py:190} INFO -   Downloading https://pypi.cloud.soda.io/packages/soda-1.1.28-py3-none-any.whl (246 kB)
[2024-01-02T12:01:57.377-0300] {process_utils.py:190} INFO -      ━━━━━━━━━━━━━━━━━━━━━━━━━━━━━━━━━━━━━━━━ 246.7/246.7 kB 489.9 kB/s eta 0:00:00
[2024-01-02T12:01:58.105-0300] {process_utils.py:190} INFO - Collecting psycopg2-binary<3.0,>=2.8.5 (from soda-postgres->-r /tmp/venvvjavx445/requirements.txt (line 2))
[2024-01-02T12:01:58.106-0300] {process_utils.py:190} INFO -   Using cached psycopg2_binary-2.9.9-cp310-cp310-manylinux_2_17_x86_64.manylinux2014_x86_64.whl.metadata (4.4 kB)
[2024-01-02T12:01:58.685-0300] {process_utils.py:190} INFO - Collecting markupsafe<=2.1.2,>=2.0.1 (from soda==1.1.28->soda-postgres->-r /tmp/venvvjavx445/requirements.txt (line 2))
[2024-01-02T12:01:58.686-0300] {process_utils.py:190} INFO -   Using cached MarkupSafe-2.1.2-cp310-cp310-manylinux_2_17_x86_64.manylinux2014_x86_64.whl (25 kB)
[2024-01-02T12:01:59.235-0300] {process_utils.py:190} INFO - Collecting Jinja2<4.0,>=2.11 (from soda==1.1.28->soda-postgres->-r /tmp/venvvjavx445/requirements.txt (line 2))
[2024-01-02T12:01:59.237-0300] {process_utils.py:190} INFO -   Using cached Jinja2-3.1.2-py3-none-any.whl (133 kB)
[2024-01-02T12:01:59.779-0300] {process_utils.py:190} INFO - Collecting click~=8.0 (from soda==1.1.28->soda-postgres->-r /tmp/venvvjavx445/requirements.txt (line 2))
[2024-01-02T12:01:59.781-0300] {process_utils.py:190} INFO -   Using cached click-8.1.7-py3-none-any.whl.metadata (3.0 kB)
[2024-01-02T12:02:00.459-0300] {process_utils.py:190} INFO - Collecting ruamel.yaml<0.18.0,>=0.17.0 (from soda==1.1.28->soda-postgres->-r /tmp/venvvjavx445/requirements.txt (line 2))
[2024-01-02T12:02:00.463-0300] {process_utils.py:190} INFO -   Using cached ruamel.yaml-0.17.40-py3-none-any.whl.metadata (19 kB)
[2024-01-02T12:02:01.015-0300] {process_utils.py:190} INFO - Collecting requests~=2.28 (from soda==1.1.28->soda-postgres->-r /tmp/venvvjavx445/requirements.txt (line 2))
[2024-01-02T12:02:01.017-0300] {process_utils.py:190} INFO -   Using cached requests-2.31.0-py3-none-any.whl.metadata (4.6 kB)
[2024-01-02T12:02:01.556-0300] {process_utils.py:190} INFO - Collecting antlr4-python3-runtime~=4.11.1 (from soda==1.1.28->soda-postgres->-r /tmp/venvvjavx445/requirements.txt (line 2))
[2024-01-02T12:02:01.560-0300] {process_utils.py:190} INFO -   Using cached antlr4_python3_runtime-4.11.1-py3-none-any.whl (144 kB)
[2024-01-02T12:02:02.114-0300] {process_utils.py:190} INFO - Collecting opentelemetry-api~=1.16.0 (from soda==1.1.28->soda-postgres->-r /tmp/venvvjavx445/requirements.txt (line 2))
[2024-01-02T12:02:02.115-0300] {process_utils.py:190} INFO -   Using cached opentelemetry_api-1.16.0-py3-none-any.whl (57 kB)
[2024-01-02T12:02:02.654-0300] {process_utils.py:190} INFO - Collecting opentelemetry-exporter-otlp-proto-http~=1.16.0 (from soda==1.1.28->soda-postgres->-r /tmp/venvvjavx445/requirements.txt (line 2))
[2024-01-02T12:02:02.655-0300] {process_utils.py:190} INFO -   Using cached opentelemetry_exporter_otlp_proto_http-1.16.0-py3-none-any.whl (21 kB)
[2024-01-02T12:02:03.210-0300] {process_utils.py:190} INFO - Collecting sqlparse~=0.4 (from soda==1.1.28->soda-postgres->-r /tmp/venvvjavx445/requirements.txt (line 2))
[2024-01-02T12:02:03.212-0300] {process_utils.py:190} INFO -   Using cached sqlparse-0.4.4-py3-none-any.whl (41 kB)
[2024-01-02T12:02:03.750-0300] {process_utils.py:190} INFO - Collecting inflect~=7.0 (from soda==1.1.28->soda-postgres->-r /tmp/venvvjavx445/requirements.txt (line 2))
[2024-01-02T12:02:03.751-0300] {process_utils.py:190} INFO -   Using cached inflect-7.0.0-py3-none-any.whl.metadata (21 kB)
[2024-01-02T12:02:04.249-0300] {process_utils.py:190} INFO - Collecting soda-freshness<1.0.0,>=0.0.5 (from soda==1.1.28->soda-postgres->-r /tmp/venvvjavx445/requirements.txt (line 2))
[2024-01-02T12:02:04.493-0300] {process_utils.py:190} INFO -   Downloading https://pypi.cloud.soda.io/packages/soda_freshness-0.0.5-py3-none-any.whl (4.3 kB)
[2024-01-02T12:02:04.983-0300] {process_utils.py:190} INFO - Collecting ia-questionary (from soda==1.1.28->soda-postgres->-r /tmp/venvvjavx445/requirements.txt (line 2))
[2024-01-02T12:02:05.226-0300] {process_utils.py:190} INFO -   Downloading https://pypi.cloud.soda.io/packages/ia_questionary-1.10.0-py3-none-any.whl (35 kB)
[2024-01-02T12:02:05.819-0300] {process_utils.py:190} INFO - Collecting rich<14.0.0,>=13.3.3 (from soda==1.1.28->soda-postgres->-r /tmp/venvvjavx445/requirements.txt (line 2))
[2024-01-02T12:02:05.821-0300] {process_utils.py:190} INFO -   Using cached rich-13.7.0-py3-none-any.whl.metadata (18 kB)
[2024-01-02T12:02:06.372-0300] {process_utils.py:190} INFO - Collecting typer<1.0.0,>=0.7.0 (from soda==1.1.28->soda-postgres->-r /tmp/venvvjavx445/requirements.txt (line 2))
[2024-01-02T12:02:06.376-0300] {process_utils.py:190} INFO -   Using cached typer-0.9.0-py3-none-any.whl (45 kB)
[2024-01-02T12:02:07.045-0300] {process_utils.py:190} INFO - Collecting pydantic<3.0.0,>=2.0.0 (from soda==1.1.28->soda-postgres->-r /tmp/venvvjavx445/requirements.txt (line 2))
[2024-01-02T12:02:07.046-0300] {process_utils.py:190} INFO -   Using cached pydantic-2.5.3-py3-none-any.whl.metadata (65 kB)
[2024-01-02T12:02:07.611-0300] {process_utils.py:190} INFO - Collecting pyyaml<7.0.0,>=5.4.1 (from soda==1.1.28->soda-postgres->-r /tmp/venvvjavx445/requirements.txt (line 2))
[2024-01-02T12:02:07.613-0300] {process_utils.py:190} INFO -   Using cached PyYAML-6.0.1-cp310-cp310-manylinux_2_17_x86_64.manylinux2014_x86_64.whl.metadata (2.1 kB)
[2024-01-02T12:02:08.151-0300] {process_utils.py:190} INFO - Collecting segment-analytics-python<3.0.0 (from soda==1.1.28->soda-postgres->-r /tmp/venvvjavx445/requirements.txt (line 2))
[2024-01-02T12:02:08.152-0300] {process_utils.py:190} INFO -   Using cached segment_analytics_python-2.2.3-py2.py3-none-any.whl.metadata (1.6 kB)
[2024-01-02T12:02:08.799-0300] {process_utils.py:190} INFO - Collecting pandas<2.0.0,>=1.3.5 (from soda==1.1.28->soda-postgres->-r /tmp/venvvjavx445/requirements.txt (line 2))
[2024-01-02T12:02:08.800-0300] {process_utils.py:190} INFO -   Using cached pandas-1.5.3-cp310-cp310-manylinux_2_17_x86_64.manylinux2014_x86_64.whl (12.1 MB)
[2024-01-02T12:02:09.395-0300] {process_utils.py:190} INFO - Collecting deepdiff~=6.3 (from soda==1.1.28->soda-postgres->-r /tmp/venvvjavx445/requirements.txt (line 2))
[2024-01-02T12:02:09.398-0300] {process_utils.py:190} INFO -   Using cached deepdiff-6.7.1-py3-none-any.whl.metadata (6.1 kB)
[2024-01-02T12:02:09.406-0300] {process_utils.py:190} INFO - Requirement already satisfied: wheel in /tmp/venvvjavx445/lib/python3.10/site-packages (from soda-scientific->-r /tmp/venvvjavx445/requirements.txt (line 3)) (0.42.0)
[2024-01-02T12:02:10.019-0300] {process_utils.py:190} INFO - Collecting scipy>=1.8.0 (from soda-scientific->-r /tmp/venvvjavx445/requirements.txt (line 3))
[2024-01-02T12:02:10.021-0300] {process_utils.py:190} INFO -   Using cached scipy-1.11.4-cp310-cp310-manylinux_2_17_x86_64.manylinux2014_x86_64.whl.metadata (60 kB)
[2024-01-02T12:02:10.719-0300] {process_utils.py:190} INFO - Collecting numpy<2.0.0,>=1.23.3 (from soda-scientific->-r /tmp/venvvjavx445/requirements.txt (line 3))
[2024-01-02T12:02:10.720-0300] {process_utils.py:190} INFO -   Using cached numpy-1.26.2-cp310-cp310-manylinux_2_17_x86_64.manylinux2014_x86_64.whl.metadata (61 kB)
[2024-01-02T12:02:11.254-0300] {process_utils.py:190} INFO - Collecting inflection==0.5.1 (from soda-scientific->-r /tmp/venvvjavx445/requirements.txt (line 3))
[2024-01-02T12:02:11.255-0300] {process_utils.py:190} INFO -   Using cached inflection-0.5.1-py2.py3-none-any.whl (9.5 kB)
[2024-01-02T12:02:11.803-0300] {process_utils.py:190} INFO - Collecting httpx<2.0.0,>=0.18.1 (from soda-scientific->-r /tmp/venvvjavx445/requirements.txt (line 3))
[2024-01-02T12:02:11.804-0300] {process_utils.py:190} INFO -   Using cached httpx-0.26.0-py3-none-any.whl.metadata (7.6 kB)
[2024-01-02T12:02:12.593-0300] {process_utils.py:190} INFO - Collecting cython>=0.22 (from soda-scientific->-r /tmp/venvvjavx445/requirements.txt (line 3))
[2024-01-02T12:02:12.596-0300] {process_utils.py:190} INFO -   Using cached Cython-3.0.7-cp310-cp310-manylinux_2_17_x86_64.manylinux2014_x86_64.whl.metadata (3.2 kB)
[2024-01-02T12:02:13.138-0300] {process_utils.py:190} INFO - Collecting prophet<2.0.0,>=1.1.0 (from soda-scientific->-r /tmp/venvvjavx445/requirements.txt (line 3))
[2024-01-02T12:02:13.139-0300] {process_utils.py:190} INFO -   Using cached prophet-1.1.5-py3-none-manylinux_2_17_x86_64.manylinux2014_x86_64.whl.metadata (3.5 kB)
[2024-01-02T12:02:13.700-0300] {process_utils.py:190} INFO - Collecting anyio (from httpx<2.0.0,>=0.18.1->soda-scientific->-r /tmp/venvvjavx445/requirements.txt (line 3))
[2024-01-02T12:02:13.702-0300] {process_utils.py:190} INFO -   Using cached anyio-4.2.0-py3-none-any.whl.metadata (4.6 kB)
[2024-01-02T12:02:14.247-0300] {process_utils.py:190} INFO - Collecting certifi (from httpx<2.0.0,>=0.18.1->soda-scientific->-r /tmp/venvvjavx445/requirements.txt (line 3))
[2024-01-02T12:02:14.249-0300] {process_utils.py:190} INFO -   Using cached certifi-2023.11.17-py3-none-any.whl.metadata (2.2 kB)
[2024-01-02T12:02:14.806-0300] {process_utils.py:190} INFO - Collecting httpcore==1.* (from httpx<2.0.0,>=0.18.1->soda-scientific->-r /tmp/venvvjavx445/requirements.txt (line 3))
[2024-01-02T12:02:14.808-0300] {process_utils.py:190} INFO -   Using cached httpcore-1.0.2-py3-none-any.whl.metadata (20 kB)
[2024-01-02T12:02:15.350-0300] {process_utils.py:190} INFO - Collecting idna (from httpx<2.0.0,>=0.18.1->soda-scientific->-r /tmp/venvvjavx445/requirements.txt (line 3))
[2024-01-02T12:02:15.352-0300] {process_utils.py:190} INFO -   Using cached idna-3.6-py3-none-any.whl.metadata (9.9 kB)
[2024-01-02T12:02:15.892-0300] {process_utils.py:190} INFO - Collecting sniffio (from httpx<2.0.0,>=0.18.1->soda-scientific->-r /tmp/venvvjavx445/requirements.txt (line 3))
[2024-01-02T12:02:15.900-0300] {process_utils.py:190} INFO -   Using cached sniffio-1.3.0-py3-none-any.whl (10 kB)
[2024-01-02T12:02:16.453-0300] {process_utils.py:190} INFO - Collecting h11<0.15,>=0.13 (from httpcore==1.*->httpx<2.0.0,>=0.18.1->soda-scientific->-r /tmp/venvvjavx445/requirements.txt (line 3))
[2024-01-02T12:02:16.455-0300] {process_utils.py:190} INFO -   Using cached h11-0.14.0-py3-none-any.whl (58 kB)
[2024-01-02T12:02:17.016-0300] {process_utils.py:190} INFO - Collecting python-dateutil>=2.8.1 (from pandas<2.0.0,>=1.3.5->soda==1.1.28->soda-postgres->-r /tmp/venvvjavx445/requirements.txt (line 2))
[2024-01-02T12:02:17.017-0300] {process_utils.py:190} INFO -   Using cached python_dateutil-2.8.2-py2.py3-none-any.whl (247 kB)
[2024-01-02T12:02:17.582-0300] {process_utils.py:190} INFO - Collecting pytz>=2020.1 (from pandas<2.0.0,>=1.3.5->soda==1.1.28->soda-postgres->-r /tmp/venvvjavx445/requirements.txt (line 2))
[2024-01-02T12:02:17.584-0300] {process_utils.py:190} INFO -   Using cached pytz-2023.3.post1-py2.py3-none-any.whl.metadata (22 kB)
[2024-01-02T12:02:18.150-0300] {process_utils.py:190} INFO - Collecting cmdstanpy>=1.0.4 (from prophet<2.0.0,>=1.1.0->soda-scientific->-r /tmp/venvvjavx445/requirements.txt (line 3))
[2024-01-02T12:02:18.151-0300] {process_utils.py:190} INFO -   Using cached cmdstanpy-1.2.0-py3-none-any.whl.metadata (3.9 kB)
[2024-01-02T12:02:18.805-0300] {process_utils.py:190} INFO - Collecting matplotlib>=2.0.0 (from prophet<2.0.0,>=1.1.0->soda-scientific->-r /tmp/venvvjavx445/requirements.txt (line 3))
[2024-01-02T12:02:18.807-0300] {process_utils.py:190} INFO -   Using cached matplotlib-3.8.2-cp310-cp310-manylinux_2_17_x86_64.manylinux2014_x86_64.whl.metadata (5.8 kB)
[2024-01-02T12:02:19.363-0300] {process_utils.py:190} INFO - Collecting holidays>=0.25 (from prophet<2.0.0,>=1.1.0->soda-scientific->-r /tmp/venvvjavx445/requirements.txt (line 3))
[2024-01-02T12:02:19.365-0300] {process_utils.py:190} INFO -   Using cached holidays-0.40-py3-none-any.whl.metadata (21 kB)
[2024-01-02T12:02:19.949-0300] {process_utils.py:190} INFO - Collecting tqdm>=4.36.1 (from prophet<2.0.0,>=1.1.0->soda-scientific->-r /tmp/venvvjavx445/requirements.txt (line 3))
[2024-01-02T12:02:19.950-0300] {process_utils.py:190} INFO -   Using cached tqdm-4.66.1-py3-none-any.whl.metadata (57 kB)
[2024-01-02T12:02:20.508-0300] {process_utils.py:190} INFO - Collecting importlib-resources (from prophet<2.0.0,>=1.1.0->soda-scientific->-r /tmp/venvvjavx445/requirements.txt (line 3))
[2024-01-02T12:02:20.511-0300] {process_utils.py:190} INFO -   Using cached importlib_resources-6.1.1-py3-none-any.whl.metadata (4.1 kB)
[2024-01-02T12:02:21.055-0300] {process_utils.py:190} INFO - Collecting annotated-types>=0.4.0 (from pydantic<3.0.0,>=2.0.0->soda==1.1.28->soda-postgres->-r /tmp/venvvjavx445/requirements.txt (line 2))
[2024-01-02T12:02:21.057-0300] {process_utils.py:190} INFO -   Using cached annotated_types-0.6.0-py3-none-any.whl.metadata (12 kB)
[2024-01-02T12:02:22.055-0300] {process_utils.py:190} INFO - Collecting pydantic-core==2.14.6 (from pydantic<3.0.0,>=2.0.0->soda==1.1.28->soda-postgres->-r /tmp/venvvjavx445/requirements.txt (line 2))
[2024-01-02T12:02:22.058-0300] {process_utils.py:190} INFO -   Using cached pydantic_core-2.14.6-cp310-cp310-manylinux_2_17_x86_64.manylinux2014_x86_64.whl.metadata (6.5 kB)
[2024-01-02T12:02:22.604-0300] {process_utils.py:190} INFO - Collecting typing-extensions>=4.6.1 (from pydantic<3.0.0,>=2.0.0->soda==1.1.28->soda-postgres->-r /tmp/venvvjavx445/requirements.txt (line 2))
[2024-01-02T12:02:22.605-0300] {process_utils.py:190} INFO -   Using cached typing_extensions-4.9.0-py3-none-any.whl.metadata (3.0 kB)
[2024-01-02T12:02:23.215-0300] {process_utils.py:190} INFO - Collecting stanio~=0.3.0 (from cmdstanpy>=1.0.4->prophet<2.0.0,>=1.1.0->soda-scientific->-r /tmp/venvvjavx445/requirements.txt (line 3))
[2024-01-02T12:02:23.216-0300] {process_utils.py:190} INFO -   Using cached stanio-0.3.0-py3-none-any.whl.metadata (963 bytes)
[2024-01-02T12:02:23.759-0300] {process_utils.py:190} INFO - Collecting ordered-set<4.2.0,>=4.0.2 (from deepdiff~=6.3->soda==1.1.28->soda-postgres->-r /tmp/venvvjavx445/requirements.txt (line 2))
[2024-01-02T12:02:23.762-0300] {process_utils.py:190} INFO -   Using cached ordered_set-4.1.0-py3-none-any.whl (7.6 kB)
[2024-01-02T12:02:24.404-0300] {process_utils.py:190} INFO - Collecting contourpy>=1.0.1 (from matplotlib>=2.0.0->prophet<2.0.0,>=1.1.0->soda-scientific->-r /tmp/venvvjavx445/requirements.txt (line 3))
[2024-01-02T12:02:24.405-0300] {process_utils.py:190} INFO -   Using cached contourpy-1.2.0-cp310-cp310-manylinux_2_17_x86_64.manylinux2014_x86_64.whl.metadata (5.8 kB)
[2024-01-02T12:02:24.947-0300] {process_utils.py:190} INFO - Collecting cycler>=0.10 (from matplotlib>=2.0.0->prophet<2.0.0,>=1.1.0->soda-scientific->-r /tmp/venvvjavx445/requirements.txt (line 3))
[2024-01-02T12:02:24.950-0300] {process_utils.py:190} INFO -   Using cached cycler-0.12.1-py3-none-any.whl.metadata (3.8 kB)
[2024-01-02T12:02:25.629-0300] {process_utils.py:190} INFO - Collecting fonttools>=4.22.0 (from matplotlib>=2.0.0->prophet<2.0.0,>=1.1.0->soda-scientific->-r /tmp/venvvjavx445/requirements.txt (line 3))
[2024-01-02T12:02:25.631-0300] {process_utils.py:190} INFO -   Using cached fonttools-4.47.0-cp310-cp310-manylinux_2_17_x86_64.manylinux2014_x86_64.whl.metadata (157 kB)
[2024-01-02T12:02:26.205-0300] {process_utils.py:190} INFO - Collecting kiwisolver>=1.3.1 (from matplotlib>=2.0.0->prophet<2.0.0,>=1.1.0->soda-scientific->-r /tmp/venvvjavx445/requirements.txt (line 3))
[2024-01-02T12:02:26.206-0300] {process_utils.py:190} INFO -   Using cached kiwisolver-1.4.5-cp310-cp310-manylinux_2_12_x86_64.manylinux2010_x86_64.whl.metadata (6.4 kB)
[2024-01-02T12:02:26.766-0300] {process_utils.py:190} INFO - Collecting packaging>=20.0 (from matplotlib>=2.0.0->prophet<2.0.0,>=1.1.0->soda-scientific->-r /tmp/venvvjavx445/requirements.txt (line 3))
[2024-01-02T12:02:26.767-0300] {process_utils.py:190} INFO -   Using cached packaging-23.2-py3-none-any.whl.metadata (3.2 kB)
[2024-01-02T12:02:27.444-0300] {process_utils.py:190} INFO - Collecting pillow>=8 (from matplotlib>=2.0.0->prophet<2.0.0,>=1.1.0->soda-scientific->-r /tmp/venvvjavx445/requirements.txt (line 3))
[2024-01-02T12:02:27.445-0300] {process_utils.py:190} INFO -   Using cached pillow-10.2.0-cp310-cp310-manylinux_2_28_x86_64.whl.metadata (9.7 kB)
[2024-01-02T12:02:28.005-0300] {process_utils.py:190} INFO - Collecting pyparsing>=2.3.1 (from matplotlib>=2.0.0->prophet<2.0.0,>=1.1.0->soda-scientific->-r /tmp/venvvjavx445/requirements.txt (line 3))
[2024-01-02T12:02:28.007-0300] {process_utils.py:190} INFO -   Using cached pyparsing-3.1.1-py3-none-any.whl.metadata (5.1 kB)
[2024-01-02T12:02:28.561-0300] {process_utils.py:190} INFO - Collecting deprecated>=1.2.6 (from opentelemetry-api~=1.16.0->soda==1.1.28->soda-postgres->-r /tmp/venvvjavx445/requirements.txt (line 2))
[2024-01-02T12:02:28.563-0300] {process_utils.py:190} INFO -   Using cached Deprecated-1.2.14-py2.py3-none-any.whl.metadata (5.4 kB)
[2024-01-02T12:02:28.564-0300] {process_utils.py:190} INFO - Requirement already satisfied: setuptools>=16.0 in /tmp/venvvjavx445/lib/python3.10/site-packages (from opentelemetry-api~=1.16.0->soda==1.1.28->soda-postgres->-r /tmp/venvvjavx445/requirements.txt (line 2)) (69.0.3)
[2024-01-02T12:02:29.137-0300] {process_utils.py:190} INFO - Collecting backoff<3.0.0,>=1.10.0 (from opentelemetry-exporter-otlp-proto-http~=1.16.0->soda==1.1.28->soda-postgres->-r /tmp/venvvjavx445/requirements.txt (line 2))
[2024-01-02T12:02:29.138-0300] {process_utils.py:190} INFO -   Using cached backoff-2.2.1-py3-none-any.whl (15 kB)
[2024-01-02T12:02:29.679-0300] {process_utils.py:190} INFO - Collecting googleapis-common-protos~=1.52 (from opentelemetry-exporter-otlp-proto-http~=1.16.0->soda==1.1.28->soda-postgres->-r /tmp/venvvjavx445/requirements.txt (line 2))
[2024-01-02T12:02:29.681-0300] {process_utils.py:190} INFO -   Using cached googleapis_common_protos-1.62.0-py2.py3-none-any.whl.metadata (1.5 kB)
[2024-01-02T12:02:30.231-0300] {process_utils.py:190} INFO - Collecting opentelemetry-proto==1.16.0 (from opentelemetry-exporter-otlp-proto-http~=1.16.0->soda==1.1.28->soda-postgres->-r /tmp/venvvjavx445/requirements.txt (line 2))
[2024-01-02T12:02:30.232-0300] {process_utils.py:190} INFO -   Using cached opentelemetry_proto-1.16.0-py3-none-any.whl (52 kB)
[2024-01-02T12:02:30.779-0300] {process_utils.py:190} INFO - Collecting opentelemetry-sdk~=1.16.0 (from opentelemetry-exporter-otlp-proto-http~=1.16.0->soda==1.1.28->soda-postgres->-r /tmp/venvvjavx445/requirements.txt (line 2))
[2024-01-02T12:02:30.780-0300] {process_utils.py:190} INFO -   Using cached opentelemetry_sdk-1.16.0-py3-none-any.whl (94 kB)
[2024-01-02T12:02:31.473-0300] {process_utils.py:190} INFO - Collecting protobuf<5.0,>=3.19 (from opentelemetry-proto==1.16.0->opentelemetry-exporter-otlp-proto-http~=1.16.0->soda==1.1.28->soda-postgres->-r /tmp/venvvjavx445/requirements.txt (line 2))
[2024-01-02T12:02:31.475-0300] {process_utils.py:190} INFO -   Using cached protobuf-4.25.1-cp37-abi3-manylinux2014_x86_64.whl.metadata (541 bytes)
[2024-01-02T12:02:32.015-0300] {process_utils.py:190} INFO - Collecting six>=1.5 (from python-dateutil>=2.8.1->pandas<2.0.0,>=1.3.5->soda==1.1.28->soda-postgres->-r /tmp/venvvjavx445/requirements.txt (line 2))
[2024-01-02T12:02:32.017-0300] {process_utils.py:190} INFO -   Using cached six-1.16.0-py2.py3-none-any.whl (11 kB)
[2024-01-02T12:02:32.629-0300] {process_utils.py:190} INFO - Collecting charset-normalizer<4,>=2 (from requests~=2.28->soda==1.1.28->soda-postgres->-r /tmp/venvvjavx445/requirements.txt (line 2))
[2024-01-02T12:02:32.631-0300] {process_utils.py:190} INFO -   Using cached charset_normalizer-3.3.2-cp310-cp310-manylinux_2_17_x86_64.manylinux2014_x86_64.whl.metadata (33 kB)
[2024-01-02T12:02:33.196-0300] {process_utils.py:190} INFO - Collecting urllib3<3,>=1.21.1 (from requests~=2.28->soda==1.1.28->soda-postgres->-r /tmp/venvvjavx445/requirements.txt (line 2))
[2024-01-02T12:02:33.198-0300] {process_utils.py:190} INFO -   Using cached urllib3-2.1.0-py3-none-any.whl.metadata (6.4 kB)
[2024-01-02T12:02:33.765-0300] {process_utils.py:190} INFO - Collecting markdown-it-py>=2.2.0 (from rich<14.0.0,>=13.3.3->soda==1.1.28->soda-postgres->-r /tmp/venvvjavx445/requirements.txt (line 2))
[2024-01-02T12:02:33.767-0300] {process_utils.py:190} INFO -   Using cached markdown_it_py-3.0.0-py3-none-any.whl.metadata (6.9 kB)
[2024-01-02T12:02:34.321-0300] {process_utils.py:190} INFO - Collecting pygments<3.0.0,>=2.13.0 (from rich<14.0.0,>=13.3.3->soda==1.1.28->soda-postgres->-r /tmp/venvvjavx445/requirements.txt (line 2))
[2024-01-02T12:02:34.325-0300] {process_utils.py:190} INFO -   Using cached pygments-2.17.2-py3-none-any.whl.metadata (2.6 kB)
[2024-01-02T12:02:34.885-0300] {process_utils.py:190} INFO - Collecting ruamel.yaml.clib>=0.2.7 (from ruamel.yaml<0.18.0,>=0.17.0->soda==1.1.28->soda-postgres->-r /tmp/venvvjavx445/requirements.txt (line 2))
[2024-01-02T12:02:34.887-0300] {process_utils.py:190} INFO -   Using cached ruamel.yaml.clib-0.2.8-cp310-cp310-manylinux_2_17_x86_64.manylinux2014_x86_64.manylinux_2_24_x86_64.whl.metadata (2.2 kB)
[2024-01-02T12:02:35.516-0300] {process_utils.py:190} INFO - Collecting monotonic~=1.5 (from segment-analytics-python<3.0.0->soda==1.1.28->soda-postgres->-r /tmp/venvvjavx445/requirements.txt (line 2))
[2024-01-02T12:02:35.518-0300] {process_utils.py:190} INFO -   Using cached monotonic-1.6-py2.py3-none-any.whl (8.2 kB)
[2024-01-02T12:02:36.204-0300] {process_utils.py:190} INFO - Collecting exceptiongroup>=1.0.2 (from anyio->httpx<2.0.0,>=0.18.1->soda-scientific->-r /tmp/venvvjavx445/requirements.txt (line 3))
[2024-01-02T12:02:36.206-0300] {process_utils.py:190} INFO -   Using cached exceptiongroup-1.2.0-py3-none-any.whl.metadata (6.6 kB)
[2024-01-02T12:02:36.795-0300] {process_utils.py:190} INFO - Collecting prompt_toolkit<=3.0.36,>=2.0 (from ia-questionary->soda==1.1.28->soda-postgres->-r /tmp/venvvjavx445/requirements.txt (line 2))
[2024-01-02T12:02:36.798-0300] {process_utils.py:190} INFO -   Using cached prompt_toolkit-3.0.36-py3-none-any.whl (386 kB)
[2024-01-02T12:02:37.501-0300] {process_utils.py:190} INFO - Collecting wrapt<2,>=1.10 (from deprecated>=1.2.6->opentelemetry-api~=1.16.0->soda==1.1.28->soda-postgres->-r /tmp/venvvjavx445/requirements.txt (line 2))
[2024-01-02T12:02:37.502-0300] {process_utils.py:190} INFO -   Using cached wrapt-1.16.0-cp310-cp310-manylinux_2_5_x86_64.manylinux1_x86_64.manylinux_2_17_x86_64.manylinux2014_x86_64.whl.metadata (6.6 kB)
[2024-01-02T12:02:38.180-0300] {process_utils.py:190} INFO - Collecting mdurl~=0.1 (from markdown-it-py>=2.2.0->rich<14.0.0,>=13.3.3->soda==1.1.28->soda-postgres->-r /tmp/venvvjavx445/requirements.txt (line 2))
[2024-01-02T12:02:38.182-0300] {process_utils.py:190} INFO -   Using cached mdurl-0.1.2-py3-none-any.whl (10.0 kB)
[2024-01-02T12:02:38.746-0300] {process_utils.py:190} INFO - Collecting opentelemetry-semantic-conventions==0.37b0 (from opentelemetry-sdk~=1.16.0->opentelemetry-exporter-otlp-proto-http~=1.16.0->soda==1.1.28->soda-postgres->-r /tmp/venvvjavx445/requirements.txt (line 2))
[2024-01-02T12:02:38.747-0300] {process_utils.py:190} INFO -   Using cached opentelemetry_semantic_conventions-0.37b0-py3-none-any.whl (26 kB)
[2024-01-02T12:02:39.369-0300] {process_utils.py:190} INFO - Collecting wcwidth (from prompt_toolkit<=3.0.36,>=2.0->ia-questionary->soda==1.1.28->soda-postgres->-r /tmp/venvvjavx445/requirements.txt (line 2))
[2024-01-02T12:02:39.370-0300] {process_utils.py:190} INFO -   Using cached wcwidth-0.2.12-py2.py3-none-any.whl.metadata (14 kB)
[2024-01-02T12:02:39.585-0300] {process_utils.py:190} INFO - Using cached Cython-3.0.7-cp310-cp310-manylinux_2_17_x86_64.manylinux2014_x86_64.whl (3.6 MB)
[2024-01-02T12:02:39.597-0300] {process_utils.py:190} INFO - Using cached httpx-0.26.0-py3-none-any.whl (75 kB)
[2024-01-02T12:02:39.599-0300] {process_utils.py:190} INFO - Using cached httpcore-1.0.2-py3-none-any.whl (76 kB)
[2024-01-02T12:02:39.601-0300] {process_utils.py:190} INFO - Using cached numpy-1.26.2-cp310-cp310-manylinux_2_17_x86_64.manylinux2014_x86_64.whl (18.2 MB)
[2024-01-02T12:02:39.627-0300] {process_utils.py:190} INFO - Using cached prophet-1.1.5-py3-none-manylinux_2_17_x86_64.manylinux2014_x86_64.whl (14.4 MB)
[2024-01-02T12:02:39.651-0300] {process_utils.py:190} INFO - Using cached psycopg2_binary-2.9.9-cp310-cp310-manylinux_2_17_x86_64.manylinux2014_x86_64.whl (3.0 MB)
[2024-01-02T12:02:39.658-0300] {process_utils.py:190} INFO - Using cached pydantic-2.5.3-py3-none-any.whl (381 kB)
[2024-01-02T12:02:39.662-0300] {process_utils.py:190} INFO - Using cached pydantic_core-2.14.6-cp310-cp310-manylinux_2_17_x86_64.manylinux2014_x86_64.whl (2.1 MB)
[2024-01-02T12:02:39.666-0300] {process_utils.py:190} INFO - Using cached PyYAML-6.0.1-cp310-cp310-manylinux_2_17_x86_64.manylinux2014_x86_64.whl (705 kB)
[2024-01-02T12:02:39.669-0300] {process_utils.py:190} INFO - Using cached scipy-1.11.4-cp310-cp310-manylinux_2_17_x86_64.manylinux2014_x86_64.whl (36.4 MB)
[2024-01-02T12:02:39.732-0300] {process_utils.py:190} INFO - Using cached annotated_types-0.6.0-py3-none-any.whl (12 kB)
[2024-01-02T12:02:39.733-0300] {process_utils.py:190} INFO - Using cached click-8.1.7-py3-none-any.whl (97 kB)
[2024-01-02T12:02:39.735-0300] {process_utils.py:190} INFO - Using cached cmdstanpy-1.2.0-py3-none-any.whl (93 kB)
[2024-01-02T12:02:39.736-0300] {process_utils.py:190} INFO - Using cached deepdiff-6.7.1-py3-none-any.whl (76 kB)
[2024-01-02T12:02:39.737-0300] {process_utils.py:190} INFO - Using cached holidays-0.40-py3-none-any.whl (889 kB)
[2024-01-02T12:02:39.740-0300] {process_utils.py:190} INFO - Using cached inflect-7.0.0-py3-none-any.whl (34 kB)
[2024-01-02T12:02:39.742-0300] {process_utils.py:190} INFO - Using cached matplotlib-3.8.2-cp310-cp310-manylinux_2_17_x86_64.manylinux2014_x86_64.whl (11.6 MB)
[2024-01-02T12:02:39.763-0300] {process_utils.py:190} INFO - Using cached pytz-2023.3.post1-py2.py3-none-any.whl (502 kB)
[2024-01-02T12:02:39.765-0300] {process_utils.py:190} INFO - Using cached requests-2.31.0-py3-none-any.whl (62 kB)
[2024-01-02T12:02:39.767-0300] {process_utils.py:190} INFO - Using cached certifi-2023.11.17-py3-none-any.whl (162 kB)
[2024-01-02T12:02:39.769-0300] {process_utils.py:190} INFO - Using cached idna-3.6-py3-none-any.whl (61 kB)
[2024-01-02T12:02:39.770-0300] {process_utils.py:190} INFO - Using cached rich-13.7.0-py3-none-any.whl (240 kB)
[2024-01-02T12:02:39.771-0300] {process_utils.py:190} INFO - Using cached ruamel.yaml-0.17.40-py3-none-any.whl (113 kB)
[2024-01-02T12:02:39.772-0300] {process_utils.py:190} INFO - Using cached segment_analytics_python-2.2.3-py2.py3-none-any.whl (24 kB)
[2024-01-02T12:02:39.773-0300] {process_utils.py:190} INFO - Using cached tqdm-4.66.1-py3-none-any.whl (78 kB)
[2024-01-02T12:02:39.775-0300] {process_utils.py:190} INFO - Using cached typing_extensions-4.9.0-py3-none-any.whl (32 kB)
[2024-01-02T12:02:39.777-0300] {process_utils.py:190} INFO - Using cached anyio-4.2.0-py3-none-any.whl (85 kB)
[2024-01-02T12:02:39.779-0300] {process_utils.py:190} INFO - Using cached importlib_resources-6.1.1-py3-none-any.whl (33 kB)
[2024-01-02T12:02:39.780-0300] {process_utils.py:190} INFO - Using cached charset_normalizer-3.3.2-cp310-cp310-manylinux_2_17_x86_64.manylinux2014_x86_64.whl (142 kB)
[2024-01-02T12:02:39.781-0300] {process_utils.py:190} INFO - Using cached contourpy-1.2.0-cp310-cp310-manylinux_2_17_x86_64.manylinux2014_x86_64.whl (310 kB)
[2024-01-02T12:02:39.783-0300] {process_utils.py:190} INFO - Using cached cycler-0.12.1-py3-none-any.whl (8.3 kB)
[2024-01-02T12:02:39.784-0300] {process_utils.py:190} INFO - Using cached Deprecated-1.2.14-py2.py3-none-any.whl (9.6 kB)
[2024-01-02T12:02:39.785-0300] {process_utils.py:190} INFO - Using cached exceptiongroup-1.2.0-py3-none-any.whl (16 kB)
[2024-01-02T12:02:39.786-0300] {process_utils.py:190} INFO - Using cached fonttools-4.47.0-cp310-cp310-manylinux_2_17_x86_64.manylinux2014_x86_64.whl (4.6 MB)
[2024-01-02T12:02:39.796-0300] {process_utils.py:190} INFO - Using cached googleapis_common_protos-1.62.0-py2.py3-none-any.whl (228 kB)
[2024-01-02T12:02:39.798-0300] {process_utils.py:190} INFO - Using cached kiwisolver-1.4.5-cp310-cp310-manylinux_2_12_x86_64.manylinux2010_x86_64.whl (1.6 MB)
[2024-01-02T12:02:39.802-0300] {process_utils.py:190} INFO - Using cached markdown_it_py-3.0.0-py3-none-any.whl (87 kB)
[2024-01-02T12:02:39.803-0300] {process_utils.py:190} INFO - Using cached packaging-23.2-py3-none-any.whl (53 kB)
[2024-01-02T12:02:39.804-0300] {process_utils.py:190} INFO - Using cached pillow-10.2.0-cp310-cp310-manylinux_2_28_x86_64.whl (4.5 MB)
[2024-01-02T12:02:39.814-0300] {process_utils.py:190} INFO - Using cached pygments-2.17.2-py3-none-any.whl (1.2 MB)
[2024-01-02T12:02:39.817-0300] {process_utils.py:190} INFO - Using cached pyparsing-3.1.1-py3-none-any.whl (103 kB)
[2024-01-02T12:02:39.818-0300] {process_utils.py:190} INFO - Using cached ruamel.yaml.clib-0.2.8-cp310-cp310-manylinux_2_17_x86_64.manylinux2014_x86_64.manylinux_2_24_x86_64.whl (526 kB)
[2024-01-02T12:02:39.820-0300] {process_utils.py:190} INFO - Using cached stanio-0.3.0-py3-none-any.whl (6.2 kB)
[2024-01-02T12:02:39.821-0300] {process_utils.py:190} INFO - Using cached urllib3-2.1.0-py3-none-any.whl (104 kB)
[2024-01-02T12:02:39.823-0300] {process_utils.py:190} INFO - Using cached protobuf-4.25.1-cp37-abi3-manylinux2014_x86_64.whl (294 kB)
[2024-01-02T12:02:39.826-0300] {process_utils.py:190} INFO - Using cached wrapt-1.16.0-cp310-cp310-manylinux_2_5_x86_64.manylinux1_x86_64.manylinux_2_17_x86_64.manylinux2014_x86_64.whl (80 kB)
[2024-01-02T12:02:39.830-0300] {process_utils.py:190} INFO - Using cached wcwidth-0.2.12-py2.py3-none-any.whl (34 kB)
[2024-01-02T12:02:40.385-0300] {process_utils.py:190} INFO - Installing collected packages: wcwidth, pytz, monotonic, antlr4-python3-runtime, wrapt, urllib3, typing-extensions, tqdm, sqlparse, sniffio, six, ruamel.yaml.clib, pyyaml, pyparsing, pygments, psycopg2-binary, protobuf, prompt_toolkit, pillow, packaging, ordered-set, opentelemetry-semantic-conventions, numpy, mdurl, markupsafe, kiwisolver, inflection, importlib-resources, idna, h11, fonttools, exceptiongroup, cython, cycler, click, charset-normalizer, certifi, backoff, annotated-types, typer, stanio, scipy, ruamel.yaml, requests, python-dateutil, pydantic-core, opentelemetry-proto, markdown-it-py, Jinja2, ia-questionary, httpcore, googleapis-common-protos, deprecated, deepdiff, contourpy, anyio, segment-analytics-python, rich, pydantic, pandas, opentelemetry-api, matplotlib, httpx, holidays, soda-freshness, opentelemetry-sdk, inflect, cmdstanpy, prophet, opentelemetry-exporter-otlp-proto-http, soda, soda-scientific, soda-postgres
[2024-01-02T12:02:59.087-0300] {process_utils.py:190} INFO - Successfully installed Jinja2-3.1.2 annotated-types-0.6.0 antlr4-python3-runtime-4.11.1 anyio-4.2.0 backoff-2.2.1 certifi-2023.11.17 charset-normalizer-3.3.2 click-8.1.7 cmdstanpy-1.2.0 contourpy-1.2.0 cycler-0.12.1 cython-3.0.7 deepdiff-6.7.1 deprecated-1.2.14 exceptiongroup-1.2.0 fonttools-4.47.0 googleapis-common-protos-1.62.0 h11-0.14.0 holidays-0.40 httpcore-1.0.2 httpx-0.26.0 ia-questionary-1.10.0 idna-3.6 importlib-resources-6.1.1 inflect-7.0.0 inflection-0.5.1 kiwisolver-1.4.5 markdown-it-py-3.0.0 markupsafe-2.1.2 matplotlib-3.8.2 mdurl-0.1.2 monotonic-1.6 numpy-1.26.2 opentelemetry-api-1.16.0 opentelemetry-exporter-otlp-proto-http-1.16.0 opentelemetry-proto-1.16.0 opentelemetry-sdk-1.16.0 opentelemetry-semantic-conventions-0.37b0 ordered-set-4.1.0 packaging-23.2 pandas-1.5.3 pillow-10.2.0 prompt_toolkit-3.0.36 prophet-1.1.5 protobuf-4.25.1 psycopg2-binary-2.9.9 pydantic-2.5.3 pydantic-core-2.14.6 pygments-2.17.2 pyparsing-3.1.1 python-dateutil-2.8.2 pytz-2023.3.post1 pyyaml-6.0.1 requests-2.31.0 rich-13.7.0 ruamel.yaml-0.17.40 ruamel.yaml.clib-0.2.8 scipy-1.11.4 segment-analytics-python-2.2.3 six-1.16.0 sniffio-1.3.0 soda-1.1.28 soda-freshness-0.0.5 soda-postgres-1.1.28 soda-scientific-1.1.28 sqlparse-0.4.4 stanio-0.3.0 tqdm-4.66.1 typer-0.9.0 typing-extensions-4.9.0 urllib3-2.1.0 wcwidth-0.2.12 wrapt-1.16.0
[2024-01-02T12:03:00.167-0300] {process_utils.py:182} INFO - Executing cmd: /tmp/venvvjavx445/bin/python /tmp/venv-call90jslovg/script.py /tmp/venv-call90jslovg/script.in /tmp/venv-call90jslovg/script.out /tmp/venv-call90jslovg/string_args.txt /tmp/venv-call90jslovg/termination.log
[2024-01-02T12:03:00.168-0300] {process_utils.py:186} INFO - Output:
[2024-01-02T12:03:04.792-0300] {process_utils.py:190} INFO - Running Soda Scan ...
[2024-01-02T12:03:04.793-0300] {process_utils.py:190} INFO - INFO   | Soda Library 1.1.28
[2024-01-02T12:03:04.793-0300] {process_utils.py:190} INFO - INFO   | Soda Core 3.0.47
[2024-01-02T12:03:04.793-0300] {process_utils.py:190} INFO - DEBUG  | Reading configuration file "/home/user/projects/newproj/soda/soda/configuration.yml"
[2024-01-02T12:03:04.793-0300] {process_utils.py:190} INFO - DEBUG  | Reading SodaCL file "/home/user/projects/newproj/soda/soda/checks/report/report_subcategory_sales.yml"
[2024-01-02T12:03:04.794-0300] {process_utils.py:190} INFO - DEBUG  | Reading SodaCL file "/home/user/projects/newproj/soda/soda/checks/report/report_category_sales.yml"
[2024-01-02T12:03:04.794-0300] {process_utils.py:190} INFO - DEBUG  | Scan execution starts
[2024-01-02T12:03:04.794-0300] {process_utils.py:190} INFO - INFO   | By downloading and using Soda Library, you agree to Soda's Terms & Conditions (https://go.soda.io/t&c) and Privacy Policy (https://go.soda.io/privacy).
[2024-01-02T12:03:04.795-0300] {process_utils.py:190} INFO - DEBUG  | Postgres connection properties: host="localhost", port="None", database="postgres", user="postgres", options="-c search_path=public", connection_timeout="None"
[2024-01-02T12:03:04.795-0300] {process_utils.py:190} INFO - DEBUG  | Query adventureworks.user_defined_query[uncategorized_sales_percent < 0.9]:
[2024-01-02T12:03:04.795-0300] {process_utils.py:190} INFO - select ROUND(CAST((sales_total * 100) / (select sum(sales_total) from report_subcategory_sales) AS numeric), 2) as uncategorized_sales_percent from report_subcategory_sales where category_key is NULL OR subcategory_key is NULL
[2024-01-02T12:03:04.795-0300] {process_utils.py:190} INFO - DEBUG  | Query adventureworks.user_defined_query[sales_diff = 0]:
[2024-01-02T12:03:04.795-0300] {process_utils.py:190} INFO - SELECT CAST((SELECT SUM(fact_internet_sales.sales_amount) FROM fact_internet_sales) - (SELECT SUM(report_subcategory_sales.sales_total) FROM report_subcategory_sales) as numeric) AS sales_diff
[2024-01-02T12:03:04.795-0300] {process_utils.py:190} INFO - DEBUG  | Query adventureworks.user_defined_query[uncategorized_sales_percent < 0.9]:
[2024-01-02T12:03:04.796-0300] {process_utils.py:190} INFO - select ROUND(CAST((sales_total * 100) / (select sum(sales_total) from report_category_sales) AS numeric), 2) as uncategorized_sales_percent from report_category_sales where category_key is NULL
[2024-01-02T12:03:04.796-0300] {process_utils.py:190} INFO - DEBUG  | Query adventureworks.user_defined_query[sales_diff = 0]:
[2024-01-02T12:03:04.796-0300] {process_utils.py:190} INFO - SELECT CAST((SELECT SUM(fact_internet_sales.sales_amount) FROM fact_internet_sales) - (SELECT SUM(report_category_sales.sales_total) FROM report_category_sales) as numeric) AS sales_diff
[2024-01-02T12:03:04.796-0300] {process_utils.py:190} INFO - INFO   | Scan summary:
[2024-01-02T12:03:04.796-0300] {process_utils.py:190} INFO - DEBUG  | 4/4 queries OK
[2024-01-02T12:03:04.796-0300] {process_utils.py:190} INFO - DEBUG  |   adventureworks.user_defined_query[uncategorized_sales_percent < 0.9] [OK] 0:00:00.115832
[2024-01-02T12:03:04.796-0300] {process_utils.py:190} INFO - DEBUG  |   adventureworks.user_defined_query[sales_diff = 0] [OK] 0:00:00.040428
[2024-01-02T12:03:04.796-0300] {process_utils.py:190} INFO - DEBUG  |   adventureworks.user_defined_query[uncategorized_sales_percent < 0.9] [OK] 0:00:00.047009
[2024-01-02T12:03:04.797-0300] {process_utils.py:190} INFO - DEBUG  |   adventureworks.user_defined_query[sales_diff = 0] [OK] 0:00:00.033496
[2024-01-02T12:03:04.797-0300] {process_utils.py:190} INFO - INFO   | 4/4 checks PASSED:
[2024-01-02T12:03:04.797-0300] {process_utils.py:190} INFO - INFO   |     report_subcategory_sales in adventureworks
[2024-01-02T12:03:04.797-0300] {process_utils.py:190} INFO - INFO   |       Most sales are categorized [/home/user/projects/newproj/soda/soda/checks/report/report_subcategory_sales.yml] [PASSED]
[2024-01-02T12:03:04.797-0300] {process_utils.py:190} INFO - INFO   |         check_value: 0.85
[2024-01-02T12:03:04.797-0300] {process_utils.py:190} INFO - INFO   |       Subcategory sales total matches [/home/user/projects/newproj/soda/soda/checks/report/report_subcategory_sales.yml] [PASSED]
[2024-01-02T12:03:04.798-0300] {process_utils.py:190} INFO - INFO   |         check_value: 0.0
[2024-01-02T12:03:04.798-0300] {process_utils.py:190} INFO - INFO   |     report_category_sales in adventureworks
[2024-01-02T12:03:04.798-0300] {process_utils.py:190} INFO - INFO   |       Most sales are categorized [/home/user/projects/newproj/soda/soda/checks/report/report_category_sales.yml] [PASSED]
[2024-01-02T12:03:04.798-0300] {process_utils.py:190} INFO - INFO   |         check_value: 0.85
[2024-01-02T12:03:04.798-0300] {process_utils.py:190} INFO - INFO   |       Category sales total matches [/home/user/projects/newproj/soda/soda/checks/report/report_category_sales.yml] [PASSED]
[2024-01-02T12:03:04.798-0300] {process_utils.py:190} INFO - INFO   |         check_value: 0.0
[2024-01-02T12:03:04.798-0300] {process_utils.py:190} INFO - INFO   | All is good. No failures. No warnings. No errors.
[2024-01-02T12:03:04.798-0300] {process_utils.py:190} INFO - INFO   | Sending results to Soda Cloud
[2024-01-02T12:03:04.798-0300] {process_utils.py:190} INFO - INFO   | Soda Cloud Trace: 3999918756875613075
[2024-01-02T12:03:05.745-0300] {python.py:201} INFO - Done. Returned value was: 0
[2024-01-02T12:03:05.774-0300] {taskinstance.py:1138} INFO - Marking task as SUCCESS. dag_id=model_adventureworks_sales_category, task_id=checks_report, execution_date=20240102T145855, start_date=20240102T150152, end_date=20240102T150305
[2024-01-02T12:03:05.811-0300] {local_task_job_runner.py:234} INFO - Task exited with return code 0
[2024-01-02T12:03:05.822-0300] {taskinstance.py:3281} INFO - 0 downstream tasks scheduled from follow-on schedule check
