[2024-01-12T16:14:21.572-0300] {taskinstance.py:1957} INFO - Dependencies all met for dep_context=non-requeueable deps ti=<TaskInstance: model_adventureworks_sales_category.dbt_transform manual__2024-01-12T19:11:09.663969+00:00 [queued]>
[2024-01-12T16:14:21.578-0300] {taskinstance.py:1957} INFO - Dependencies all met for dep_context=requeueable deps ti=<TaskInstance: model_adventureworks_sales_category.dbt_transform manual__2024-01-12T19:11:09.663969+00:00 [queued]>
[2024-01-12T16:14:21.579-0300] {taskinstance.py:2171} INFO - Starting attempt 1 of 2
[2024-01-12T16:14:21.597-0300] {taskinstance.py:2192} INFO - Executing <Task(BashOperator): dbt_transform> on 2024-01-12 19:11:09.663969+00:00
[2024-01-12T16:14:21.602-0300] {standard_task_runner.py:60} INFO - Started process 32827 to run task
[2024-01-12T16:14:21.606-0300] {standard_task_runner.py:87} INFO - Running: ['airflow', 'tasks', 'run', 'model_adventureworks_sales_category', 'dbt_transform', 'manual__2024-01-12T19:11:09.663969+00:00', '--job-id', '33', '--raw', '--subdir', 'DAGS_FOLDER/model_sales_category.py', '--cfg-path', '/tmp/tmps5q37vim']
[2024-01-12T16:14:21.608-0300] {standard_task_runner.py:88} INFO - Job 33: Subtask dbt_transform
[2024-01-12T16:14:21.647-0300] {task_command.py:423} INFO - Running <TaskInstance: model_adventureworks_sales_category.dbt_transform manual__2024-01-12T19:11:09.663969+00:00 [running]> on host LAPTOP-MELTBPNS.
[2024-01-12T16:14:21.709-0300] {taskinstance.py:2481} INFO - Exporting env vars: AIRFLOW_CTX_DAG_OWNER='soda_core' AIRFLOW_CTX_DAG_ID='model_adventureworks_sales_category' AIRFLOW_CTX_TASK_ID='dbt_transform' AIRFLOW_CTX_EXECUTION_DATE='2024-01-12T19:11:09.663969+00:00' AIRFLOW_CTX_TRY_NUMBER='1' AIRFLOW_CTX_DAG_RUN_ID='manual__2024-01-12T19:11:09.663969+00:00'
[2024-01-12T16:14:21.710-0300] {subprocess.py:63} INFO - Tmp dir root location: /tmp
[2024-01-12T16:14:21.711-0300] {subprocess.py:75} INFO - Running command: ['/usr/bin/bash', '-c', 'dbt run --project-dir /home/user/projects/newproj/soda//dbt/partner_cert --select transform']
[2024-01-12T16:14:21.721-0300] {subprocess.py:86} INFO - Output:
[2024-01-12T16:14:24.601-0300] {subprocess.py:93} INFO - [0m19:14:24  Running with dbt=1.7.4
[2024-01-12T16:14:24.983-0300] {subprocess.py:93} INFO - [0m19:14:24  Registered adapter: postgres=1.7.4
[2024-01-12T16:14:25.120-0300] {subprocess.py:93} INFO - [0m19:14:25  Found 3 models, 4 sources, 0 exposures, 0 metrics, 401 macros, 0 groups, 0 semantic models
[2024-01-12T16:14:25.122-0300] {subprocess.py:93} INFO - [0m19:14:25
[2024-01-12T16:14:25.264-0300] {subprocess.py:93} INFO - [0m19:14:25  Concurrency: 1 threads (target='dev')
[2024-01-12T16:14:25.264-0300] {subprocess.py:93} INFO - [0m19:14:25
[2024-01-12T16:14:25.269-0300] {subprocess.py:93} INFO - [0m19:14:25  1 of 1 START sql view model public.fact_product_category ....................... [RUN]
[2024-01-12T16:14:25.437-0300] {subprocess.py:93} INFO - [0m19:14:25  1 of 1 OK created sql view model public.fact_product_category .................. [[32mCREATE VIEW[0m in 0.16s]
[2024-01-12T16:14:25.457-0300] {subprocess.py:93} INFO - [0m19:14:25
[2024-01-12T16:14:25.457-0300] {subprocess.py:93} INFO - [0m19:14:25  Finished running 1 view model in 0 hours 0 minutes and 0.33 seconds (0.33s).
[2024-01-12T16:14:25.470-0300] {subprocess.py:93} INFO - [0m19:14:25
[2024-01-12T16:14:25.471-0300] {subprocess.py:93} INFO - [0m19:14:25  [32mCompleted successfully[0m
[2024-01-12T16:14:25.471-0300] {subprocess.py:93} INFO - [0m19:14:25
[2024-01-12T16:14:25.472-0300] {subprocess.py:93} INFO - [0m19:14:25  Done. PASS=1 WARN=0 ERROR=0 SKIP=0 TOTAL=1
[2024-01-12T16:14:26.722-0300] {subprocess.py:97} INFO - Command exited with return code 0
[2024-01-12T16:14:26.743-0300] {taskinstance.py:1138} INFO - Marking task as SUCCESS. dag_id=model_adventureworks_sales_category, task_id=dbt_transform, execution_date=20240112T191109, start_date=20240112T191421, end_date=20240112T191426
[2024-01-12T16:14:26.769-0300] {local_task_job_runner.py:234} INFO - Task exited with return code 0
[2024-01-12T16:14:26.794-0300] {taskinstance.py:3281} INFO - 1 downstream tasks scheduled from follow-on schedule check
