[2024-01-02T12:00:16.133-0300] {taskinstance.py:1957} INFO - Dependencies all met for dep_context=non-requeueable deps ti=<TaskInstance: model_adventureworks_sales_category.dbt_transform manual__2024-01-02T14:58:55.713376+00:00 [queued]>
[2024-01-02T12:00:16.141-0300] {taskinstance.py:1957} INFO - Dependencies all met for dep_context=requeueable deps ti=<TaskInstance: model_adventureworks_sales_category.dbt_transform manual__2024-01-02T14:58:55.713376+00:00 [queued]>
[2024-01-02T12:00:16.142-0300] {taskinstance.py:2171} INFO - Starting attempt 1 of 2
[2024-01-02T12:00:16.167-0300] {taskinstance.py:2192} INFO - Executing <Task(BashOperator): dbt_transform> on 2024-01-02 14:58:55.713376+00:00
[2024-01-02T12:00:16.170-0300] {standard_task_runner.py:60} INFO - Started process 64052 to run task
[2024-01-02T12:00:16.174-0300] {standard_task_runner.py:87} INFO - Running: ['airflow', 'tasks', 'run', 'model_adventureworks_sales_category', 'dbt_transform', 'manual__2024-01-02T14:58:55.713376+00:00', '--job-id', '20', '--raw', '--subdir', 'DAGS_FOLDER/model_sales_category.py', '--cfg-path', '/tmp/tmpizfv5qvf']
[2024-01-02T12:00:16.178-0300] {standard_task_runner.py:88} INFO - Job 20: Subtask dbt_transform
[2024-01-02T12:00:16.231-0300] {task_command.py:423} INFO - Running <TaskInstance: model_adventureworks_sales_category.dbt_transform manual__2024-01-02T14:58:55.713376+00:00 [running]> on host LAPTOP-MELTBPNS.
[2024-01-02T12:00:16.292-0300] {taskinstance.py:2481} INFO - Exporting env vars: AIRFLOW_CTX_DAG_OWNER='soda_core' AIRFLOW_CTX_DAG_ID='model_adventureworks_sales_category' AIRFLOW_CTX_TASK_ID='dbt_transform' AIRFLOW_CTX_EXECUTION_DATE='2024-01-02T14:58:55.713376+00:00' AIRFLOW_CTX_TRY_NUMBER='1' AIRFLOW_CTX_DAG_RUN_ID='manual__2024-01-02T14:58:55.713376+00:00'
[2024-01-02T12:00:16.294-0300] {subprocess.py:63} INFO - Tmp dir root location: /tmp
[2024-01-02T12:00:16.295-0300] {subprocess.py:75} INFO - Running command: ['/usr/bin/bash', '-c', 'dbt run --project-dir /home/user/projects/newproj/soda//dbt/partner_cert --select transform']
[2024-01-02T12:00:16.302-0300] {subprocess.py:86} INFO - Output:
[2024-01-02T12:00:19.173-0300] {subprocess.py:93} INFO - [0m15:00:19  Running with dbt=1.7.4
[2024-01-02T12:00:19.487-0300] {subprocess.py:93} INFO - [0m15:00:19  Registered adapter: postgres=1.7.4
[2024-01-02T12:00:19.598-0300] {subprocess.py:93} INFO - [0m15:00:19  Found 3 models, 4 sources, 0 exposures, 0 metrics, 401 macros, 0 groups, 0 semantic models
[2024-01-02T12:00:19.600-0300] {subprocess.py:93} INFO - [0m15:00:19
[2024-01-02T12:00:19.741-0300] {subprocess.py:93} INFO - [0m15:00:19  Concurrency: 1 threads (target='dev')
[2024-01-02T12:00:19.741-0300] {subprocess.py:93} INFO - [0m15:00:19
[2024-01-02T12:00:19.746-0300] {subprocess.py:93} INFO - [0m15:00:19  1 of 1 START sql view model public.fact_product_category ....................... [RUN]
[2024-01-02T12:00:19.884-0300] {subprocess.py:93} INFO - [0m15:00:19  1 of 1 OK created sql view model public.fact_product_category .................. [[32mCREATE VIEW[0m in 0.14s]
[2024-01-02T12:00:19.901-0300] {subprocess.py:93} INFO - [0m15:00:19
[2024-01-02T12:00:19.901-0300] {subprocess.py:93} INFO - [0m15:00:19  Finished running 1 view model in 0 hours 0 minutes and 0.30 seconds (0.30s).
[2024-01-02T12:00:19.915-0300] {subprocess.py:93} INFO - [0m15:00:19
[2024-01-02T12:00:19.916-0300] {subprocess.py:93} INFO - [0m15:00:19  [32mCompleted successfully[0m
[2024-01-02T12:00:19.916-0300] {subprocess.py:93} INFO - [0m15:00:19
[2024-01-02T12:00:19.916-0300] {subprocess.py:93} INFO - [0m15:00:19  Done. PASS=1 WARN=0 ERROR=0 SKIP=0 TOTAL=1
[2024-01-02T12:00:21.075-0300] {subprocess.py:97} INFO - Command exited with return code 0
[2024-01-02T12:00:21.096-0300] {taskinstance.py:1138} INFO - Marking task as SUCCESS. dag_id=model_adventureworks_sales_category, task_id=dbt_transform, execution_date=20240102T145855, start_date=20240102T150016, end_date=20240102T150021
[2024-01-02T12:00:21.131-0300] {local_task_job_runner.py:234} INFO - Task exited with return code 0
[2024-01-02T12:00:21.150-0300] {taskinstance.py:3281} INFO - 1 downstream tasks scheduled from follow-on schedule check
