[2024-01-02T11:46:34.558-0300] {taskinstance.py:1957} INFO - Dependencies all met for dep_context=non-requeueable deps ti=<TaskInstance: model_adventureworks_sales_category.checks_transform manual__2024-01-02T14:45:01.006378+00:00 [queued]>
[2024-01-02T11:46:34.570-0300] {taskinstance.py:1957} INFO - Dependencies all met for dep_context=requeueable deps ti=<TaskInstance: model_adventureworks_sales_category.checks_transform manual__2024-01-02T14:45:01.006378+00:00 [queued]>
[2024-01-02T11:46:34.570-0300] {taskinstance.py:2171} INFO - Starting attempt 1 of 2
[2024-01-02T11:46:34.588-0300] {taskinstance.py:2192} INFO - Executing <Task(PythonVirtualenvOperator): checks_transform> on 2024-01-02 14:45:01.006378+00:00
[2024-01-02T11:46:34.592-0300] {standard_task_runner.py:60} INFO - Started process 51921 to run task
[2024-01-02T11:46:34.596-0300] {standard_task_runner.py:87} INFO - Running: ['airflow', 'tasks', 'run', 'model_adventureworks_sales_category', 'checks_transform', 'manual__2024-01-02T14:45:01.006378+00:00', '--job-id', '17', '--raw', '--subdir', 'DAGS_FOLDER/model_sales_category.py', '--cfg-path', '/tmp/tmpf9t9fvy7']
[2024-01-02T11:46:34.599-0300] {standard_task_runner.py:88} INFO - Job 17: Subtask checks_transform
[2024-01-02T11:46:34.636-0300] {task_command.py:423} INFO - Running <TaskInstance: model_adventureworks_sales_category.checks_transform manual__2024-01-02T14:45:01.006378+00:00 [running]> on host LAPTOP-MELTBPNS.
[2024-01-02T11:46:34.698-0300] {taskinstance.py:2481} INFO - Exporting env vars: AIRFLOW_CTX_DAG_OWNER='soda_core' AIRFLOW_CTX_DAG_ID='model_adventureworks_sales_category' AIRFLOW_CTX_TASK_ID='checks_transform' AIRFLOW_CTX_EXECUTION_DATE='2024-01-02T14:45:01.006378+00:00' AIRFLOW_CTX_TRY_NUMBER='1' AIRFLOW_CTX_DAG_RUN_ID='manual__2024-01-02T14:45:01.006378+00:00'
[2024-01-02T11:46:34.700-0300] {process_utils.py:182} INFO - Executing cmd: /home/user/projects/newproj/soda/.venv/bin/python -m virtualenv /tmp/venv6xvh6538 --python=python
[2024-01-02T11:46:34.702-0300] {process_utils.py:186} INFO - Output:
[2024-01-02T11:46:35.072-0300] {process_utils.py:190} INFO - created virtual environment CPython3.10.12.final.0-64 in 274ms
[2024-01-02T11:46:35.072-0300] {process_utils.py:190} INFO -   creator CPython3Posix(dest=/tmp/venv6xvh6538, clear=False, no_vcs_ignore=False, global=False)
[2024-01-02T11:46:35.073-0300] {process_utils.py:190} INFO -   seeder FromAppData(download=False, pip=bundle, setuptools=bundle, wheel=bundle, via=copy, app_data_dir=/home/user/.local/share/virtualenv)
[2024-01-02T11:46:35.073-0300] {process_utils.py:190} INFO -     added seed packages: pip==23.3.2, setuptools==69.0.3, wheel==0.42.0
[2024-01-02T11:46:35.073-0300] {process_utils.py:190} INFO -   activators BashActivator,CShellActivator,FishActivator,NushellActivator,PowerShellActivator,PythonActivator
[2024-01-02T11:46:35.104-0300] {process_utils.py:182} INFO - Executing cmd: /tmp/venv6xvh6538/bin/pip install -r /tmp/venv6xvh6538/requirements.txt
[2024-01-02T11:46:35.105-0300] {process_utils.py:186} INFO - Output:
[2024-01-02T11:46:36.433-0300] {process_utils.py:190} INFO - Looking in indexes: https://pypi.cloud.soda.io
[2024-01-02T11:46:37.825-0300] {process_utils.py:190} INFO - Collecting soda-postgres (from -r /tmp/venv6xvh6538/requirements.txt (line 2))
[2024-01-02T11:46:38.071-0300] {process_utils.py:190} INFO -   Downloading https://pypi.cloud.soda.io/packages/soda_postgres-1.1.28-py3-none-any.whl (5.2 kB)
[2024-01-02T11:46:38.576-0300] {process_utils.py:190} INFO - Collecting soda-scientific (from -r /tmp/venv6xvh6538/requirements.txt (line 3))
[2024-01-02T11:46:38.832-0300] {process_utils.py:190} INFO -   Downloading https://pypi.cloud.soda.io/packages/soda_scientific-1.1.28-py3-none-any.whl (21 kB)
[2024-01-02T11:46:39.348-0300] {process_utils.py:190} INFO - Collecting soda==1.1.28 (from soda-postgres->-r /tmp/venv6xvh6538/requirements.txt (line 2))
[2024-01-02T11:46:39.592-0300] {process_utils.py:190} INFO -   Downloading https://pypi.cloud.soda.io/packages/soda-1.1.28-py3-none-any.whl (246 kB)
[2024-01-02T11:46:40.075-0300] {process_utils.py:190} INFO -      ━━━━━━━━━━━━━━━━━━━━━━━━━━━━━━━━━━━━━━━━ 246.7/246.7 kB 491.7 kB/s eta 0:00:00
[2024-01-02T11:46:40.820-0300] {process_utils.py:190} INFO - Collecting psycopg2-binary<3.0,>=2.8.5 (from soda-postgres->-r /tmp/venv6xvh6538/requirements.txt (line 2))
[2024-01-02T11:46:40.823-0300] {process_utils.py:190} INFO -   Using cached psycopg2_binary-2.9.9-cp310-cp310-manylinux_2_17_x86_64.manylinux2014_x86_64.whl.metadata (4.4 kB)
[2024-01-02T11:46:41.405-0300] {process_utils.py:190} INFO - Collecting markupsafe<=2.1.2,>=2.0.1 (from soda==1.1.28->soda-postgres->-r /tmp/venv6xvh6538/requirements.txt (line 2))
[2024-01-02T11:46:41.407-0300] {process_utils.py:190} INFO -   Using cached MarkupSafe-2.1.2-cp310-cp310-manylinux_2_17_x86_64.manylinux2014_x86_64.whl (25 kB)
[2024-01-02T11:46:41.948-0300] {process_utils.py:190} INFO - Collecting Jinja2<4.0,>=2.11 (from soda==1.1.28->soda-postgres->-r /tmp/venv6xvh6538/requirements.txt (line 2))
[2024-01-02T11:46:41.949-0300] {process_utils.py:190} INFO -   Using cached Jinja2-3.1.2-py3-none-any.whl (133 kB)
[2024-01-02T11:46:42.487-0300] {process_utils.py:190} INFO - Collecting click~=8.0 (from soda==1.1.28->soda-postgres->-r /tmp/venv6xvh6538/requirements.txt (line 2))
[2024-01-02T11:46:42.488-0300] {process_utils.py:190} INFO -   Using cached click-8.1.7-py3-none-any.whl.metadata (3.0 kB)
[2024-01-02T11:46:43.176-0300] {process_utils.py:190} INFO - Collecting ruamel.yaml<0.18.0,>=0.17.0 (from soda==1.1.28->soda-postgres->-r /tmp/venv6xvh6538/requirements.txt (line 2))
[2024-01-02T11:46:43.180-0300] {process_utils.py:190} INFO -   Using cached ruamel.yaml-0.17.40-py3-none-any.whl.metadata (19 kB)
[2024-01-02T11:46:43.739-0300] {process_utils.py:190} INFO - Collecting requests~=2.28 (from soda==1.1.28->soda-postgres->-r /tmp/venv6xvh6538/requirements.txt (line 2))
[2024-01-02T11:46:43.741-0300] {process_utils.py:190} INFO -   Using cached requests-2.31.0-py3-none-any.whl.metadata (4.6 kB)
[2024-01-02T11:46:44.269-0300] {process_utils.py:190} INFO - Collecting antlr4-python3-runtime~=4.11.1 (from soda==1.1.28->soda-postgres->-r /tmp/venv6xvh6538/requirements.txt (line 2))
[2024-01-02T11:46:44.270-0300] {process_utils.py:190} INFO -   Using cached antlr4_python3_runtime-4.11.1-py3-none-any.whl (144 kB)
[2024-01-02T11:46:44.812-0300] {process_utils.py:190} INFO - Collecting opentelemetry-api~=1.16.0 (from soda==1.1.28->soda-postgres->-r /tmp/venv6xvh6538/requirements.txt (line 2))
[2024-01-02T11:46:44.817-0300] {process_utils.py:190} INFO -   Using cached opentelemetry_api-1.16.0-py3-none-any.whl (57 kB)
[2024-01-02T11:46:45.350-0300] {process_utils.py:190} INFO - Collecting opentelemetry-exporter-otlp-proto-http~=1.16.0 (from soda==1.1.28->soda-postgres->-r /tmp/venv6xvh6538/requirements.txt (line 2))
[2024-01-02T11:46:45.351-0300] {process_utils.py:190} INFO -   Using cached opentelemetry_exporter_otlp_proto_http-1.16.0-py3-none-any.whl (21 kB)
[2024-01-02T11:46:45.892-0300] {process_utils.py:190} INFO - Collecting sqlparse~=0.4 (from soda==1.1.28->soda-postgres->-r /tmp/venv6xvh6538/requirements.txt (line 2))
[2024-01-02T11:46:45.894-0300] {process_utils.py:190} INFO -   Using cached sqlparse-0.4.4-py3-none-any.whl (41 kB)
[2024-01-02T11:46:46.446-0300] {process_utils.py:190} INFO - Collecting inflect~=7.0 (from soda==1.1.28->soda-postgres->-r /tmp/venv6xvh6538/requirements.txt (line 2))
[2024-01-02T11:46:46.450-0300] {process_utils.py:190} INFO -   Using cached inflect-7.0.0-py3-none-any.whl.metadata (21 kB)
[2024-01-02T11:46:46.944-0300] {process_utils.py:190} INFO - Collecting soda-freshness<1.0.0,>=0.0.5 (from soda==1.1.28->soda-postgres->-r /tmp/venv6xvh6538/requirements.txt (line 2))
[2024-01-02T11:46:47.194-0300] {process_utils.py:190} INFO -   Downloading https://pypi.cloud.soda.io/packages/soda_freshness-0.0.5-py3-none-any.whl (4.3 kB)
[2024-01-02T11:46:47.687-0300] {process_utils.py:190} INFO - Collecting ia-questionary (from soda==1.1.28->soda-postgres->-r /tmp/venv6xvh6538/requirements.txt (line 2))
[2024-01-02T11:46:47.931-0300] {process_utils.py:190} INFO -   Downloading https://pypi.cloud.soda.io/packages/ia_questionary-1.10.0-py3-none-any.whl (35 kB)
[2024-01-02T11:46:48.510-0300] {process_utils.py:190} INFO - Collecting rich<14.0.0,>=13.3.3 (from soda==1.1.28->soda-postgres->-r /tmp/venv6xvh6538/requirements.txt (line 2))
[2024-01-02T11:46:48.511-0300] {process_utils.py:190} INFO -   Using cached rich-13.7.0-py3-none-any.whl.metadata (18 kB)
[2024-01-02T11:46:49.043-0300] {process_utils.py:190} INFO - Collecting typer<1.0.0,>=0.7.0 (from soda==1.1.28->soda-postgres->-r /tmp/venv6xvh6538/requirements.txt (line 2))
[2024-01-02T11:46:49.046-0300] {process_utils.py:190} INFO -   Using cached typer-0.9.0-py3-none-any.whl (45 kB)
[2024-01-02T11:46:49.704-0300] {process_utils.py:190} INFO - Collecting pydantic<3.0.0,>=2.0.0 (from soda==1.1.28->soda-postgres->-r /tmp/venv6xvh6538/requirements.txt (line 2))
[2024-01-02T11:46:49.706-0300] {process_utils.py:190} INFO -   Using cached pydantic-2.5.3-py3-none-any.whl.metadata (65 kB)
[2024-01-02T11:46:50.261-0300] {process_utils.py:190} INFO - Collecting pyyaml<7.0.0,>=5.4.1 (from soda==1.1.28->soda-postgres->-r /tmp/venv6xvh6538/requirements.txt (line 2))
[2024-01-02T11:46:50.265-0300] {process_utils.py:190} INFO -   Using cached PyYAML-6.0.1-cp310-cp310-manylinux_2_17_x86_64.manylinux2014_x86_64.whl.metadata (2.1 kB)
[2024-01-02T11:46:50.796-0300] {process_utils.py:190} INFO - Collecting segment-analytics-python<3.0.0 (from soda==1.1.28->soda-postgres->-r /tmp/venv6xvh6538/requirements.txt (line 2))
[2024-01-02T11:46:50.799-0300] {process_utils.py:190} INFO -   Using cached segment_analytics_python-2.2.3-py2.py3-none-any.whl.metadata (1.6 kB)
[2024-01-02T11:46:51.435-0300] {process_utils.py:190} INFO - Collecting pandas<2.0.0,>=1.3.5 (from soda==1.1.28->soda-postgres->-r /tmp/venv6xvh6538/requirements.txt (line 2))
[2024-01-02T11:46:51.436-0300] {process_utils.py:190} INFO -   Using cached pandas-1.5.3-cp310-cp310-manylinux_2_17_x86_64.manylinux2014_x86_64.whl (12.1 MB)
[2024-01-02T11:46:52.034-0300] {process_utils.py:190} INFO - Collecting deepdiff~=6.3 (from soda==1.1.28->soda-postgres->-r /tmp/venv6xvh6538/requirements.txt (line 2))
[2024-01-02T11:46:52.035-0300] {process_utils.py:190} INFO -   Using cached deepdiff-6.7.1-py3-none-any.whl.metadata (6.1 kB)
[2024-01-02T11:46:52.043-0300] {process_utils.py:190} INFO - Requirement already satisfied: wheel in /tmp/venv6xvh6538/lib/python3.10/site-packages (from soda-scientific->-r /tmp/venv6xvh6538/requirements.txt (line 3)) (0.42.0)
[2024-01-02T11:46:52.658-0300] {process_utils.py:190} INFO - Collecting scipy>=1.8.0 (from soda-scientific->-r /tmp/venv6xvh6538/requirements.txt (line 3))
[2024-01-02T11:46:52.660-0300] {process_utils.py:190} INFO -   Using cached scipy-1.11.4-cp310-cp310-manylinux_2_17_x86_64.manylinux2014_x86_64.whl.metadata (60 kB)
[2024-01-02T11:46:53.331-0300] {process_utils.py:190} INFO - Collecting numpy<2.0.0,>=1.23.3 (from soda-scientific->-r /tmp/venv6xvh6538/requirements.txt (line 3))
[2024-01-02T11:46:53.333-0300] {process_utils.py:190} INFO -   Using cached numpy-1.26.2-cp310-cp310-manylinux_2_17_x86_64.manylinux2014_x86_64.whl.metadata (61 kB)
[2024-01-02T11:46:53.868-0300] {process_utils.py:190} INFO - Collecting inflection==0.5.1 (from soda-scientific->-r /tmp/venv6xvh6538/requirements.txt (line 3))
[2024-01-02T11:46:53.870-0300] {process_utils.py:190} INFO -   Using cached inflection-0.5.1-py2.py3-none-any.whl (9.5 kB)
[2024-01-02T11:46:54.413-0300] {process_utils.py:190} INFO - Collecting httpx<2.0.0,>=0.18.1 (from soda-scientific->-r /tmp/venv6xvh6538/requirements.txt (line 3))
[2024-01-02T11:46:54.416-0300] {process_utils.py:190} INFO -   Using cached httpx-0.26.0-py3-none-any.whl.metadata (7.6 kB)
[2024-01-02T11:46:55.238-0300] {process_utils.py:190} INFO - Collecting cython>=0.22 (from soda-scientific->-r /tmp/venv6xvh6538/requirements.txt (line 3))
[2024-01-02T11:46:55.239-0300] {process_utils.py:190} INFO -   Using cached Cython-3.0.7-cp310-cp310-manylinux_2_17_x86_64.manylinux2014_x86_64.whl.metadata (3.2 kB)
[2024-01-02T11:46:55.766-0300] {process_utils.py:190} INFO - Collecting prophet<2.0.0,>=1.1.0 (from soda-scientific->-r /tmp/venv6xvh6538/requirements.txt (line 3))
[2024-01-02T11:46:55.767-0300] {process_utils.py:190} INFO -   Using cached prophet-1.1.5-py3-none-manylinux_2_17_x86_64.manylinux2014_x86_64.whl.metadata (3.5 kB)
[2024-01-02T11:46:56.320-0300] {process_utils.py:190} INFO - Collecting anyio (from httpx<2.0.0,>=0.18.1->soda-scientific->-r /tmp/venv6xvh6538/requirements.txt (line 3))
[2024-01-02T11:46:56.324-0300] {process_utils.py:190} INFO -   Using cached anyio-4.2.0-py3-none-any.whl.metadata (4.6 kB)
[2024-01-02T11:46:56.862-0300] {process_utils.py:190} INFO - Collecting certifi (from httpx<2.0.0,>=0.18.1->soda-scientific->-r /tmp/venv6xvh6538/requirements.txt (line 3))
[2024-01-02T11:46:56.865-0300] {process_utils.py:190} INFO -   Using cached certifi-2023.11.17-py3-none-any.whl.metadata (2.2 kB)
[2024-01-02T11:46:57.416-0300] {process_utils.py:190} INFO - Collecting httpcore==1.* (from httpx<2.0.0,>=0.18.1->soda-scientific->-r /tmp/venv6xvh6538/requirements.txt (line 3))
[2024-01-02T11:46:57.418-0300] {process_utils.py:190} INFO -   Using cached httpcore-1.0.2-py3-none-any.whl.metadata (20 kB)
[2024-01-02T11:46:57.946-0300] {process_utils.py:190} INFO - Collecting idna (from httpx<2.0.0,>=0.18.1->soda-scientific->-r /tmp/venv6xvh6538/requirements.txt (line 3))
[2024-01-02T11:46:57.949-0300] {process_utils.py:190} INFO -   Using cached idna-3.6-py3-none-any.whl.metadata (9.9 kB)
[2024-01-02T11:46:58.474-0300] {process_utils.py:190} INFO - Collecting sniffio (from httpx<2.0.0,>=0.18.1->soda-scientific->-r /tmp/venv6xvh6538/requirements.txt (line 3))
[2024-01-02T11:46:58.475-0300] {process_utils.py:190} INFO -   Using cached sniffio-1.3.0-py3-none-any.whl (10 kB)
[2024-01-02T11:46:59.016-0300] {process_utils.py:190} INFO - Collecting h11<0.15,>=0.13 (from httpcore==1.*->httpx<2.0.0,>=0.18.1->soda-scientific->-r /tmp/venv6xvh6538/requirements.txt (line 3))
[2024-01-02T11:46:59.018-0300] {process_utils.py:190} INFO -   Using cached h11-0.14.0-py3-none-any.whl (58 kB)
[2024-01-02T11:46:59.569-0300] {process_utils.py:190} INFO - Collecting python-dateutil>=2.8.1 (from pandas<2.0.0,>=1.3.5->soda==1.1.28->soda-postgres->-r /tmp/venv6xvh6538/requirements.txt (line 2))
[2024-01-02T11:46:59.570-0300] {process_utils.py:190} INFO -   Using cached python_dateutil-2.8.2-py2.py3-none-any.whl (247 kB)
[2024-01-02T11:47:00.146-0300] {process_utils.py:190} INFO - Collecting pytz>=2020.1 (from pandas<2.0.0,>=1.3.5->soda==1.1.28->soda-postgres->-r /tmp/venv6xvh6538/requirements.txt (line 2))
[2024-01-02T11:47:00.148-0300] {process_utils.py:190} INFO -   Using cached pytz-2023.3.post1-py2.py3-none-any.whl.metadata (22 kB)
[2024-01-02T11:47:00.716-0300] {process_utils.py:190} INFO - Collecting cmdstanpy>=1.0.4 (from prophet<2.0.0,>=1.1.0->soda-scientific->-r /tmp/venv6xvh6538/requirements.txt (line 3))
[2024-01-02T11:47:00.717-0300] {process_utils.py:190} INFO -   Using cached cmdstanpy-1.2.0-py3-none-any.whl.metadata (3.9 kB)
[2024-01-02T11:47:01.356-0300] {process_utils.py:190} INFO - Collecting matplotlib>=2.0.0 (from prophet<2.0.0,>=1.1.0->soda-scientific->-r /tmp/venv6xvh6538/requirements.txt (line 3))
[2024-01-02T11:47:01.360-0300] {process_utils.py:190} INFO -   Using cached matplotlib-3.8.2-cp310-cp310-manylinux_2_17_x86_64.manylinux2014_x86_64.whl.metadata (5.8 kB)
[2024-01-02T11:47:01.913-0300] {process_utils.py:190} INFO - Collecting holidays>=0.25 (from prophet<2.0.0,>=1.1.0->soda-scientific->-r /tmp/venv6xvh6538/requirements.txt (line 3))
[2024-01-02T11:47:01.915-0300] {process_utils.py:190} INFO -   Using cached holidays-0.40-py3-none-any.whl.metadata (21 kB)
[2024-01-02T11:47:02.487-0300] {process_utils.py:190} INFO - Collecting tqdm>=4.36.1 (from prophet<2.0.0,>=1.1.0->soda-scientific->-r /tmp/venv6xvh6538/requirements.txt (line 3))
[2024-01-02T11:47:02.489-0300] {process_utils.py:190} INFO -   Using cached tqdm-4.66.1-py3-none-any.whl.metadata (57 kB)
[2024-01-02T11:47:03.041-0300] {process_utils.py:190} INFO - Collecting importlib-resources (from prophet<2.0.0,>=1.1.0->soda-scientific->-r /tmp/venv6xvh6538/requirements.txt (line 3))
[2024-01-02T11:47:03.042-0300] {process_utils.py:190} INFO -   Using cached importlib_resources-6.1.1-py3-none-any.whl.metadata (4.1 kB)
[2024-01-02T11:47:03.581-0300] {process_utils.py:190} INFO - Collecting annotated-types>=0.4.0 (from pydantic<3.0.0,>=2.0.0->soda==1.1.28->soda-postgres->-r /tmp/venv6xvh6538/requirements.txt (line 2))
[2024-01-02T11:47:03.583-0300] {process_utils.py:190} INFO -   Using cached annotated_types-0.6.0-py3-none-any.whl.metadata (12 kB)
[2024-01-02T11:47:04.684-0300] {process_utils.py:190} INFO - Collecting pydantic-core==2.14.6 (from pydantic<3.0.0,>=2.0.0->soda==1.1.28->soda-postgres->-r /tmp/venv6xvh6538/requirements.txt (line 2))
[2024-01-02T11:47:04.688-0300] {process_utils.py:190} INFO -   Using cached pydantic_core-2.14.6-cp310-cp310-manylinux_2_17_x86_64.manylinux2014_x86_64.whl.metadata (6.5 kB)
[2024-01-02T11:47:05.233-0300] {process_utils.py:190} INFO - Collecting typing-extensions>=4.6.1 (from pydantic<3.0.0,>=2.0.0->soda==1.1.28->soda-postgres->-r /tmp/venv6xvh6538/requirements.txt (line 2))
[2024-01-02T11:47:05.235-0300] {process_utils.py:190} INFO -   Using cached typing_extensions-4.9.0-py3-none-any.whl.metadata (3.0 kB)
[2024-01-02T11:47:05.903-0300] {process_utils.py:190} INFO - Collecting stanio~=0.3.0 (from cmdstanpy>=1.0.4->prophet<2.0.0,>=1.1.0->soda-scientific->-r /tmp/venv6xvh6538/requirements.txt (line 3))
[2024-01-02T11:47:05.904-0300] {process_utils.py:190} INFO -   Using cached stanio-0.3.0-py3-none-any.whl.metadata (963 bytes)
[2024-01-02T11:47:06.440-0300] {process_utils.py:190} INFO - Collecting ordered-set<4.2.0,>=4.0.2 (from deepdiff~=6.3->soda==1.1.28->soda-postgres->-r /tmp/venv6xvh6538/requirements.txt (line 2))
[2024-01-02T11:47:06.442-0300] {process_utils.py:190} INFO -   Using cached ordered_set-4.1.0-py3-none-any.whl (7.6 kB)
[2024-01-02T11:47:07.087-0300] {process_utils.py:190} INFO - Collecting contourpy>=1.0.1 (from matplotlib>=2.0.0->prophet<2.0.0,>=1.1.0->soda-scientific->-r /tmp/venv6xvh6538/requirements.txt (line 3))
[2024-01-02T11:47:07.089-0300] {process_utils.py:190} INFO -   Using cached contourpy-1.2.0-cp310-cp310-manylinux_2_17_x86_64.manylinux2014_x86_64.whl.metadata (5.8 kB)
[2024-01-02T11:47:07.628-0300] {process_utils.py:190} INFO - Collecting cycler>=0.10 (from matplotlib>=2.0.0->prophet<2.0.0,>=1.1.0->soda-scientific->-r /tmp/venv6xvh6538/requirements.txt (line 3))
[2024-01-02T11:47:07.632-0300] {process_utils.py:190} INFO -   Using cached cycler-0.12.1-py3-none-any.whl.metadata (3.8 kB)
[2024-01-02T11:47:08.302-0300] {process_utils.py:190} INFO - Collecting fonttools>=4.22.0 (from matplotlib>=2.0.0->prophet<2.0.0,>=1.1.0->soda-scientific->-r /tmp/venv6xvh6538/requirements.txt (line 3))
[2024-01-02T11:47:08.303-0300] {process_utils.py:190} INFO -   Using cached fonttools-4.47.0-cp310-cp310-manylinux_2_17_x86_64.manylinux2014_x86_64.whl.metadata (157 kB)
[2024-01-02T11:47:08.865-0300] {process_utils.py:190} INFO - Collecting kiwisolver>=1.3.1 (from matplotlib>=2.0.0->prophet<2.0.0,>=1.1.0->soda-scientific->-r /tmp/venv6xvh6538/requirements.txt (line 3))
[2024-01-02T11:47:08.868-0300] {process_utils.py:190} INFO -   Using cached kiwisolver-1.4.5-cp310-cp310-manylinux_2_12_x86_64.manylinux2010_x86_64.whl.metadata (6.4 kB)
[2024-01-02T11:47:09.404-0300] {process_utils.py:190} INFO - Collecting packaging>=20.0 (from matplotlib>=2.0.0->prophet<2.0.0,>=1.1.0->soda-scientific->-r /tmp/venv6xvh6538/requirements.txt (line 3))
[2024-01-02T11:47:09.405-0300] {process_utils.py:190} INFO -   Using cached packaging-23.2-py3-none-any.whl.metadata (3.2 kB)
[2024-01-02T11:47:10.077-0300] {process_utils.py:190} INFO - Collecting pillow>=8 (from matplotlib>=2.0.0->prophet<2.0.0,>=1.1.0->soda-scientific->-r /tmp/venv6xvh6538/requirements.txt (line 3))
[2024-01-02T11:47:10.080-0300] {process_utils.py:190} INFO -   Using cached pillow-10.2.0-cp310-cp310-manylinux_2_28_x86_64.whl.metadata (9.7 kB)
[2024-01-02T11:47:10.626-0300] {process_utils.py:190} INFO - Collecting pyparsing>=2.3.1 (from matplotlib>=2.0.0->prophet<2.0.0,>=1.1.0->soda-scientific->-r /tmp/venv6xvh6538/requirements.txt (line 3))
[2024-01-02T11:47:10.628-0300] {process_utils.py:190} INFO -   Using cached pyparsing-3.1.1-py3-none-any.whl.metadata (5.1 kB)
[2024-01-02T11:47:11.183-0300] {process_utils.py:190} INFO - Collecting deprecated>=1.2.6 (from opentelemetry-api~=1.16.0->soda==1.1.28->soda-postgres->-r /tmp/venv6xvh6538/requirements.txt (line 2))
[2024-01-02T11:47:11.184-0300] {process_utils.py:190} INFO -   Using cached Deprecated-1.2.14-py2.py3-none-any.whl.metadata (5.4 kB)
[2024-01-02T11:47:11.185-0300] {process_utils.py:190} INFO - Requirement already satisfied: setuptools>=16.0 in /tmp/venv6xvh6538/lib/python3.10/site-packages (from opentelemetry-api~=1.16.0->soda==1.1.28->soda-postgres->-r /tmp/venv6xvh6538/requirements.txt (line 2)) (69.0.3)
[2024-01-02T11:47:11.737-0300] {process_utils.py:190} INFO - Collecting backoff<3.0.0,>=1.10.0 (from opentelemetry-exporter-otlp-proto-http~=1.16.0->soda==1.1.28->soda-postgres->-r /tmp/venv6xvh6538/requirements.txt (line 2))
[2024-01-02T11:47:11.739-0300] {process_utils.py:190} INFO -   Using cached backoff-2.2.1-py3-none-any.whl (15 kB)
[2024-01-02T11:47:12.280-0300] {process_utils.py:190} INFO - Collecting googleapis-common-protos~=1.52 (from opentelemetry-exporter-otlp-proto-http~=1.16.0->soda==1.1.28->soda-postgres->-r /tmp/venv6xvh6538/requirements.txt (line 2))
[2024-01-02T11:47:12.283-0300] {process_utils.py:190} INFO -   Using cached googleapis_common_protos-1.62.0-py2.py3-none-any.whl.metadata (1.5 kB)
[2024-01-02T11:47:12.822-0300] {process_utils.py:190} INFO - Collecting opentelemetry-proto==1.16.0 (from opentelemetry-exporter-otlp-proto-http~=1.16.0->soda==1.1.28->soda-postgres->-r /tmp/venv6xvh6538/requirements.txt (line 2))
[2024-01-02T11:47:12.824-0300] {process_utils.py:190} INFO -   Using cached opentelemetry_proto-1.16.0-py3-none-any.whl (52 kB)
[2024-01-02T11:47:13.373-0300] {process_utils.py:190} INFO - Collecting opentelemetry-sdk~=1.16.0 (from opentelemetry-exporter-otlp-proto-http~=1.16.0->soda==1.1.28->soda-postgres->-r /tmp/venv6xvh6538/requirements.txt (line 2))
[2024-01-02T11:47:13.374-0300] {process_utils.py:190} INFO -   Using cached opentelemetry_sdk-1.16.0-py3-none-any.whl (94 kB)
[2024-01-02T11:47:14.077-0300] {process_utils.py:190} INFO - Collecting protobuf<5.0,>=3.19 (from opentelemetry-proto==1.16.0->opentelemetry-exporter-otlp-proto-http~=1.16.0->soda==1.1.28->soda-postgres->-r /tmp/venv6xvh6538/requirements.txt (line 2))
[2024-01-02T11:47:14.080-0300] {process_utils.py:190} INFO -   Using cached protobuf-4.25.1-cp37-abi3-manylinux2014_x86_64.whl.metadata (541 bytes)
[2024-01-02T11:47:14.625-0300] {process_utils.py:190} INFO - Collecting six>=1.5 (from python-dateutil>=2.8.1->pandas<2.0.0,>=1.3.5->soda==1.1.28->soda-postgres->-r /tmp/venv6xvh6538/requirements.txt (line 2))
[2024-01-02T11:47:14.627-0300] {process_utils.py:190} INFO -   Using cached six-1.16.0-py2.py3-none-any.whl (11 kB)
[2024-01-02T11:47:15.296-0300] {process_utils.py:190} INFO - Collecting charset-normalizer<4,>=2 (from requests~=2.28->soda==1.1.28->soda-postgres->-r /tmp/venv6xvh6538/requirements.txt (line 2))
[2024-01-02T11:47:15.299-0300] {process_utils.py:190} INFO -   Using cached charset_normalizer-3.3.2-cp310-cp310-manylinux_2_17_x86_64.manylinux2014_x86_64.whl.metadata (33 kB)
[2024-01-02T11:47:15.859-0300] {process_utils.py:190} INFO - Collecting urllib3<3,>=1.21.1 (from requests~=2.28->soda==1.1.28->soda-postgres->-r /tmp/venv6xvh6538/requirements.txt (line 2))
[2024-01-02T11:47:15.863-0300] {process_utils.py:190} INFO -   Using cached urllib3-2.1.0-py3-none-any.whl.metadata (6.4 kB)
[2024-01-02T11:47:16.437-0300] {process_utils.py:190} INFO - Collecting markdown-it-py>=2.2.0 (from rich<14.0.0,>=13.3.3->soda==1.1.28->soda-postgres->-r /tmp/venv6xvh6538/requirements.txt (line 2))
[2024-01-02T11:47:16.438-0300] {process_utils.py:190} INFO -   Using cached markdown_it_py-3.0.0-py3-none-any.whl.metadata (6.9 kB)
[2024-01-02T11:47:16.976-0300] {process_utils.py:190} INFO - Collecting pygments<3.0.0,>=2.13.0 (from rich<14.0.0,>=13.3.3->soda==1.1.28->soda-postgres->-r /tmp/venv6xvh6538/requirements.txt (line 2))
[2024-01-02T11:47:16.978-0300] {process_utils.py:190} INFO -   Using cached pygments-2.17.2-py3-none-any.whl.metadata (2.6 kB)
[2024-01-02T11:47:17.536-0300] {process_utils.py:190} INFO - Collecting ruamel.yaml.clib>=0.2.7 (from ruamel.yaml<0.18.0,>=0.17.0->soda==1.1.28->soda-postgres->-r /tmp/venv6xvh6538/requirements.txt (line 2))
[2024-01-02T11:47:17.538-0300] {process_utils.py:190} INFO -   Using cached ruamel.yaml.clib-0.2.8-cp310-cp310-manylinux_2_17_x86_64.manylinux2014_x86_64.manylinux_2_24_x86_64.whl.metadata (2.2 kB)
[2024-01-02T11:47:18.159-0300] {process_utils.py:190} INFO - Collecting monotonic~=1.5 (from segment-analytics-python<3.0.0->soda==1.1.28->soda-postgres->-r /tmp/venv6xvh6538/requirements.txt (line 2))
[2024-01-02T11:47:18.164-0300] {process_utils.py:190} INFO -   Using cached monotonic-1.6-py2.py3-none-any.whl (8.2 kB)
[2024-01-02T11:47:18.843-0300] {process_utils.py:190} INFO - Collecting exceptiongroup>=1.0.2 (from anyio->httpx<2.0.0,>=0.18.1->soda-scientific->-r /tmp/venv6xvh6538/requirements.txt (line 3))
[2024-01-02T11:47:18.845-0300] {process_utils.py:190} INFO -   Using cached exceptiongroup-1.2.0-py3-none-any.whl.metadata (6.6 kB)
[2024-01-02T11:47:19.433-0300] {process_utils.py:190} INFO - Collecting prompt_toolkit<=3.0.36,>=2.0 (from ia-questionary->soda==1.1.28->soda-postgres->-r /tmp/venv6xvh6538/requirements.txt (line 2))
[2024-01-02T11:47:19.435-0300] {process_utils.py:190} INFO -   Using cached prompt_toolkit-3.0.36-py3-none-any.whl (386 kB)
[2024-01-02T11:47:20.152-0300] {process_utils.py:190} INFO - Collecting wrapt<2,>=1.10 (from deprecated>=1.2.6->opentelemetry-api~=1.16.0->soda==1.1.28->soda-postgres->-r /tmp/venv6xvh6538/requirements.txt (line 2))
[2024-01-02T11:47:20.154-0300] {process_utils.py:190} INFO -   Using cached wrapt-1.16.0-cp310-cp310-manylinux_2_5_x86_64.manylinux1_x86_64.manylinux_2_17_x86_64.manylinux2014_x86_64.whl.metadata (6.6 kB)
[2024-01-02T11:47:20.873-0300] {process_utils.py:190} INFO - Collecting mdurl~=0.1 (from markdown-it-py>=2.2.0->rich<14.0.0,>=13.3.3->soda==1.1.28->soda-postgres->-r /tmp/venv6xvh6538/requirements.txt (line 2))
[2024-01-02T11:47:20.875-0300] {process_utils.py:190} INFO -   Using cached mdurl-0.1.2-py3-none-any.whl (10.0 kB)
[2024-01-02T11:47:21.442-0300] {process_utils.py:190} INFO - Collecting opentelemetry-semantic-conventions==0.37b0 (from opentelemetry-sdk~=1.16.0->opentelemetry-exporter-otlp-proto-http~=1.16.0->soda==1.1.28->soda-postgres->-r /tmp/venv6xvh6538/requirements.txt (line 2))
[2024-01-02T11:47:21.444-0300] {process_utils.py:190} INFO -   Using cached opentelemetry_semantic_conventions-0.37b0-py3-none-any.whl (26 kB)
[2024-01-02T11:47:22.131-0300] {process_utils.py:190} INFO - Collecting wcwidth (from prompt_toolkit<=3.0.36,>=2.0->ia-questionary->soda==1.1.28->soda-postgres->-r /tmp/venv6xvh6538/requirements.txt (line 2))
[2024-01-02T11:47:22.134-0300] {process_utils.py:190} INFO -   Using cached wcwidth-0.2.12-py2.py3-none-any.whl.metadata (14 kB)
[2024-01-02T11:47:22.351-0300] {process_utils.py:190} INFO - Using cached Cython-3.0.7-cp310-cp310-manylinux_2_17_x86_64.manylinux2014_x86_64.whl (3.6 MB)
[2024-01-02T11:47:22.356-0300] {process_utils.py:190} INFO - Using cached httpx-0.26.0-py3-none-any.whl (75 kB)
[2024-01-02T11:47:22.359-0300] {process_utils.py:190} INFO - Using cached httpcore-1.0.2-py3-none-any.whl (76 kB)
[2024-01-02T11:47:22.360-0300] {process_utils.py:190} INFO - Using cached numpy-1.26.2-cp310-cp310-manylinux_2_17_x86_64.manylinux2014_x86_64.whl (18.2 MB)
[2024-01-02T11:47:22.386-0300] {process_utils.py:190} INFO - Using cached prophet-1.1.5-py3-none-manylinux_2_17_x86_64.manylinux2014_x86_64.whl (14.4 MB)
[2024-01-02T11:47:22.406-0300] {process_utils.py:190} INFO - Using cached psycopg2_binary-2.9.9-cp310-cp310-manylinux_2_17_x86_64.manylinux2014_x86_64.whl (3.0 MB)
[2024-01-02T11:47:22.411-0300] {process_utils.py:190} INFO - Using cached pydantic-2.5.3-py3-none-any.whl (381 kB)
[2024-01-02T11:47:22.414-0300] {process_utils.py:190} INFO - Using cached pydantic_core-2.14.6-cp310-cp310-manylinux_2_17_x86_64.manylinux2014_x86_64.whl (2.1 MB)
[2024-01-02T11:47:22.418-0300] {process_utils.py:190} INFO - Using cached PyYAML-6.0.1-cp310-cp310-manylinux_2_17_x86_64.manylinux2014_x86_64.whl (705 kB)
[2024-01-02T11:47:22.420-0300] {process_utils.py:190} INFO - Using cached scipy-1.11.4-cp310-cp310-manylinux_2_17_x86_64.manylinux2014_x86_64.whl (36.4 MB)
[2024-01-02T11:47:22.520-0300] {process_utils.py:190} INFO - Using cached annotated_types-0.6.0-py3-none-any.whl (12 kB)
[2024-01-02T11:47:22.522-0300] {process_utils.py:190} INFO - Using cached click-8.1.7-py3-none-any.whl (97 kB)
[2024-01-02T11:47:22.524-0300] {process_utils.py:190} INFO - Using cached cmdstanpy-1.2.0-py3-none-any.whl (93 kB)
[2024-01-02T11:47:22.527-0300] {process_utils.py:190} INFO - Using cached deepdiff-6.7.1-py3-none-any.whl (76 kB)
[2024-01-02T11:47:22.530-0300] {process_utils.py:190} INFO - Using cached holidays-0.40-py3-none-any.whl (889 kB)
[2024-01-02T11:47:22.533-0300] {process_utils.py:190} INFO - Using cached inflect-7.0.0-py3-none-any.whl (34 kB)
[2024-01-02T11:47:22.535-0300] {process_utils.py:190} INFO - Using cached matplotlib-3.8.2-cp310-cp310-manylinux_2_17_x86_64.manylinux2014_x86_64.whl (11.6 MB)
[2024-01-02T11:47:22.560-0300] {process_utils.py:190} INFO - Using cached pytz-2023.3.post1-py2.py3-none-any.whl (502 kB)
[2024-01-02T11:47:22.563-0300] {process_utils.py:190} INFO - Using cached requests-2.31.0-py3-none-any.whl (62 kB)
[2024-01-02T11:47:22.565-0300] {process_utils.py:190} INFO - Using cached certifi-2023.11.17-py3-none-any.whl (162 kB)
[2024-01-02T11:47:22.567-0300] {process_utils.py:190} INFO - Using cached idna-3.6-py3-none-any.whl (61 kB)
[2024-01-02T11:47:22.568-0300] {process_utils.py:190} INFO - Using cached rich-13.7.0-py3-none-any.whl (240 kB)
[2024-01-02T11:47:22.571-0300] {process_utils.py:190} INFO - Using cached ruamel.yaml-0.17.40-py3-none-any.whl (113 kB)
[2024-01-02T11:47:22.573-0300] {process_utils.py:190} INFO - Using cached segment_analytics_python-2.2.3-py2.py3-none-any.whl (24 kB)
[2024-01-02T11:47:22.576-0300] {process_utils.py:190} INFO - Using cached tqdm-4.66.1-py3-none-any.whl (78 kB)
[2024-01-02T11:47:22.579-0300] {process_utils.py:190} INFO - Using cached typing_extensions-4.9.0-py3-none-any.whl (32 kB)
[2024-01-02T11:47:22.580-0300] {process_utils.py:190} INFO - Using cached anyio-4.2.0-py3-none-any.whl (85 kB)
[2024-01-02T11:47:22.582-0300] {process_utils.py:190} INFO - Using cached importlib_resources-6.1.1-py3-none-any.whl (33 kB)
[2024-01-02T11:47:22.583-0300] {process_utils.py:190} INFO - Using cached charset_normalizer-3.3.2-cp310-cp310-manylinux_2_17_x86_64.manylinux2014_x86_64.whl (142 kB)
[2024-01-02T11:47:22.584-0300] {process_utils.py:190} INFO - Using cached contourpy-1.2.0-cp310-cp310-manylinux_2_17_x86_64.manylinux2014_x86_64.whl (310 kB)
[2024-01-02T11:47:22.586-0300] {process_utils.py:190} INFO - Using cached cycler-0.12.1-py3-none-any.whl (8.3 kB)
[2024-01-02T11:47:22.587-0300] {process_utils.py:190} INFO - Using cached Deprecated-1.2.14-py2.py3-none-any.whl (9.6 kB)
[2024-01-02T11:47:22.588-0300] {process_utils.py:190} INFO - Using cached exceptiongroup-1.2.0-py3-none-any.whl (16 kB)
[2024-01-02T11:47:22.589-0300] {process_utils.py:190} INFO - Using cached fonttools-4.47.0-cp310-cp310-manylinux_2_17_x86_64.manylinux2014_x86_64.whl (4.6 MB)
[2024-01-02T11:47:22.598-0300] {process_utils.py:190} INFO - Using cached googleapis_common_protos-1.62.0-py2.py3-none-any.whl (228 kB)
[2024-01-02T11:47:22.600-0300] {process_utils.py:190} INFO - Using cached kiwisolver-1.4.5-cp310-cp310-manylinux_2_12_x86_64.manylinux2010_x86_64.whl (1.6 MB)
[2024-01-02T11:47:22.605-0300] {process_utils.py:190} INFO - Using cached markdown_it_py-3.0.0-py3-none-any.whl (87 kB)
[2024-01-02T11:47:22.607-0300] {process_utils.py:190} INFO - Using cached packaging-23.2-py3-none-any.whl (53 kB)
[2024-01-02T11:47:22.610-0300] {process_utils.py:190} INFO - Using cached pillow-10.2.0-cp310-cp310-manylinux_2_28_x86_64.whl (4.5 MB)
[2024-01-02T11:47:22.618-0300] {process_utils.py:190} INFO - Using cached pygments-2.17.2-py3-none-any.whl (1.2 MB)
[2024-01-02T11:47:22.620-0300] {process_utils.py:190} INFO - Using cached pyparsing-3.1.1-py3-none-any.whl (103 kB)
[2024-01-02T11:47:22.621-0300] {process_utils.py:190} INFO - Using cached ruamel.yaml.clib-0.2.8-cp310-cp310-manylinux_2_17_x86_64.manylinux2014_x86_64.manylinux_2_24_x86_64.whl (526 kB)
[2024-01-02T11:47:22.623-0300] {process_utils.py:190} INFO - Using cached stanio-0.3.0-py3-none-any.whl (6.2 kB)
[2024-01-02T11:47:22.626-0300] {process_utils.py:190} INFO - Using cached urllib3-2.1.0-py3-none-any.whl (104 kB)
[2024-01-02T11:47:22.628-0300] {process_utils.py:190} INFO - Using cached protobuf-4.25.1-cp37-abi3-manylinux2014_x86_64.whl (294 kB)
[2024-01-02T11:47:22.630-0300] {process_utils.py:190} INFO - Using cached wrapt-1.16.0-cp310-cp310-manylinux_2_5_x86_64.manylinux1_x86_64.manylinux_2_17_x86_64.manylinux2014_x86_64.whl (80 kB)
[2024-01-02T11:47:22.631-0300] {process_utils.py:190} INFO - Using cached wcwidth-0.2.12-py2.py3-none-any.whl (34 kB)
[2024-01-02T11:47:23.287-0300] {process_utils.py:190} INFO - Installing collected packages: wcwidth, pytz, monotonic, antlr4-python3-runtime, wrapt, urllib3, typing-extensions, tqdm, sqlparse, sniffio, six, ruamel.yaml.clib, pyyaml, pyparsing, pygments, psycopg2-binary, protobuf, prompt_toolkit, pillow, packaging, ordered-set, opentelemetry-semantic-conventions, numpy, mdurl, markupsafe, kiwisolver, inflection, importlib-resources, idna, h11, fonttools, exceptiongroup, cython, cycler, click, charset-normalizer, certifi, backoff, annotated-types, typer, stanio, scipy, ruamel.yaml, requests, python-dateutil, pydantic-core, opentelemetry-proto, markdown-it-py, Jinja2, ia-questionary, httpcore, googleapis-common-protos, deprecated, deepdiff, contourpy, anyio, segment-analytics-python, rich, pydantic, pandas, opentelemetry-api, matplotlib, httpx, holidays, soda-freshness, opentelemetry-sdk, inflect, cmdstanpy, prophet, opentelemetry-exporter-otlp-proto-http, soda, soda-scientific, soda-postgres
[2024-01-02T11:47:42.979-0300] {process_utils.py:190} INFO - Successfully installed Jinja2-3.1.2 annotated-types-0.6.0 antlr4-python3-runtime-4.11.1 anyio-4.2.0 backoff-2.2.1 certifi-2023.11.17 charset-normalizer-3.3.2 click-8.1.7 cmdstanpy-1.2.0 contourpy-1.2.0 cycler-0.12.1 cython-3.0.7 deepdiff-6.7.1 deprecated-1.2.14 exceptiongroup-1.2.0 fonttools-4.47.0 googleapis-common-protos-1.62.0 h11-0.14.0 holidays-0.40 httpcore-1.0.2 httpx-0.26.0 ia-questionary-1.10.0 idna-3.6 importlib-resources-6.1.1 inflect-7.0.0 inflection-0.5.1 kiwisolver-1.4.5 markdown-it-py-3.0.0 markupsafe-2.1.2 matplotlib-3.8.2 mdurl-0.1.2 monotonic-1.6 numpy-1.26.2 opentelemetry-api-1.16.0 opentelemetry-exporter-otlp-proto-http-1.16.0 opentelemetry-proto-1.16.0 opentelemetry-sdk-1.16.0 opentelemetry-semantic-conventions-0.37b0 ordered-set-4.1.0 packaging-23.2 pandas-1.5.3 pillow-10.2.0 prompt_toolkit-3.0.36 prophet-1.1.5 protobuf-4.25.1 psycopg2-binary-2.9.9 pydantic-2.5.3 pydantic-core-2.14.6 pygments-2.17.2 pyparsing-3.1.1 python-dateutil-2.8.2 pytz-2023.3.post1 pyyaml-6.0.1 requests-2.31.0 rich-13.7.0 ruamel.yaml-0.17.40 ruamel.yaml.clib-0.2.8 scipy-1.11.4 segment-analytics-python-2.2.3 six-1.16.0 sniffio-1.3.0 soda-1.1.28 soda-freshness-0.0.5 soda-postgres-1.1.28 soda-scientific-1.1.28 sqlparse-0.4.4 stanio-0.3.0 tqdm-4.66.1 typer-0.9.0 typing-extensions-4.9.0 urllib3-2.1.0 wcwidth-0.2.12 wrapt-1.16.0
[2024-01-02T11:47:44.040-0300] {process_utils.py:182} INFO - Executing cmd: /tmp/venv6xvh6538/bin/python /tmp/venv-callwgdiytvd/script.py /tmp/venv-callwgdiytvd/script.in /tmp/venv-callwgdiytvd/script.out /tmp/venv-callwgdiytvd/string_args.txt /tmp/venv-callwgdiytvd/termination.log
[2024-01-02T11:47:44.041-0300] {process_utils.py:186} INFO - Output:
[2024-01-02T11:47:50.305-0300] {process_utils.py:190} INFO - Running Soda Scan ...
[2024-01-02T11:47:50.306-0300] {process_utils.py:190} INFO - INFO   | Soda Library 1.1.28
[2024-01-02T11:47:50.306-0300] {process_utils.py:190} INFO - INFO   | Soda Core 3.0.47
[2024-01-02T11:47:50.306-0300] {process_utils.py:190} INFO - DEBUG  | Reading configuration file "/home/user/projects/newproj/soda/soda/configuration.yml"
[2024-01-02T11:47:50.306-0300] {process_utils.py:190} INFO - DEBUG  | Reading SodaCL file "/home/user/projects/newproj/soda/soda/checks/transform/fact_product_category.yml"
[2024-01-02T11:47:50.306-0300] {process_utils.py:190} INFO - DEBUG  | Scan execution starts
[2024-01-02T11:47:50.306-0300] {process_utils.py:190} INFO - INFO   | By downloading and using Soda Library, you agree to Soda's Terms & Conditions (https://go.soda.io/t&c) and Privacy Policy (https://go.soda.io/privacy).
[2024-01-02T11:47:50.307-0300] {process_utils.py:190} INFO - DEBUG  | Postgres connection properties: host="localhost", port="None", database="postgres", user="postgres", options="-c search_path=public", connection_timeout="None"
[2024-01-02T11:47:50.307-0300] {process_utils.py:190} INFO - DEBUG  | Query adventureworks.fact_product_category.aggregation[0]:
[2024-01-02T11:47:50.307-0300] {process_utils.py:190} INFO - SELECT
[2024-01-02T11:47:50.307-0300] {process_utils.py:190} INFO -   COUNT(CASE WHEN category_key IS NULL THEN 1 END),
[2024-01-02T11:47:50.307-0300] {process_utils.py:190} INFO -   COUNT(CASE WHEN subcategory_key IS NULL THEN 1 END),
[2024-01-02T11:47:50.307-0300] {process_utils.py:190} INFO -   COUNT(CASE WHEN product_key IS NULL THEN 1 END)
[2024-01-02T11:47:50.307-0300] {process_utils.py:190} INFO - FROM public.fact_product_category
[2024-01-02T11:47:50.307-0300] {process_utils.py:190} INFO - DEBUG  | Query adventureworks.category_key.failed_rows[missing_count]:
[2024-01-02T11:47:50.308-0300] {process_utils.py:190} INFO - SELECT * FROM public.fact_product_category
[2024-01-02T11:47:50.308-0300] {process_utils.py:190} INFO -  WHERE category_key IS NULL
[2024-01-02T11:47:50.308-0300] {process_utils.py:190} INFO -  LIMIT 100
[2024-01-02T11:47:50.308-0300] {process_utils.py:190} INFO - INFO   | Sending failed row samples to Soda Cloud
[2024-01-02T11:47:50.308-0300] {process_utils.py:190} INFO - DEBUG  | Query adventureworks.subcategory_key.failed_rows[missing_count]:
[2024-01-02T11:47:50.308-0300] {process_utils.py:190} INFO - SELECT * FROM public.fact_product_category
[2024-01-02T11:47:50.308-0300] {process_utils.py:190} INFO -  WHERE subcategory_key IS NULL
[2024-01-02T11:47:50.308-0300] {process_utils.py:190} INFO -  LIMIT 100
[2024-01-02T11:47:50.308-0300] {process_utils.py:190} INFO - INFO   | Sending failed row samples to Soda Cloud
[2024-01-02T11:47:50.308-0300] {process_utils.py:190} INFO - INFO   | Scan summary:
[2024-01-02T11:47:50.309-0300] {process_utils.py:190} INFO - DEBUG  | 3/3 queries OK
[2024-01-02T11:47:50.309-0300] {process_utils.py:190} INFO - DEBUG  |   adventureworks.fact_product_category.aggregation[0] [OK] 0:00:00.003812
[2024-01-02T11:47:50.309-0300] {process_utils.py:190} INFO - DEBUG  |   adventureworks.category_key.failed_rows[missing_count] [OK] 0:00:00.905870
[2024-01-02T11:47:50.309-0300] {process_utils.py:190} INFO - DEBUG  |   adventureworks.subcategory_key.failed_rows[missing_count] [OK] 0:00:01.035011
[2024-01-02T11:47:50.309-0300] {process_utils.py:190} INFO - INFO   | 1/3 checks PASSED:
[2024-01-02T11:47:50.309-0300] {process_utils.py:190} INFO - INFO   |     fact_product_category in adventureworks
[2024-01-02T11:47:50.309-0300] {process_utils.py:190} INFO - INFO   |       ALl products have a key [/home/user/projects/newproj/soda/soda/checks/transform/fact_product_category.yml] [PASSED]
[2024-01-02T11:47:50.310-0300] {process_utils.py:190} INFO - INFO   |         check_value: 0
[2024-01-02T11:47:50.310-0300] {process_utils.py:190} INFO - INFO   | 2/3 checks WARNED:
[2024-01-02T11:47:50.310-0300] {process_utils.py:190} INFO - INFO   |     fact_product_category in adventureworks
[2024-01-02T11:47:50.310-0300] {process_utils.py:190} INFO - INFO   |       All products have a category [/home/user/projects/newproj/soda/soda/checks/transform/fact_product_category.yml] [WARNED]
[2024-01-02T11:47:50.310-0300] {process_utils.py:190} INFO - INFO   |         check_value: 209
[2024-01-02T11:47:50.310-0300] {process_utils.py:190} INFO - INFO   |       All products have a subcategory [/home/user/projects/newproj/soda/soda/checks/transform/fact_product_category.yml] [WARNED]
[2024-01-02T11:47:50.310-0300] {process_utils.py:190} INFO - INFO   |         check_value: 209
[2024-01-02T11:47:50.311-0300] {process_utils.py:190} INFO - INFO   | Only 2 warnings. 0 failures. 0 errors. 1 pass.
[2024-01-02T11:47:50.311-0300] {process_utils.py:190} INFO - INFO   | Sending results to Soda Cloud
[2024-01-02T11:47:50.311-0300] {process_utils.py:190} INFO - INFO   | Soda Cloud Trace: 7067406927240684197
[2024-01-02T11:47:50.311-0300] {process_utils.py:190} INFO - Traceback (most recent call last):
[2024-01-02T11:47:50.311-0300] {process_utils.py:190} INFO -   File "/tmp/venv-callwgdiytvd/script.py", line 55, in <module>
[2024-01-02T11:47:50.311-0300] {process_utils.py:190} INFO -     res = run_soda_scan(*arg_dict["args"], **arg_dict["kwargs"])
[2024-01-02T11:47:50.311-0300] {process_utils.py:190} INFO -   File "/tmp/venv-callwgdiytvd/script.py", line 50, in run_soda_scan
[2024-01-02T11:47:50.311-0300] {process_utils.py:190} INFO -     raise ValueError('Soda Scan failed')
[2024-01-02T11:47:50.312-0300] {process_utils.py:190} INFO - ValueError: Soda Scan failed
[2024-01-02T11:47:51.336-0300] {taskinstance.py:2699} ERROR - Task failed with exception
Traceback (most recent call last):
  File "/home/user/projects/newproj/soda/.venv/lib/python3.10/site-packages/airflow/models/taskinstance.py", line 433, in _execute_task
    result = execute_callable(context=context, **execute_callable_kwargs)
  File "/home/user/projects/newproj/soda/.venv/lib/python3.10/site-packages/airflow/operators/python.py", line 400, in execute
    return super().execute(context=serializable_context)
  File "/home/user/projects/newproj/soda/.venv/lib/python3.10/site-packages/airflow/operators/python.py", line 199, in execute
    return_value = self.execute_callable()
  File "/home/user/projects/newproj/soda/.venv/lib/python3.10/site-packages/airflow/operators/python.py", line 713, in execute_callable
    result = self._execute_python_callable_in_subprocess(python_path)
  File "/home/user/projects/newproj/soda/.venv/lib/python3.10/site-packages/airflow/operators/python.py", line 471, in _execute_python_callable_in_subprocess
    raise AirflowException(error_msg) from None
airflow.exceptions.AirflowException: Process returned non-zero exit status 1.
Soda Scan failed
[2024-01-02T11:47:51.339-0300] {taskinstance.py:1138} INFO - Marking task as UP_FOR_RETRY. dag_id=model_adventureworks_sales_category, task_id=checks_transform, execution_date=20240102T144501, start_date=20240102T144634, end_date=20240102T144751
[2024-01-02T11:47:51.373-0300] {standard_task_runner.py:107} ERROR - Failed to execute job 17 for task checks_transform (Process returned non-zero exit status 1.
Soda Scan failed; 51921)
[2024-01-02T11:47:51.405-0300] {local_task_job_runner.py:234} INFO - Task exited with return code 1
[2024-01-02T11:47:51.433-0300] {taskinstance.py:3281} INFO - 0 downstream tasks scheduled from follow-on schedule check
