[2024-01-12T16:17:18.011-0300] {taskinstance.py:1957} INFO - Dependencies all met for dep_context=non-requeueable deps ti=<TaskInstance: model_adventureworks_sales_category.dbt_report scheduled__2024-01-11T00:00:00+00:00 [queued]>
[2024-01-12T16:17:18.022-0300] {taskinstance.py:1957} INFO - Dependencies all met for dep_context=requeueable deps ti=<TaskInstance: model_adventureworks_sales_category.dbt_report scheduled__2024-01-11T00:00:00+00:00 [queued]>
[2024-01-12T16:17:18.022-0300] {taskinstance.py:2171} INFO - Starting attempt 1 of 2
[2024-01-12T16:17:18.042-0300] {taskinstance.py:2192} INFO - Executing <Task(BashOperator): dbt_report> on 2024-01-11 00:00:00+00:00
[2024-01-12T16:17:18.045-0300] {standard_task_runner.py:60} INFO - Started process 35546 to run task
[2024-01-12T16:17:18.048-0300] {standard_task_runner.py:87} INFO - Running: ['airflow', 'tasks', 'run', 'model_adventureworks_sales_category', 'dbt_report', 'scheduled__2024-01-11T00:00:00+00:00', '--job-id', '36', '--raw', '--subdir', 'DAGS_FOLDER/model_sales_category.py', '--cfg-path', '/tmp/tmpcxzgw2me']
[2024-01-12T16:17:18.051-0300] {standard_task_runner.py:88} INFO - Job 36: Subtask dbt_report
[2024-01-12T16:17:18.081-0300] {task_command.py:423} INFO - Running <TaskInstance: model_adventureworks_sales_category.dbt_report scheduled__2024-01-11T00:00:00+00:00 [running]> on host LAPTOP-MELTBPNS.
[2024-01-12T16:17:18.136-0300] {taskinstance.py:2481} INFO - Exporting env vars: AIRFLOW_CTX_DAG_OWNER='soda_core' AIRFLOW_CTX_DAG_ID='model_adventureworks_sales_category' AIRFLOW_CTX_TASK_ID='dbt_report' AIRFLOW_CTX_EXECUTION_DATE='2024-01-11T00:00:00+00:00' AIRFLOW_CTX_TRY_NUMBER='1' AIRFLOW_CTX_DAG_RUN_ID='scheduled__2024-01-11T00:00:00+00:00'
[2024-01-12T16:17:18.137-0300] {subprocess.py:63} INFO - Tmp dir root location: /tmp
[2024-01-12T16:17:18.138-0300] {subprocess.py:75} INFO - Running command: ['/usr/bin/bash', '-c', 'dbt run --project-dir /home/user/projects/newproj/soda//dbt/partner_cert --select report']
[2024-01-12T16:17:18.144-0300] {subprocess.py:86} INFO - Output:
[2024-01-12T16:17:21.476-0300] {subprocess.py:93} INFO - [0m19:17:21  Running with dbt=1.7.4
[2024-01-12T16:17:21.846-0300] {subprocess.py:93} INFO - [0m19:17:21  Registered adapter: postgres=1.7.4
[2024-01-12T16:17:21.977-0300] {subprocess.py:93} INFO - [0m19:17:21  Found 3 models, 4 sources, 0 exposures, 0 metrics, 401 macros, 0 groups, 0 semantic models
[2024-01-12T16:17:21.979-0300] {subprocess.py:93} INFO - [0m19:17:21
[2024-01-12T16:17:22.145-0300] {subprocess.py:93} INFO - [0m19:17:22  Concurrency: 1 threads (target='dev')
[2024-01-12T16:17:22.145-0300] {subprocess.py:93} INFO - [0m19:17:22
[2024-01-12T16:17:22.149-0300] {subprocess.py:93} INFO - [0m19:17:22  1 of 2 START sql view model public.report_category_sales ....................... [RUN]
[2024-01-12T16:17:22.371-0300] {subprocess.py:93} INFO - [0m19:17:22  1 of 2 OK created sql view model public.report_category_sales .................. [[32mCREATE VIEW[0m in 0.22s]
[2024-01-12T16:17:22.377-0300] {subprocess.py:93} INFO - [0m19:17:22  2 of 2 START sql view model public.report_subcategory_sales .................... [RUN]
[2024-01-12T16:17:22.467-0300] {subprocess.py:93} INFO - [0m19:17:22  2 of 2 OK created sql view model public.report_subcategory_sales ............... [[32mCREATE VIEW[0m in 0.09s]
[2024-01-12T16:17:22.519-0300] {subprocess.py:93} INFO - [0m19:17:22
[2024-01-12T16:17:22.523-0300] {subprocess.py:93} INFO - [0m19:17:22  Finished running 2 view models in 0 hours 0 minutes and 0.53 seconds (0.53s).
[2024-01-12T16:17:22.537-0300] {subprocess.py:93} INFO - [0m19:17:22
[2024-01-12T16:17:22.540-0300] {subprocess.py:93} INFO - [0m19:17:22  [32mCompleted successfully[0m
[2024-01-12T16:17:22.542-0300] {subprocess.py:93} INFO - [0m19:17:22
[2024-01-12T16:17:22.543-0300] {subprocess.py:93} INFO - [0m19:17:22  Done. PASS=2 WARN=0 ERROR=0 SKIP=0 TOTAL=2
[2024-01-12T16:17:23.929-0300] {subprocess.py:97} INFO - Command exited with return code 0
[2024-01-12T16:17:23.948-0300] {taskinstance.py:1138} INFO - Marking task as SUCCESS. dag_id=model_adventureworks_sales_category, task_id=dbt_report, execution_date=20240111T000000, start_date=20240112T191718, end_date=20240112T191723
[2024-01-12T16:17:24.001-0300] {local_task_job_runner.py:234} INFO - Task exited with return code 0
[2024-01-12T16:17:24.019-0300] {taskinstance.py:3281} INFO - 1 downstream tasks scheduled from follow-on schedule check
