[2024-01-02T10:54:10.740-0300] {processor.py:161} INFO - Started process (PID=14701) to work on /home/user/projects/newproj/soda/.venv/lib/python3.10/site-packages/airflow/example_dags/example_branch_datetime_operator.py
[2024-01-02T10:54:10.741-0300] {processor.py:830} INFO - Processing file /home/user/projects/newproj/soda/.venv/lib/python3.10/site-packages/airflow/example_dags/example_branch_datetime_operator.py for tasks to queue
[2024-01-02T10:54:10.742-0300] {logging_mixin.py:188} INFO - [2024-01-02T10:54:10.741-0300] {dagbag.py:538} INFO - Filling up the DagBag from /home/user/projects/newproj/soda/.venv/lib/python3.10/site-packages/airflow/example_dags/example_branch_datetime_operator.py
[2024-01-02T10:54:10.751-0300] {processor.py:840} INFO - DAG(s) 'example_branch_datetime_operator_3', 'example_branch_datetime_operator_2', 'example_branch_datetime_operator' retrieved from /home/user/projects/newproj/soda/.venv/lib/python3.10/site-packages/airflow/example_dags/example_branch_datetime_operator.py
[2024-01-02T10:54:10.841-0300] {logging_mixin.py:188} INFO - [2024-01-02T10:54:10.840-0300] {override.py:1769} INFO - Created Permission View: can edit on DAG:example_branch_datetime_operator_3
[2024-01-02T10:54:10.853-0300] {logging_mixin.py:188} INFO - [2024-01-02T10:54:10.853-0300] {override.py:1769} INFO - Created Permission View: can delete on DAG:example_branch_datetime_operator_3
[2024-01-02T10:54:10.865-0300] {logging_mixin.py:188} INFO - [2024-01-02T10:54:10.865-0300] {override.py:1769} INFO - Created Permission View: can read on DAG:example_branch_datetime_operator_3
[2024-01-02T10:54:10.886-0300] {logging_mixin.py:188} INFO - [2024-01-02T10:54:10.886-0300] {override.py:1769} INFO - Created Permission View: can edit on DAG:example_branch_datetime_operator_2
[2024-01-02T10:54:10.901-0300] {logging_mixin.py:188} INFO - [2024-01-02T10:54:10.901-0300] {override.py:1769} INFO - Created Permission View: can delete on DAG:example_branch_datetime_operator_2
[2024-01-02T10:54:10.914-0300] {logging_mixin.py:188} INFO - [2024-01-02T10:54:10.914-0300] {override.py:1769} INFO - Created Permission View: can read on DAG:example_branch_datetime_operator_2
[2024-01-02T10:54:10.937-0300] {logging_mixin.py:188} INFO - [2024-01-02T10:54:10.937-0300] {override.py:1769} INFO - Created Permission View: can edit on DAG:example_branch_datetime_operator
[2024-01-02T10:54:10.948-0300] {logging_mixin.py:188} INFO - [2024-01-02T10:54:10.947-0300] {override.py:1769} INFO - Created Permission View: can delete on DAG:example_branch_datetime_operator
[2024-01-02T10:54:10.958-0300] {logging_mixin.py:188} INFO - [2024-01-02T10:54:10.958-0300] {override.py:1769} INFO - Created Permission View: can read on DAG:example_branch_datetime_operator
[2024-01-02T10:54:10.958-0300] {logging_mixin.py:188} INFO - [2024-01-02T10:54:10.958-0300] {dag.py:3033} INFO - Sync 3 DAGs
[2024-01-02T10:54:10.969-0300] {logging_mixin.py:188} INFO - [2024-01-02T10:54:10.969-0300] {dag.py:3055} INFO - Creating ORM DAG for example_branch_datetime_operator_3
[2024-01-02T10:54:10.972-0300] {logging_mixin.py:188} INFO - [2024-01-02T10:54:10.970-0300] {dag.py:3055} INFO - Creating ORM DAG for example_branch_datetime_operator_2
[2024-01-02T10:54:10.972-0300] {logging_mixin.py:188} INFO - [2024-01-02T10:54:10.972-0300] {dag.py:3055} INFO - Creating ORM DAG for example_branch_datetime_operator
[2024-01-02T10:54:10.982-0300] {logging_mixin.py:188} INFO - [2024-01-02T10:54:10.982-0300] {dag.py:3820} INFO - Setting next_dagrun for example_branch_datetime_operator to 2024-01-01T00:00:00+00:00, run_after=2024-01-02T00:00:00+00:00
[2024-01-02T10:54:10.984-0300] {logging_mixin.py:188} INFO - [2024-01-02T10:54:10.983-0300] {dag.py:3820} INFO - Setting next_dagrun for example_branch_datetime_operator_2 to 2024-01-01T00:00:00+00:00, run_after=2024-01-02T00:00:00+00:00
[2024-01-02T10:54:10.985-0300] {logging_mixin.py:188} INFO - [2024-01-02T10:54:10.985-0300] {dag.py:3820} INFO - Setting next_dagrun for example_branch_datetime_operator_3 to 2024-01-01T00:00:00+00:00, run_after=2024-01-02T00:00:00+00:00
[2024-01-02T10:54:11.010-0300] {processor.py:183} INFO - Processing /home/user/projects/newproj/soda/.venv/lib/python3.10/site-packages/airflow/example_dags/example_branch_datetime_operator.py took 0.273 seconds
[2024-01-02T10:55:01.418-0300] {processor.py:161} INFO - Started process (PID=15362) to work on /home/user/projects/newproj/soda/.venv/lib/python3.10/site-packages/airflow/example_dags/example_branch_datetime_operator.py
[2024-01-02T10:55:01.420-0300] {processor.py:830} INFO - Processing file /home/user/projects/newproj/soda/.venv/lib/python3.10/site-packages/airflow/example_dags/example_branch_datetime_operator.py for tasks to queue
[2024-01-02T10:55:01.421-0300] {logging_mixin.py:188} INFO - [2024-01-02T10:55:01.421-0300] {dagbag.py:538} INFO - Filling up the DagBag from /home/user/projects/newproj/soda/.venv/lib/python3.10/site-packages/airflow/example_dags/example_branch_datetime_operator.py
[2024-01-02T10:55:01.431-0300] {processor.py:840} INFO - DAG(s) 'example_branch_datetime_operator_3', 'example_branch_datetime_operator', 'example_branch_datetime_operator_2' retrieved from /home/user/projects/newproj/soda/.venv/lib/python3.10/site-packages/airflow/example_dags/example_branch_datetime_operator.py
[2024-01-02T10:55:01.450-0300] {logging_mixin.py:188} INFO - [2024-01-02T10:55:01.449-0300] {dag.py:3033} INFO - Sync 3 DAGs
[2024-01-02T10:55:01.469-0300] {logging_mixin.py:188} INFO - [2024-01-02T10:55:01.469-0300] {dag.py:3820} INFO - Setting next_dagrun for example_branch_datetime_operator to 2024-01-01T00:00:00+00:00, run_after=2024-01-02T00:00:00+00:00
[2024-01-02T10:55:01.472-0300] {logging_mixin.py:188} INFO - [2024-01-02T10:55:01.472-0300] {dag.py:3820} INFO - Setting next_dagrun for example_branch_datetime_operator_2 to 2024-01-01T00:00:00+00:00, run_after=2024-01-02T00:00:00+00:00
[2024-01-02T10:55:01.475-0300] {logging_mixin.py:188} INFO - [2024-01-02T10:55:01.474-0300] {dag.py:3820} INFO - Setting next_dagrun for example_branch_datetime_operator_3 to 2024-01-01T00:00:00+00:00, run_after=2024-01-02T00:00:00+00:00
[2024-01-02T10:55:01.502-0300] {processor.py:183} INFO - Processing /home/user/projects/newproj/soda/.venv/lib/python3.10/site-packages/airflow/example_dags/example_branch_datetime_operator.py took 0.086 seconds
