[2024-01-12T16:17:26.603-0300] {taskinstance.py:1957} INFO - Dependencies all met for dep_context=non-requeueable deps ti=<TaskInstance: model_adventureworks_sales_category.dbt_report manual__2024-01-12T19:11:09.663969+00:00 [queued]>
[2024-01-12T16:17:26.609-0300] {taskinstance.py:1957} INFO - Dependencies all met for dep_context=requeueable deps ti=<TaskInstance: model_adventureworks_sales_category.dbt_report manual__2024-01-12T19:11:09.663969+00:00 [queued]>
[2024-01-12T16:17:26.609-0300] {taskinstance.py:2171} INFO - Starting attempt 1 of 2
[2024-01-12T16:17:26.629-0300] {taskinstance.py:2192} INFO - Executing <Task(BashOperator): dbt_report> on 2024-01-12 19:11:09.663969+00:00
[2024-01-12T16:17:26.632-0300] {standard_task_runner.py:60} INFO - Started process 35696 to run task
[2024-01-12T16:17:26.636-0300] {standard_task_runner.py:87} INFO - Running: ['airflow', 'tasks', 'run', 'model_adventureworks_sales_category', 'dbt_report', 'manual__2024-01-12T19:11:09.663969+00:00', '--job-id', '37', '--raw', '--subdir', 'DAGS_FOLDER/model_sales_category.py', '--cfg-path', '/tmp/tmpn7gbduh5']
[2024-01-12T16:17:26.638-0300] {standard_task_runner.py:88} INFO - Job 37: Subtask dbt_report
[2024-01-12T16:17:26.670-0300] {task_command.py:423} INFO - Running <TaskInstance: model_adventureworks_sales_category.dbt_report manual__2024-01-12T19:11:09.663969+00:00 [running]> on host LAPTOP-MELTBPNS.
[2024-01-12T16:17:26.722-0300] {taskinstance.py:2481} INFO - Exporting env vars: AIRFLOW_CTX_DAG_OWNER='soda_core' AIRFLOW_CTX_DAG_ID='model_adventureworks_sales_category' AIRFLOW_CTX_TASK_ID='dbt_report' AIRFLOW_CTX_EXECUTION_DATE='2024-01-12T19:11:09.663969+00:00' AIRFLOW_CTX_TRY_NUMBER='1' AIRFLOW_CTX_DAG_RUN_ID='manual__2024-01-12T19:11:09.663969+00:00'
[2024-01-12T16:17:26.723-0300] {subprocess.py:63} INFO - Tmp dir root location: /tmp
[2024-01-12T16:17:26.723-0300] {subprocess.py:75} INFO - Running command: ['/usr/bin/bash', '-c', 'dbt run --project-dir /home/user/projects/newproj/soda//dbt/partner_cert --select report']
[2024-01-12T16:17:26.729-0300] {subprocess.py:86} INFO - Output:
[2024-01-12T16:17:30.134-0300] {subprocess.py:93} INFO - [0m19:17:30  Running with dbt=1.7.4
[2024-01-12T16:17:30.646-0300] {subprocess.py:93} INFO - [0m19:17:30  Registered adapter: postgres=1.7.4
[2024-01-12T16:17:30.946-0300] {subprocess.py:93} INFO - [0m19:17:30  Found 3 models, 4 sources, 0 exposures, 0 metrics, 401 macros, 0 groups, 0 semantic models
[2024-01-12T16:17:30.950-0300] {subprocess.py:93} INFO - [0m19:17:30
[2024-01-12T16:17:31.241-0300] {subprocess.py:93} INFO - [0m19:17:31  Concurrency: 1 threads (target='dev')
[2024-01-12T16:17:31.242-0300] {subprocess.py:93} INFO - [0m19:17:31
[2024-01-12T16:17:31.247-0300] {subprocess.py:93} INFO - [0m19:17:31  1 of 2 START sql view model public.report_category_sales ....................... [RUN]
[2024-01-12T16:17:31.547-0300] {subprocess.py:93} INFO - [0m19:17:31  1 of 2 OK created sql view model public.report_category_sales .................. [[32mCREATE VIEW[0m in 0.30s]
[2024-01-12T16:17:31.552-0300] {subprocess.py:93} INFO - [0m19:17:31  2 of 2 START sql view model public.report_subcategory_sales .................... [RUN]
[2024-01-12T16:17:31.655-0300] {subprocess.py:93} INFO - [0m19:17:31  2 of 2 OK created sql view model public.report_subcategory_sales ............... [[32mCREATE VIEW[0m in 0.10s]
[2024-01-12T16:17:31.696-0300] {subprocess.py:93} INFO - [0m19:17:31
[2024-01-12T16:17:31.697-0300] {subprocess.py:93} INFO - [0m19:17:31  Finished running 2 view models in 0 hours 0 minutes and 0.75 seconds (0.75s).
[2024-01-12T16:17:31.713-0300] {subprocess.py:93} INFO - [0m19:17:31
[2024-01-12T16:17:31.714-0300] {subprocess.py:93} INFO - [0m19:17:31  [32mCompleted successfully[0m
[2024-01-12T16:17:31.714-0300] {subprocess.py:93} INFO - [0m19:17:31
[2024-01-12T16:17:31.715-0300] {subprocess.py:93} INFO - [0m19:17:31  Done. PASS=2 WARN=0 ERROR=0 SKIP=0 TOTAL=2
[2024-01-12T16:17:33.046-0300] {subprocess.py:97} INFO - Command exited with return code 0
[2024-01-12T16:17:33.073-0300] {taskinstance.py:1138} INFO - Marking task as SUCCESS. dag_id=model_adventureworks_sales_category, task_id=dbt_report, execution_date=20240112T191109, start_date=20240112T191726, end_date=20240112T191733
[2024-01-12T16:17:33.096-0300] {local_task_job_runner.py:234} INFO - Task exited with return code 0
[2024-01-12T16:17:33.114-0300] {taskinstance.py:3281} INFO - 1 downstream tasks scheduled from follow-on schedule check
