[2024-01-12T16:15:52.746-0300] {taskinstance.py:1957} INFO - Dependencies all met for dep_context=non-requeueable deps ti=<TaskInstance: model_adventureworks_sales_category.checks_transform manual__2024-01-12T19:11:09.663969+00:00 [queued]>
[2024-01-12T16:15:52.761-0300] {taskinstance.py:1957} INFO - Dependencies all met for dep_context=requeueable deps ti=<TaskInstance: model_adventureworks_sales_category.checks_transform manual__2024-01-12T19:11:09.663969+00:00 [queued]>
[2024-01-12T16:15:52.761-0300] {taskinstance.py:2171} INFO - Starting attempt 1 of 2
[2024-01-12T16:15:52.801-0300] {taskinstance.py:2192} INFO - Executing <Task(PythonVirtualenvOperator): checks_transform> on 2024-01-12 19:11:09.663969+00:00
[2024-01-12T16:15:52.820-0300] {standard_task_runner.py:60} INFO - Started process 34102 to run task
[2024-01-12T16:15:52.811-0300] {standard_task_runner.py:87} INFO - Running: ['airflow', 'tasks', 'run', 'model_adventureworks_sales_category', 'checks_transform', 'manual__2024-01-12T19:11:09.663969+00:00', '--job-id', '35', '--raw', '--subdir', 'DAGS_FOLDER/model_sales_category.py', '--cfg-path', '/tmp/tmp_udxxg8i']
[2024-01-12T16:15:52.825-0300] {standard_task_runner.py:88} INFO - Job 35: Subtask checks_transform
[2024-01-12T16:15:52.891-0300] {task_command.py:423} INFO - Running <TaskInstance: model_adventureworks_sales_category.checks_transform manual__2024-01-12T19:11:09.663969+00:00 [running]> on host LAPTOP-MELTBPNS.
[2024-01-12T16:15:52.968-0300] {taskinstance.py:2481} INFO - Exporting env vars: AIRFLOW_CTX_DAG_OWNER='soda_core' AIRFLOW_CTX_DAG_ID='model_adventureworks_sales_category' AIRFLOW_CTX_TASK_ID='checks_transform' AIRFLOW_CTX_EXECUTION_DATE='2024-01-12T19:11:09.663969+00:00' AIRFLOW_CTX_TRY_NUMBER='1' AIRFLOW_CTX_DAG_RUN_ID='manual__2024-01-12T19:11:09.663969+00:00'
[2024-01-12T16:15:52.970-0300] {process_utils.py:182} INFO - Executing cmd: /home/user/projects/newproj/soda/.venv/bin/python -m virtualenv /tmp/venvuevdzefj --python=python
[2024-01-12T16:15:52.971-0300] {process_utils.py:186} INFO - Output:
[2024-01-12T16:15:53.351-0300] {process_utils.py:190} INFO - created virtual environment CPython3.10.12.final.0-64 in 275ms
[2024-01-12T16:15:53.351-0300] {process_utils.py:190} INFO -   creator CPython3Posix(dest=/tmp/venvuevdzefj, clear=False, no_vcs_ignore=False, global=False)
[2024-01-12T16:15:53.352-0300] {process_utils.py:190} INFO -   seeder FromAppData(download=False, pip=bundle, setuptools=bundle, wheel=bundle, via=copy, app_data_dir=/home/user/.local/share/virtualenv)
[2024-01-12T16:15:53.352-0300] {process_utils.py:190} INFO -     added seed packages: pip==23.3.2, setuptools==69.0.3, wheel==0.42.0
[2024-01-12T16:15:53.352-0300] {process_utils.py:190} INFO -   activators BashActivator,CShellActivator,FishActivator,NushellActivator,PowerShellActivator,PythonActivator
[2024-01-12T16:15:53.390-0300] {process_utils.py:182} INFO - Executing cmd: /tmp/venvuevdzefj/bin/pip install -r /tmp/venvuevdzefj/requirements.txt
[2024-01-12T16:15:53.391-0300] {process_utils.py:186} INFO - Output:
[2024-01-12T16:15:54.744-0300] {process_utils.py:190} INFO - Looking in indexes: https://pypi.cloud.soda.io
[2024-01-12T16:15:56.177-0300] {process_utils.py:190} INFO - Collecting soda-postgres (from -r /tmp/venvuevdzefj/requirements.txt (line 2))
[2024-01-12T16:15:56.429-0300] {process_utils.py:190} INFO -   Downloading https://pypi.cloud.soda.io/packages/soda_postgres-1.2.0-py3-none-any.whl (5.2 kB)
[2024-01-12T16:15:56.956-0300] {process_utils.py:190} INFO - Collecting soda-scientific (from -r /tmp/venvuevdzefj/requirements.txt (line 3))
[2024-01-12T16:15:57.207-0300] {process_utils.py:190} INFO -   Downloading https://pypi.cloud.soda.io/packages/soda_scientific-1.2.0-py3-none-any.whl (21 kB)
[2024-01-12T16:15:57.747-0300] {process_utils.py:190} INFO - Collecting soda==1.2.0 (from soda-postgres->-r /tmp/venvuevdzefj/requirements.txt (line 2))
[2024-01-12T16:15:58.001-0300] {process_utils.py:190} INFO -   Downloading https://pypi.cloud.soda.io/packages/soda-1.2.0-py3-none-any.whl (253 kB)
[2024-01-12T16:15:58.504-0300] {process_utils.py:190} INFO -      ━━━━━━━━━━━━━━━━━━━━━━━━━━━━━━━━━━━━━━━━ 253.1/253.1 kB 485.8 kB/s eta 0:00:00
[2024-01-12T16:15:59.258-0300] {process_utils.py:190} INFO - Collecting psycopg2-binary<3.0,>=2.8.5 (from soda-postgres->-r /tmp/venvuevdzefj/requirements.txt (line 2))
[2024-01-12T16:15:59.262-0300] {process_utils.py:190} INFO -   Using cached psycopg2_binary-2.9.9-cp310-cp310-manylinux_2_17_x86_64.manylinux2014_x86_64.whl.metadata (4.4 kB)
[2024-01-12T16:15:59.866-0300] {process_utils.py:190} INFO - Collecting markupsafe<=2.1.2,>=2.0.1 (from soda==1.2.0->soda-postgres->-r /tmp/venvuevdzefj/requirements.txt (line 2))
[2024-01-12T16:15:59.869-0300] {process_utils.py:190} INFO -   Using cached MarkupSafe-2.1.2-cp310-cp310-manylinux_2_17_x86_64.manylinux2014_x86_64.whl (25 kB)
[2024-01-12T16:16:00.444-0300] {process_utils.py:190} INFO - Collecting Jinja2<4.0,>=2.11 (from soda==1.2.0->soda-postgres->-r /tmp/venvuevdzefj/requirements.txt (line 2))
[2024-01-12T16:16:00.446-0300] {process_utils.py:190} INFO -   Using cached Jinja2-3.1.3-py3-none-any.whl.metadata (3.3 kB)
[2024-01-12T16:16:01.005-0300] {process_utils.py:190} INFO - Collecting click~=8.0 (from soda==1.2.0->soda-postgres->-r /tmp/venvuevdzefj/requirements.txt (line 2))
[2024-01-12T16:16:01.008-0300] {process_utils.py:190} INFO -   Using cached click-8.1.7-py3-none-any.whl.metadata (3.0 kB)
[2024-01-12T16:16:01.754-0300] {process_utils.py:190} INFO - Collecting ruamel.yaml<0.18.0,>=0.17.0 (from soda==1.2.0->soda-postgres->-r /tmp/venvuevdzefj/requirements.txt (line 2))
[2024-01-12T16:16:01.757-0300] {process_utils.py:190} INFO -   Using cached ruamel.yaml-0.17.40-py3-none-any.whl.metadata (19 kB)
[2024-01-12T16:16:02.359-0300] {process_utils.py:190} INFO - Collecting requests~=2.28 (from soda==1.2.0->soda-postgres->-r /tmp/venvuevdzefj/requirements.txt (line 2))
[2024-01-12T16:16:02.362-0300] {process_utils.py:190} INFO -   Using cached requests-2.31.0-py3-none-any.whl.metadata (4.6 kB)
[2024-01-12T16:16:02.927-0300] {process_utils.py:190} INFO - Collecting antlr4-python3-runtime~=4.11.1 (from soda==1.2.0->soda-postgres->-r /tmp/venvuevdzefj/requirements.txt (line 2))
[2024-01-12T16:16:02.929-0300] {process_utils.py:190} INFO -   Using cached antlr4_python3_runtime-4.11.1-py3-none-any.whl (144 kB)
[2024-01-12T16:16:03.507-0300] {process_utils.py:190} INFO - Collecting opentelemetry-api~=1.16.0 (from soda==1.2.0->soda-postgres->-r /tmp/venvuevdzefj/requirements.txt (line 2))
[2024-01-12T16:16:03.510-0300] {process_utils.py:190} INFO -   Using cached opentelemetry_api-1.16.0-py3-none-any.whl (57 kB)
[2024-01-12T16:16:04.070-0300] {process_utils.py:190} INFO - Collecting opentelemetry-exporter-otlp-proto-http~=1.16.0 (from soda==1.2.0->soda-postgres->-r /tmp/venvuevdzefj/requirements.txt (line 2))
[2024-01-12T16:16:04.071-0300] {process_utils.py:190} INFO -   Using cached opentelemetry_exporter_otlp_proto_http-1.16.0-py3-none-any.whl (21 kB)
[2024-01-12T16:16:04.629-0300] {process_utils.py:190} INFO - Collecting sqlparse~=0.4 (from soda==1.2.0->soda-postgres->-r /tmp/venvuevdzefj/requirements.txt (line 2))
[2024-01-12T16:16:04.634-0300] {process_utils.py:190} INFO -   Using cached sqlparse-0.4.4-py3-none-any.whl (41 kB)
[2024-01-12T16:16:05.193-0300] {process_utils.py:190} INFO - Collecting inflect~=7.0 (from soda==1.2.0->soda-postgres->-r /tmp/venvuevdzefj/requirements.txt (line 2))
[2024-01-12T16:16:05.195-0300] {process_utils.py:190} INFO -   Using cached inflect-7.0.0-py3-none-any.whl.metadata (21 kB)
[2024-01-12T16:16:05.713-0300] {process_utils.py:190} INFO - Collecting soda-freshness<1.0.0,>=0.0.5 (from soda==1.2.0->soda-postgres->-r /tmp/venvuevdzefj/requirements.txt (line 2))
[2024-01-12T16:16:05.972-0300] {process_utils.py:190} INFO -   Downloading https://pypi.cloud.soda.io/packages/soda_freshness-0.0.5-py3-none-any.whl (4.3 kB)
[2024-01-12T16:16:06.487-0300] {process_utils.py:190} INFO - Collecting ia-questionary (from soda==1.2.0->soda-postgres->-r /tmp/venvuevdzefj/requirements.txt (line 2))
[2024-01-12T16:16:06.791-0300] {process_utils.py:190} INFO -   Downloading https://pypi.cloud.soda.io/packages/ia_questionary-1.10.0-py3-none-any.whl (35 kB)
[2024-01-12T16:16:07.433-0300] {process_utils.py:190} INFO - Collecting rich<14.0.0,>=13.3.3 (from soda==1.2.0->soda-postgres->-r /tmp/venvuevdzefj/requirements.txt (line 2))
[2024-01-12T16:16:07.435-0300] {process_utils.py:190} INFO -   Using cached rich-13.7.0-py3-none-any.whl.metadata (18 kB)
[2024-01-12T16:16:07.990-0300] {process_utils.py:190} INFO - Collecting typer<1.0.0,>=0.7.0 (from soda==1.2.0->soda-postgres->-r /tmp/venvuevdzefj/requirements.txt (line 2))
[2024-01-12T16:16:07.992-0300] {process_utils.py:190} INFO -   Using cached typer-0.9.0-py3-none-any.whl (45 kB)
[2024-01-12T16:16:08.676-0300] {process_utils.py:190} INFO - Collecting pydantic<3.0.0,>=2.0.0 (from soda==1.2.0->soda-postgres->-r /tmp/venvuevdzefj/requirements.txt (line 2))
[2024-01-12T16:16:08.678-0300] {process_utils.py:190} INFO -   Using cached pydantic-2.5.3-py3-none-any.whl.metadata (65 kB)
[2024-01-12T16:16:09.251-0300] {process_utils.py:190} INFO - Collecting pyyaml<7.0.0,>=5.4.1 (from soda==1.2.0->soda-postgres->-r /tmp/venvuevdzefj/requirements.txt (line 2))
[2024-01-12T16:16:09.253-0300] {process_utils.py:190} INFO -   Using cached PyYAML-6.0.1-cp310-cp310-manylinux_2_17_x86_64.manylinux2014_x86_64.whl.metadata (2.1 kB)
[2024-01-12T16:16:09.798-0300] {process_utils.py:190} INFO - Collecting segment-analytics-python<3.0.0 (from soda==1.2.0->soda-postgres->-r /tmp/venvuevdzefj/requirements.txt (line 2))
[2024-01-12T16:16:09.801-0300] {process_utils.py:190} INFO -   Using cached segment_analytics_python-2.2.3-py2.py3-none-any.whl.metadata (1.6 kB)
[2024-01-12T16:16:10.474-0300] {process_utils.py:190} INFO - Collecting pandas<2.0.0,>=1.3.5 (from soda==1.2.0->soda-postgres->-r /tmp/venvuevdzefj/requirements.txt (line 2))
[2024-01-12T16:16:10.476-0300] {process_utils.py:190} INFO -   Using cached pandas-1.5.3-cp310-cp310-manylinux_2_17_x86_64.manylinux2014_x86_64.whl (12.1 MB)
[2024-01-12T16:16:11.091-0300] {process_utils.py:190} INFO - Collecting deepdiff~=6.3 (from soda==1.2.0->soda-postgres->-r /tmp/venvuevdzefj/requirements.txt (line 2))
[2024-01-12T16:16:11.092-0300] {process_utils.py:190} INFO -   Using cached deepdiff-6.7.1-py3-none-any.whl.metadata (6.1 kB)
[2024-01-12T16:16:11.103-0300] {process_utils.py:190} INFO - Requirement already satisfied: wheel in /tmp/venvuevdzefj/lib/python3.10/site-packages (from soda-scientific->-r /tmp/venvuevdzefj/requirements.txt (line 3)) (0.42.0)
[2024-01-12T16:16:11.758-0300] {process_utils.py:190} INFO - Collecting scipy>=1.8.0 (from soda-scientific->-r /tmp/venvuevdzefj/requirements.txt (line 3))
[2024-01-12T16:16:11.759-0300] {process_utils.py:190} INFO -   Using cached scipy-1.11.4-cp310-cp310-manylinux_2_17_x86_64.manylinux2014_x86_64.whl.metadata (60 kB)
[2024-01-12T16:16:12.497-0300] {process_utils.py:190} INFO - Collecting numpy<2.0.0,>=1.23.3 (from soda-scientific->-r /tmp/venvuevdzefj/requirements.txt (line 3))
[2024-01-12T16:16:12.499-0300] {process_utils.py:190} INFO -   Using cached numpy-1.26.3-cp310-cp310-manylinux_2_17_x86_64.manylinux2014_x86_64.whl.metadata (61 kB)
[2024-01-12T16:16:13.063-0300] {process_utils.py:190} INFO - Collecting inflection==0.5.1 (from soda-scientific->-r /tmp/venvuevdzefj/requirements.txt (line 3))
[2024-01-12T16:16:13.064-0300] {process_utils.py:190} INFO -   Using cached inflection-0.5.1-py2.py3-none-any.whl (9.5 kB)
[2024-01-12T16:16:13.631-0300] {process_utils.py:190} INFO - Collecting httpx<2.0.0,>=0.18.1 (from soda-scientific->-r /tmp/venvuevdzefj/requirements.txt (line 3))
[2024-01-12T16:16:13.636-0300] {process_utils.py:190} INFO -   Using cached httpx-0.26.0-py3-none-any.whl.metadata (7.6 kB)
[2024-01-12T16:16:14.506-0300] {process_utils.py:190} INFO - Collecting cython>=0.22 (from soda-scientific->-r /tmp/venvuevdzefj/requirements.txt (line 3))
[2024-01-12T16:16:14.508-0300] {process_utils.py:190} INFO -   Using cached Cython-3.0.8-cp310-cp310-manylinux_2_17_x86_64.manylinux2014_x86_64.whl.metadata (3.2 kB)
[2024-01-12T16:16:15.054-0300] {process_utils.py:190} INFO - Collecting prophet<2.0.0,>=1.1.0 (from soda-scientific->-r /tmp/venvuevdzefj/requirements.txt (line 3))
[2024-01-12T16:16:15.056-0300] {process_utils.py:190} INFO -   Using cached prophet-1.1.5-py3-none-manylinux_2_17_x86_64.manylinux2014_x86_64.whl.metadata (3.5 kB)
[2024-01-12T16:16:15.639-0300] {process_utils.py:190} INFO - Collecting anyio (from httpx<2.0.0,>=0.18.1->soda-scientific->-r /tmp/venvuevdzefj/requirements.txt (line 3))
[2024-01-12T16:16:15.641-0300] {process_utils.py:190} INFO -   Using cached anyio-4.2.0-py3-none-any.whl.metadata (4.6 kB)
[2024-01-12T16:16:16.208-0300] {process_utils.py:190} INFO - Collecting certifi (from httpx<2.0.0,>=0.18.1->soda-scientific->-r /tmp/venvuevdzefj/requirements.txt (line 3))
[2024-01-12T16:16:16.210-0300] {process_utils.py:190} INFO -   Using cached certifi-2023.11.17-py3-none-any.whl.metadata (2.2 kB)
[2024-01-12T16:16:16.787-0300] {process_utils.py:190} INFO - Collecting httpcore==1.* (from httpx<2.0.0,>=0.18.1->soda-scientific->-r /tmp/venvuevdzefj/requirements.txt (line 3))
[2024-01-12T16:16:16.789-0300] {process_utils.py:190} INFO -   Using cached httpcore-1.0.2-py3-none-any.whl.metadata (20 kB)
[2024-01-12T16:16:17.352-0300] {process_utils.py:190} INFO - Collecting idna (from httpx<2.0.0,>=0.18.1->soda-scientific->-r /tmp/venvuevdzefj/requirements.txt (line 3))
[2024-01-12T16:16:17.354-0300] {process_utils.py:190} INFO -   Using cached idna-3.6-py3-none-any.whl.metadata (9.9 kB)
[2024-01-12T16:16:17.900-0300] {process_utils.py:190} INFO - Collecting sniffio (from httpx<2.0.0,>=0.18.1->soda-scientific->-r /tmp/venvuevdzefj/requirements.txt (line 3))
[2024-01-12T16:16:17.902-0300] {process_utils.py:190} INFO -   Using cached sniffio-1.3.0-py3-none-any.whl (10 kB)
[2024-01-12T16:16:18.464-0300] {process_utils.py:190} INFO - Collecting h11<0.15,>=0.13 (from httpcore==1.*->httpx<2.0.0,>=0.18.1->soda-scientific->-r /tmp/venvuevdzefj/requirements.txt (line 3))
[2024-01-12T16:16:18.468-0300] {process_utils.py:190} INFO -   Using cached h11-0.14.0-py3-none-any.whl (58 kB)
[2024-01-12T16:16:19.043-0300] {process_utils.py:190} INFO - Collecting python-dateutil>=2.8.1 (from pandas<2.0.0,>=1.3.5->soda==1.2.0->soda-postgres->-r /tmp/venvuevdzefj/requirements.txt (line 2))
[2024-01-12T16:16:19.045-0300] {process_utils.py:190} INFO -   Using cached python_dateutil-2.8.2-py2.py3-none-any.whl (247 kB)
[2024-01-12T16:16:19.646-0300] {process_utils.py:190} INFO - Collecting pytz>=2020.1 (from pandas<2.0.0,>=1.3.5->soda==1.2.0->soda-postgres->-r /tmp/venvuevdzefj/requirements.txt (line 2))
[2024-01-12T16:16:19.648-0300] {process_utils.py:190} INFO -   Using cached pytz-2023.3.post1-py2.py3-none-any.whl.metadata (22 kB)
[2024-01-12T16:16:20.235-0300] {process_utils.py:190} INFO - Collecting cmdstanpy>=1.0.4 (from prophet<2.0.0,>=1.1.0->soda-scientific->-r /tmp/venvuevdzefj/requirements.txt (line 3))
[2024-01-12T16:16:20.236-0300] {process_utils.py:190} INFO -   Using cached cmdstanpy-1.2.0-py3-none-any.whl.metadata (3.9 kB)
[2024-01-12T16:16:20.913-0300] {process_utils.py:190} INFO - Collecting matplotlib>=2.0.0 (from prophet<2.0.0,>=1.1.0->soda-scientific->-r /tmp/venvuevdzefj/requirements.txt (line 3))
[2024-01-12T16:16:20.916-0300] {process_utils.py:190} INFO -   Using cached matplotlib-3.8.2-cp310-cp310-manylinux_2_17_x86_64.manylinux2014_x86_64.whl.metadata (5.8 kB)
[2024-01-12T16:16:21.486-0300] {process_utils.py:190} INFO - Collecting holidays>=0.25 (from prophet<2.0.0,>=1.1.0->soda-scientific->-r /tmp/venvuevdzefj/requirements.txt (line 3))
[2024-01-12T16:16:21.488-0300] {process_utils.py:190} INFO -   Using cached holidays-0.40-py3-none-any.whl.metadata (21 kB)
[2024-01-12T16:16:22.082-0300] {process_utils.py:190} INFO - Collecting tqdm>=4.36.1 (from prophet<2.0.0,>=1.1.0->soda-scientific->-r /tmp/venvuevdzefj/requirements.txt (line 3))
[2024-01-12T16:16:22.085-0300] {process_utils.py:190} INFO -   Using cached tqdm-4.66.1-py3-none-any.whl.metadata (57 kB)
[2024-01-12T16:16:22.660-0300] {process_utils.py:190} INFO - Collecting importlib-resources (from prophet<2.0.0,>=1.1.0->soda-scientific->-r /tmp/venvuevdzefj/requirements.txt (line 3))
[2024-01-12T16:16:22.662-0300] {process_utils.py:190} INFO -   Using cached importlib_resources-6.1.1-py3-none-any.whl.metadata (4.1 kB)
[2024-01-12T16:16:23.234-0300] {process_utils.py:190} INFO - Collecting annotated-types>=0.4.0 (from pydantic<3.0.0,>=2.0.0->soda==1.2.0->soda-postgres->-r /tmp/venvuevdzefj/requirements.txt (line 2))
[2024-01-12T16:16:23.237-0300] {process_utils.py:190} INFO -   Using cached annotated_types-0.6.0-py3-none-any.whl.metadata (12 kB)
[2024-01-12T16:16:24.526-0300] {process_utils.py:190} INFO - Collecting pydantic-core==2.14.6 (from pydantic<3.0.0,>=2.0.0->soda==1.2.0->soda-postgres->-r /tmp/venvuevdzefj/requirements.txt (line 2))
[2024-01-12T16:16:24.528-0300] {process_utils.py:190} INFO -   Using cached pydantic_core-2.14.6-cp310-cp310-manylinux_2_17_x86_64.manylinux2014_x86_64.whl.metadata (6.5 kB)
[2024-01-12T16:16:25.086-0300] {process_utils.py:190} INFO - Collecting typing-extensions>=4.6.1 (from pydantic<3.0.0,>=2.0.0->soda==1.2.0->soda-postgres->-r /tmp/venvuevdzefj/requirements.txt (line 2))
[2024-01-12T16:16:25.088-0300] {process_utils.py:190} INFO -   Using cached typing_extensions-4.9.0-py3-none-any.whl.metadata (3.0 kB)
[2024-01-12T16:16:25.737-0300] {process_utils.py:190} INFO - Collecting stanio~=0.3.0 (from cmdstanpy>=1.0.4->prophet<2.0.0,>=1.1.0->soda-scientific->-r /tmp/venvuevdzefj/requirements.txt (line 3))
[2024-01-12T16:16:25.739-0300] {process_utils.py:190} INFO -   Using cached stanio-0.3.0-py3-none-any.whl.metadata (963 bytes)
[2024-01-12T16:16:26.296-0300] {process_utils.py:190} INFO - Collecting ordered-set<4.2.0,>=4.0.2 (from deepdiff~=6.3->soda==1.2.0->soda-postgres->-r /tmp/venvuevdzefj/requirements.txt (line 2))
[2024-01-12T16:16:26.297-0300] {process_utils.py:190} INFO -   Using cached ordered_set-4.1.0-py3-none-any.whl (7.6 kB)
[2024-01-12T16:16:26.967-0300] {process_utils.py:190} INFO - Collecting contourpy>=1.0.1 (from matplotlib>=2.0.0->prophet<2.0.0,>=1.1.0->soda-scientific->-r /tmp/venvuevdzefj/requirements.txt (line 3))
[2024-01-12T16:16:26.970-0300] {process_utils.py:190} INFO -   Using cached contourpy-1.2.0-cp310-cp310-manylinux_2_17_x86_64.manylinux2014_x86_64.whl.metadata (5.8 kB)
[2024-01-12T16:16:27.517-0300] {process_utils.py:190} INFO - Collecting cycler>=0.10 (from matplotlib>=2.0.0->prophet<2.0.0,>=1.1.0->soda-scientific->-r /tmp/venvuevdzefj/requirements.txt (line 3))
[2024-01-12T16:16:27.520-0300] {process_utils.py:190} INFO -   Using cached cycler-0.12.1-py3-none-any.whl.metadata (3.8 kB)
[2024-01-12T16:16:28.290-0300] {process_utils.py:190} INFO - Collecting fonttools>=4.22.0 (from matplotlib>=2.0.0->prophet<2.0.0,>=1.1.0->soda-scientific->-r /tmp/venvuevdzefj/requirements.txt (line 3))
[2024-01-12T16:16:28.292-0300] {process_utils.py:190} INFO -   Using cached fonttools-4.47.2-cp310-cp310-manylinux_2_17_x86_64.manylinux2014_x86_64.whl.metadata (157 kB)
[2024-01-12T16:16:28.880-0300] {process_utils.py:190} INFO - Collecting kiwisolver>=1.3.1 (from matplotlib>=2.0.0->prophet<2.0.0,>=1.1.0->soda-scientific->-r /tmp/venvuevdzefj/requirements.txt (line 3))
[2024-01-12T16:16:28.883-0300] {process_utils.py:190} INFO -   Using cached kiwisolver-1.4.5-cp310-cp310-manylinux_2_12_x86_64.manylinux2010_x86_64.whl.metadata (6.4 kB)
[2024-01-12T16:16:29.446-0300] {process_utils.py:190} INFO - Collecting packaging>=20.0 (from matplotlib>=2.0.0->prophet<2.0.0,>=1.1.0->soda-scientific->-r /tmp/venvuevdzefj/requirements.txt (line 3))
[2024-01-12T16:16:29.448-0300] {process_utils.py:190} INFO -   Using cached packaging-23.2-py3-none-any.whl.metadata (3.2 kB)
[2024-01-12T16:16:30.206-0300] {process_utils.py:190} INFO - Collecting pillow>=8 (from matplotlib>=2.0.0->prophet<2.0.0,>=1.1.0->soda-scientific->-r /tmp/venvuevdzefj/requirements.txt (line 3))
[2024-01-12T16:16:30.208-0300] {process_utils.py:190} INFO -   Using cached pillow-10.2.0-cp310-cp310-manylinux_2_28_x86_64.whl.metadata (9.7 kB)
[2024-01-12T16:16:30.788-0300] {process_utils.py:190} INFO - Collecting pyparsing>=2.3.1 (from matplotlib>=2.0.0->prophet<2.0.0,>=1.1.0->soda-scientific->-r /tmp/venvuevdzefj/requirements.txt (line 3))
[2024-01-12T16:16:30.790-0300] {process_utils.py:190} INFO -   Using cached pyparsing-3.1.1-py3-none-any.whl.metadata (5.1 kB)
[2024-01-12T16:16:31.361-0300] {process_utils.py:190} INFO - Collecting deprecated>=1.2.6 (from opentelemetry-api~=1.16.0->soda==1.2.0->soda-postgres->-r /tmp/venvuevdzefj/requirements.txt (line 2))
[2024-01-12T16:16:31.363-0300] {process_utils.py:190} INFO -   Using cached Deprecated-1.2.14-py2.py3-none-any.whl.metadata (5.4 kB)
[2024-01-12T16:16:31.364-0300] {process_utils.py:190} INFO - Requirement already satisfied: setuptools>=16.0 in /tmp/venvuevdzefj/lib/python3.10/site-packages (from opentelemetry-api~=1.16.0->soda==1.2.0->soda-postgres->-r /tmp/venvuevdzefj/requirements.txt (line 2)) (69.0.3)
[2024-01-12T16:16:31.943-0300] {process_utils.py:190} INFO - Collecting backoff<3.0.0,>=1.10.0 (from opentelemetry-exporter-otlp-proto-http~=1.16.0->soda==1.2.0->soda-postgres->-r /tmp/venvuevdzefj/requirements.txt (line 2))
[2024-01-12T16:16:31.945-0300] {process_utils.py:190} INFO -   Using cached backoff-2.2.1-py3-none-any.whl (15 kB)
[2024-01-12T16:16:32.506-0300] {process_utils.py:190} INFO - Collecting googleapis-common-protos~=1.52 (from opentelemetry-exporter-otlp-proto-http~=1.16.0->soda==1.2.0->soda-postgres->-r /tmp/venvuevdzefj/requirements.txt (line 2))
[2024-01-12T16:16:32.508-0300] {process_utils.py:190} INFO -   Using cached googleapis_common_protos-1.62.0-py2.py3-none-any.whl.metadata (1.5 kB)
[2024-01-12T16:16:33.077-0300] {process_utils.py:190} INFO - Collecting opentelemetry-proto==1.16.0 (from opentelemetry-exporter-otlp-proto-http~=1.16.0->soda==1.2.0->soda-postgres->-r /tmp/venvuevdzefj/requirements.txt (line 2))
[2024-01-12T16:16:33.078-0300] {process_utils.py:190} INFO -   Using cached opentelemetry_proto-1.16.0-py3-none-any.whl (52 kB)
[2024-01-12T16:16:33.635-0300] {process_utils.py:190} INFO - Collecting opentelemetry-sdk~=1.16.0 (from opentelemetry-exporter-otlp-proto-http~=1.16.0->soda==1.2.0->soda-postgres->-r /tmp/venvuevdzefj/requirements.txt (line 2))
[2024-01-12T16:16:33.637-0300] {process_utils.py:190} INFO -   Using cached opentelemetry_sdk-1.16.0-py3-none-any.whl (94 kB)
[2024-01-12T16:16:34.403-0300] {process_utils.py:190} INFO - Collecting protobuf<5.0,>=3.19 (from opentelemetry-proto==1.16.0->opentelemetry-exporter-otlp-proto-http~=1.16.0->soda==1.2.0->soda-postgres->-r /tmp/venvuevdzefj/requirements.txt (line 2))
[2024-01-12T16:16:34.406-0300] {process_utils.py:190} INFO -   Using cached protobuf-4.25.2-cp37-abi3-manylinux2014_x86_64.whl.metadata (541 bytes)
[2024-01-12T16:16:34.968-0300] {process_utils.py:190} INFO - Collecting six>=1.5 (from python-dateutil>=2.8.1->pandas<2.0.0,>=1.3.5->soda==1.2.0->soda-postgres->-r /tmp/venvuevdzefj/requirements.txt (line 2))
[2024-01-12T16:16:34.971-0300] {process_utils.py:190} INFO -   Using cached six-1.16.0-py2.py3-none-any.whl (11 kB)
[2024-01-12T16:16:35.606-0300] {process_utils.py:190} INFO - Collecting charset-normalizer<4,>=2 (from requests~=2.28->soda==1.2.0->soda-postgres->-r /tmp/venvuevdzefj/requirements.txt (line 2))
[2024-01-12T16:16:35.609-0300] {process_utils.py:190} INFO -   Using cached charset_normalizer-3.3.2-cp310-cp310-manylinux_2_17_x86_64.manylinux2014_x86_64.whl.metadata (33 kB)
[2024-01-12T16:16:36.196-0300] {process_utils.py:190} INFO - Collecting urllib3<3,>=1.21.1 (from requests~=2.28->soda==1.2.0->soda-postgres->-r /tmp/venvuevdzefj/requirements.txt (line 2))
[2024-01-12T16:16:36.200-0300] {process_utils.py:190} INFO -   Using cached urllib3-2.1.0-py3-none-any.whl.metadata (6.4 kB)
[2024-01-12T16:16:36.898-0300] {process_utils.py:190} INFO - Collecting markdown-it-py>=2.2.0 (from rich<14.0.0,>=13.3.3->soda==1.2.0->soda-postgres->-r /tmp/venvuevdzefj/requirements.txt (line 2))
[2024-01-12T16:16:36.901-0300] {process_utils.py:190} INFO -   Using cached markdown_it_py-3.0.0-py3-none-any.whl.metadata (6.9 kB)
[2024-01-12T16:16:37.472-0300] {process_utils.py:190} INFO - Collecting pygments<3.0.0,>=2.13.0 (from rich<14.0.0,>=13.3.3->soda==1.2.0->soda-postgres->-r /tmp/venvuevdzefj/requirements.txt (line 2))
[2024-01-12T16:16:37.475-0300] {process_utils.py:190} INFO -   Using cached pygments-2.17.2-py3-none-any.whl.metadata (2.6 kB)
[2024-01-12T16:16:38.054-0300] {process_utils.py:190} INFO - Collecting ruamel.yaml.clib>=0.2.7 (from ruamel.yaml<0.18.0,>=0.17.0->soda==1.2.0->soda-postgres->-r /tmp/venvuevdzefj/requirements.txt (line 2))
[2024-01-12T16:16:38.056-0300] {process_utils.py:190} INFO -   Using cached ruamel.yaml.clib-0.2.8-cp310-cp310-manylinux_2_17_x86_64.manylinux2014_x86_64.manylinux_2_24_x86_64.whl.metadata (2.2 kB)
[2024-01-12T16:16:38.623-0300] {process_utils.py:190} INFO - Collecting monotonic~=1.5 (from segment-analytics-python<3.0.0->soda==1.2.0->soda-postgres->-r /tmp/venvuevdzefj/requirements.txt (line 2))
[2024-01-12T16:16:38.626-0300] {process_utils.py:190} INFO -   Using cached monotonic-1.6-py2.py3-none-any.whl (8.2 kB)
[2024-01-12T16:16:39.381-0300] {process_utils.py:190} INFO - Collecting exceptiongroup>=1.0.2 (from anyio->httpx<2.0.0,>=0.18.1->soda-scientific->-r /tmp/venvuevdzefj/requirements.txt (line 3))
[2024-01-12T16:16:39.385-0300] {process_utils.py:190} INFO -   Using cached exceptiongroup-1.2.0-py3-none-any.whl.metadata (6.6 kB)
[2024-01-12T16:16:39.995-0300] {process_utils.py:190} INFO - Collecting prompt_toolkit<=3.0.36,>=2.0 (from ia-questionary->soda==1.2.0->soda-postgres->-r /tmp/venvuevdzefj/requirements.txt (line 2))
[2024-01-12T16:16:39.998-0300] {process_utils.py:190} INFO -   Using cached prompt_toolkit-3.0.36-py3-none-any.whl (386 kB)
[2024-01-12T16:16:40.767-0300] {process_utils.py:190} INFO - Collecting wrapt<2,>=1.10 (from deprecated>=1.2.6->opentelemetry-api~=1.16.0->soda==1.2.0->soda-postgres->-r /tmp/venvuevdzefj/requirements.txt (line 2))
[2024-01-12T16:16:40.771-0300] {process_utils.py:190} INFO -   Using cached wrapt-1.16.0-cp310-cp310-manylinux_2_5_x86_64.manylinux1_x86_64.manylinux_2_17_x86_64.manylinux2014_x86_64.whl.metadata (6.6 kB)
[2024-01-12T16:16:41.524-0300] {process_utils.py:190} INFO - Collecting mdurl~=0.1 (from markdown-it-py>=2.2.0->rich<14.0.0,>=13.3.3->soda==1.2.0->soda-postgres->-r /tmp/venvuevdzefj/requirements.txt (line 2))
[2024-01-12T16:16:41.526-0300] {process_utils.py:190} INFO -   Using cached mdurl-0.1.2-py3-none-any.whl (10.0 kB)
[2024-01-12T16:16:42.112-0300] {process_utils.py:190} INFO - Collecting opentelemetry-semantic-conventions==0.37b0 (from opentelemetry-sdk~=1.16.0->opentelemetry-exporter-otlp-proto-http~=1.16.0->soda==1.2.0->soda-postgres->-r /tmp/venvuevdzefj/requirements.txt (line 2))
[2024-01-12T16:16:42.113-0300] {process_utils.py:190} INFO -   Using cached opentelemetry_semantic_conventions-0.37b0-py3-none-any.whl (26 kB)
[2024-01-12T16:16:42.776-0300] {process_utils.py:190} INFO - Collecting wcwidth (from prompt_toolkit<=3.0.36,>=2.0->ia-questionary->soda==1.2.0->soda-postgres->-r /tmp/venvuevdzefj/requirements.txt (line 2))
[2024-01-12T16:16:42.778-0300] {process_utils.py:190} INFO -   Using cached wcwidth-0.2.13-py2.py3-none-any.whl.metadata (14 kB)
[2024-01-12T16:16:43.052-0300] {process_utils.py:190} INFO - Using cached Cython-3.0.8-cp310-cp310-manylinux_2_17_x86_64.manylinux2014_x86_64.whl (3.6 MB)
[2024-01-12T16:16:43.064-0300] {process_utils.py:190} INFO - Using cached httpx-0.26.0-py3-none-any.whl (75 kB)
[2024-01-12T16:16:43.069-0300] {process_utils.py:190} INFO - Using cached httpcore-1.0.2-py3-none-any.whl (76 kB)
[2024-01-12T16:16:43.075-0300] {process_utils.py:190} INFO - Using cached numpy-1.26.3-cp310-cp310-manylinux_2_17_x86_64.manylinux2014_x86_64.whl (18.2 MB)
[2024-01-12T16:16:43.119-0300] {process_utils.py:190} INFO - Using cached prophet-1.1.5-py3-none-manylinux_2_17_x86_64.manylinux2014_x86_64.whl (14.4 MB)
[2024-01-12T16:16:43.146-0300] {process_utils.py:190} INFO - Using cached psycopg2_binary-2.9.9-cp310-cp310-manylinux_2_17_x86_64.manylinux2014_x86_64.whl (3.0 MB)
[2024-01-12T16:16:43.155-0300] {process_utils.py:190} INFO - Using cached pydantic-2.5.3-py3-none-any.whl (381 kB)
[2024-01-12T16:16:43.157-0300] {process_utils.py:190} INFO - Using cached pydantic_core-2.14.6-cp310-cp310-manylinux_2_17_x86_64.manylinux2014_x86_64.whl (2.1 MB)
[2024-01-12T16:16:43.163-0300] {process_utils.py:190} INFO - Using cached PyYAML-6.0.1-cp310-cp310-manylinux_2_17_x86_64.manylinux2014_x86_64.whl (705 kB)
[2024-01-12T16:16:43.171-0300] {process_utils.py:190} INFO - Using cached scipy-1.11.4-cp310-cp310-manylinux_2_17_x86_64.manylinux2014_x86_64.whl (36.4 MB)
[2024-01-12T16:16:43.236-0300] {process_utils.py:190} INFO - Using cached annotated_types-0.6.0-py3-none-any.whl (12 kB)
[2024-01-12T16:16:43.239-0300] {process_utils.py:190} INFO - Using cached click-8.1.7-py3-none-any.whl (97 kB)
[2024-01-12T16:16:43.242-0300] {process_utils.py:190} INFO - Using cached cmdstanpy-1.2.0-py3-none-any.whl (93 kB)
[2024-01-12T16:16:43.245-0300] {process_utils.py:190} INFO - Using cached deepdiff-6.7.1-py3-none-any.whl (76 kB)
[2024-01-12T16:16:43.251-0300] {process_utils.py:190} INFO - Using cached holidays-0.40-py3-none-any.whl (889 kB)
[2024-01-12T16:16:43.256-0300] {process_utils.py:190} INFO - Using cached inflect-7.0.0-py3-none-any.whl (34 kB)
[2024-01-12T16:16:43.258-0300] {process_utils.py:190} INFO - Using cached Jinja2-3.1.3-py3-none-any.whl (133 kB)
[2024-01-12T16:16:43.260-0300] {process_utils.py:190} INFO - Using cached matplotlib-3.8.2-cp310-cp310-manylinux_2_17_x86_64.manylinux2014_x86_64.whl (11.6 MB)
[2024-01-12T16:16:43.291-0300] {process_utils.py:190} INFO - Using cached pytz-2023.3.post1-py2.py3-none-any.whl (502 kB)
[2024-01-12T16:16:43.296-0300] {process_utils.py:190} INFO - Using cached requests-2.31.0-py3-none-any.whl (62 kB)
[2024-01-12T16:16:43.301-0300] {process_utils.py:190} INFO - Using cached certifi-2023.11.17-py3-none-any.whl (162 kB)
[2024-01-12T16:16:43.305-0300] {process_utils.py:190} INFO - Using cached idna-3.6-py3-none-any.whl (61 kB)
[2024-01-12T16:16:43.308-0300] {process_utils.py:190} INFO - Using cached rich-13.7.0-py3-none-any.whl (240 kB)
[2024-01-12T16:16:43.321-0300] {process_utils.py:190} INFO - Using cached ruamel.yaml-0.17.40-py3-none-any.whl (113 kB)
[2024-01-12T16:16:43.324-0300] {process_utils.py:190} INFO - Using cached segment_analytics_python-2.2.3-py2.py3-none-any.whl (24 kB)
[2024-01-12T16:16:43.337-0300] {process_utils.py:190} INFO - Using cached tqdm-4.66.1-py3-none-any.whl (78 kB)
[2024-01-12T16:16:43.341-0300] {process_utils.py:190} INFO - Using cached typing_extensions-4.9.0-py3-none-any.whl (32 kB)
[2024-01-12T16:16:43.352-0300] {process_utils.py:190} INFO - Using cached anyio-4.2.0-py3-none-any.whl (85 kB)
[2024-01-12T16:16:43.355-0300] {process_utils.py:190} INFO - Using cached importlib_resources-6.1.1-py3-none-any.whl (33 kB)
[2024-01-12T16:16:43.358-0300] {process_utils.py:190} INFO - Using cached charset_normalizer-3.3.2-cp310-cp310-manylinux_2_17_x86_64.manylinux2014_x86_64.whl (142 kB)
[2024-01-12T16:16:43.371-0300] {process_utils.py:190} INFO - Using cached contourpy-1.2.0-cp310-cp310-manylinux_2_17_x86_64.manylinux2014_x86_64.whl (310 kB)
[2024-01-12T16:16:43.385-0300] {process_utils.py:190} INFO - Using cached cycler-0.12.1-py3-none-any.whl (8.3 kB)
[2024-01-12T16:16:43.388-0300] {process_utils.py:190} INFO - Using cached Deprecated-1.2.14-py2.py3-none-any.whl (9.6 kB)
[2024-01-12T16:16:43.391-0300] {process_utils.py:190} INFO - Using cached exceptiongroup-1.2.0-py3-none-any.whl (16 kB)
[2024-01-12T16:16:43.394-0300] {process_utils.py:190} INFO - Using cached fonttools-4.47.2-cp310-cp310-manylinux_2_17_x86_64.manylinux2014_x86_64.whl (4.6 MB)
[2024-01-12T16:16:43.430-0300] {process_utils.py:190} INFO - Using cached googleapis_common_protos-1.62.0-py2.py3-none-any.whl (228 kB)
[2024-01-12T16:16:43.435-0300] {process_utils.py:190} INFO - Using cached kiwisolver-1.4.5-cp310-cp310-manylinux_2_12_x86_64.manylinux2010_x86_64.whl (1.6 MB)
[2024-01-12T16:16:43.443-0300] {process_utils.py:190} INFO - Using cached markdown_it_py-3.0.0-py3-none-any.whl (87 kB)
[2024-01-12T16:16:43.457-0300] {process_utils.py:190} INFO - Using cached packaging-23.2-py3-none-any.whl (53 kB)
[2024-01-12T16:16:43.460-0300] {process_utils.py:190} INFO - Using cached pillow-10.2.0-cp310-cp310-manylinux_2_28_x86_64.whl (4.5 MB)
[2024-01-12T16:16:43.476-0300] {process_utils.py:190} INFO - Using cached pygments-2.17.2-py3-none-any.whl (1.2 MB)
[2024-01-12T16:16:43.482-0300] {process_utils.py:190} INFO - Using cached pyparsing-3.1.1-py3-none-any.whl (103 kB)
[2024-01-12T16:16:43.485-0300] {process_utils.py:190} INFO - Using cached ruamel.yaml.clib-0.2.8-cp310-cp310-manylinux_2_17_x86_64.manylinux2014_x86_64.manylinux_2_24_x86_64.whl (526 kB)
[2024-01-12T16:16:43.488-0300] {process_utils.py:190} INFO - Using cached stanio-0.3.0-py3-none-any.whl (6.2 kB)
[2024-01-12T16:16:43.489-0300] {process_utils.py:190} INFO - Using cached urllib3-2.1.0-py3-none-any.whl (104 kB)
[2024-01-12T16:16:43.492-0300] {process_utils.py:190} INFO - Using cached protobuf-4.25.2-cp37-abi3-manylinux2014_x86_64.whl (294 kB)
[2024-01-12T16:16:43.494-0300] {process_utils.py:190} INFO - Using cached wrapt-1.16.0-cp310-cp310-manylinux_2_5_x86_64.manylinux1_x86_64.manylinux_2_17_x86_64.manylinux2014_x86_64.whl (80 kB)
[2024-01-12T16:16:43.496-0300] {process_utils.py:190} INFO - Using cached wcwidth-0.2.13-py2.py3-none-any.whl (34 kB)
[2024-01-12T16:16:44.251-0300] {process_utils.py:190} INFO - Installing collected packages: wcwidth, pytz, monotonic, antlr4-python3-runtime, wrapt, urllib3, typing-extensions, tqdm, sqlparse, sniffio, six, ruamel.yaml.clib, pyyaml, pyparsing, pygments, psycopg2-binary, protobuf, prompt_toolkit, pillow, packaging, ordered-set, opentelemetry-semantic-conventions, numpy, mdurl, markupsafe, kiwisolver, inflection, importlib-resources, idna, h11, fonttools, exceptiongroup, cython, cycler, click, charset-normalizer, certifi, backoff, annotated-types, typer, stanio, scipy, ruamel.yaml, requests, python-dateutil, pydantic-core, opentelemetry-proto, markdown-it-py, Jinja2, ia-questionary, httpcore, googleapis-common-protos, deprecated, deepdiff, contourpy, anyio, segment-analytics-python, rich, pydantic, pandas, opentelemetry-api, matplotlib, httpx, holidays, soda-freshness, opentelemetry-sdk, inflect, cmdstanpy, prophet, opentelemetry-exporter-otlp-proto-http, soda, soda-scientific, soda-postgres
[2024-01-12T16:17:06.431-0300] {process_utils.py:190} INFO - Successfully installed Jinja2-3.1.3 annotated-types-0.6.0 antlr4-python3-runtime-4.11.1 anyio-4.2.0 backoff-2.2.1 certifi-2023.11.17 charset-normalizer-3.3.2 click-8.1.7 cmdstanpy-1.2.0 contourpy-1.2.0 cycler-0.12.1 cython-3.0.8 deepdiff-6.7.1 deprecated-1.2.14 exceptiongroup-1.2.0 fonttools-4.47.2 googleapis-common-protos-1.62.0 h11-0.14.0 holidays-0.40 httpcore-1.0.2 httpx-0.26.0 ia-questionary-1.10.0 idna-3.6 importlib-resources-6.1.1 inflect-7.0.0 inflection-0.5.1 kiwisolver-1.4.5 markdown-it-py-3.0.0 markupsafe-2.1.2 matplotlib-3.8.2 mdurl-0.1.2 monotonic-1.6 numpy-1.26.3 opentelemetry-api-1.16.0 opentelemetry-exporter-otlp-proto-http-1.16.0 opentelemetry-proto-1.16.0 opentelemetry-sdk-1.16.0 opentelemetry-semantic-conventions-0.37b0 ordered-set-4.1.0 packaging-23.2 pandas-1.5.3 pillow-10.2.0 prompt_toolkit-3.0.36 prophet-1.1.5 protobuf-4.25.2 psycopg2-binary-2.9.9 pydantic-2.5.3 pydantic-core-2.14.6 pygments-2.17.2 pyparsing-3.1.1 python-dateutil-2.8.2 pytz-2023.3.post1 pyyaml-6.0.1 requests-2.31.0 rich-13.7.0 ruamel.yaml-0.17.40 ruamel.yaml.clib-0.2.8 scipy-1.11.4 segment-analytics-python-2.2.3 six-1.16.0 sniffio-1.3.0 soda-1.2.0 soda-freshness-0.0.5 soda-postgres-1.2.0 soda-scientific-1.2.0 sqlparse-0.4.4 stanio-0.3.0 tqdm-4.66.1 typer-0.9.0 typing-extensions-4.9.0 urllib3-2.1.0 wcwidth-0.2.13 wrapt-1.16.0
[2024-01-12T16:17:07.485-0300] {process_utils.py:182} INFO - Executing cmd: /tmp/venvuevdzefj/bin/python /tmp/venv-call0gjpu3xf/script.py /tmp/venv-call0gjpu3xf/script.in /tmp/venv-call0gjpu3xf/script.out /tmp/venv-call0gjpu3xf/string_args.txt /tmp/venv-call0gjpu3xf/termination.log
[2024-01-12T16:17:07.486-0300] {process_utils.py:186} INFO - Output:
[2024-01-12T16:17:13.861-0300] {process_utils.py:190} INFO - Running Soda Scan ...
[2024-01-12T16:17:13.862-0300] {process_utils.py:190} INFO - INFO   | Soda Library 1.2.0
[2024-01-12T16:17:13.862-0300] {process_utils.py:190} INFO - INFO   | Soda Core 3.0.47
[2024-01-12T16:17:13.862-0300] {process_utils.py:190} INFO - DEBUG  | Reading configuration file "/home/user/projects/newproj/soda/soda/configuration.yml"
[2024-01-12T16:17:13.862-0300] {process_utils.py:190} INFO - DEBUG  | Reading SodaCL file "/home/user/projects/newproj/soda/soda/checks/transform/fact_product_category.yml"
[2024-01-12T16:17:13.862-0300] {process_utils.py:190} INFO - DEBUG  | Scan execution starts
[2024-01-12T16:17:13.862-0300] {process_utils.py:190} INFO - INFO   | By downloading and using Soda Library, you agree to Soda's Terms & Conditions (https://go.soda.io/t&c) and Privacy Policy (https://go.soda.io/privacy).
[2024-01-12T16:17:13.862-0300] {process_utils.py:190} INFO - DEBUG  | Postgres connection properties: host="localhost", port="None", database="postgres", user="postgres", options="-c search_path=public", connection_timeout="None"
[2024-01-12T16:17:13.862-0300] {process_utils.py:190} INFO - DEBUG  | Query adventureworks.fact_product_category.aggregation[0]:
[2024-01-12T16:17:13.862-0300] {process_utils.py:190} INFO - SELECT
[2024-01-12T16:17:13.862-0300] {process_utils.py:190} INFO -   COUNT(CASE WHEN category_key IS NULL THEN 1 END),
[2024-01-12T16:17:13.862-0300] {process_utils.py:190} INFO -   COUNT(CASE WHEN subcategory_key IS NULL THEN 1 END),
[2024-01-12T16:17:13.862-0300] {process_utils.py:190} INFO -   COUNT(CASE WHEN product_key IS NULL THEN 1 END)
[2024-01-12T16:17:13.862-0300] {process_utils.py:190} INFO - FROM public.fact_product_category
[2024-01-12T16:17:13.863-0300] {process_utils.py:190} INFO - DEBUG  | Query adventureworks.category_key.failed_rows[missing_count]:
[2024-01-12T16:17:13.863-0300] {process_utils.py:190} INFO - SELECT * FROM public.fact_product_category
[2024-01-12T16:17:13.863-0300] {process_utils.py:190} INFO -  WHERE category_key IS NULL
[2024-01-12T16:17:13.863-0300] {process_utils.py:190} INFO -  LIMIT 100
[2024-01-12T16:17:13.863-0300] {process_utils.py:190} INFO - INFO   | Sending failed row samples to Soda Cloud
[2024-01-12T16:17:13.863-0300] {process_utils.py:190} INFO - DEBUG  | Query adventureworks.subcategory_key.failed_rows[missing_count]:
[2024-01-12T16:17:13.863-0300] {process_utils.py:190} INFO - SELECT * FROM public.fact_product_category
[2024-01-12T16:17:13.863-0300] {process_utils.py:190} INFO -  WHERE subcategory_key IS NULL
[2024-01-12T16:17:13.863-0300] {process_utils.py:190} INFO -  LIMIT 100
[2024-01-12T16:17:13.863-0300] {process_utils.py:190} INFO - INFO   | Sending failed row samples to Soda Cloud
[2024-01-12T16:17:13.863-0300] {process_utils.py:190} INFO - INFO   | Scan summary:
[2024-01-12T16:17:13.863-0300] {process_utils.py:190} INFO - DEBUG  | 3/3 queries OK
[2024-01-12T16:17:13.863-0300] {process_utils.py:190} INFO - DEBUG  |   adventureworks.fact_product_category.aggregation[0] [OK] 0:00:00.005150
[2024-01-12T16:17:13.863-0300] {process_utils.py:190} INFO - DEBUG  |   adventureworks.category_key.failed_rows[missing_count] [OK] 0:00:00.942724
[2024-01-12T16:17:13.863-0300] {process_utils.py:190} INFO - DEBUG  |   adventureworks.subcategory_key.failed_rows[missing_count] [OK] 0:00:00.953251
[2024-01-12T16:17:13.863-0300] {process_utils.py:190} INFO - INFO   | 1/3 checks PASSED:
[2024-01-12T16:17:13.863-0300] {process_utils.py:190} INFO - INFO   |     fact_product_category in adventureworks
[2024-01-12T16:17:13.863-0300] {process_utils.py:190} INFO - INFO   |       ALl products have a key [/home/user/projects/newproj/soda/soda/checks/transform/fact_product_category.yml] [PASSED]
[2024-01-12T16:17:13.863-0300] {process_utils.py:190} INFO - INFO   |         check_value: 0
[2024-01-12T16:17:13.863-0300] {process_utils.py:190} INFO - INFO   | 2/3 checks WARNED:
[2024-01-12T16:17:13.864-0300] {process_utils.py:190} INFO - INFO   |     fact_product_category in adventureworks
[2024-01-12T16:17:13.864-0300] {process_utils.py:190} INFO - INFO   |       All products have a category [/home/user/projects/newproj/soda/soda/checks/transform/fact_product_category.yml] [WARNED]
[2024-01-12T16:17:13.864-0300] {process_utils.py:190} INFO - INFO   |         check_value: 209
[2024-01-12T16:17:13.864-0300] {process_utils.py:190} INFO - INFO   |       All products have a subcategory [/home/user/projects/newproj/soda/soda/checks/transform/fact_product_category.yml] [WARNED]
[2024-01-12T16:17:13.864-0300] {process_utils.py:190} INFO - INFO   |         check_value: 209
[2024-01-12T16:17:13.864-0300] {process_utils.py:190} INFO - INFO   | Only 2 warnings. 0 failures. 0 errors. 1 pass.
[2024-01-12T16:17:13.864-0300] {process_utils.py:190} INFO - INFO   | Sending results to Soda Cloud
[2024-01-12T16:17:13.864-0300] {process_utils.py:190} INFO - INFO   | Soda Cloud Trace: 3969698277928201936
[2024-01-12T16:17:14.800-0300] {python.py:201} INFO - Done. Returned value was: 1
[2024-01-12T16:17:14.829-0300] {taskinstance.py:1138} INFO - Marking task as SUCCESS. dag_id=model_adventureworks_sales_category, task_id=checks_transform, execution_date=20240112T191109, start_date=20240112T191552, end_date=20240112T191714
[2024-01-12T16:17:14.857-0300] {local_task_job_runner.py:234} INFO - Task exited with return code 0
[2024-01-12T16:17:14.874-0300] {taskinstance.py:3281} INFO - 1 downstream tasks scheduled from follow-on schedule check
